#
# A fatal error has been detected by the Java Runtime Environment:
#
#  EXCEPTION_ACCESS_VIOLATION (0xc0000005) at pc=0x00007ffdd867e0a9, pid=9592, tid=13748
#
# JRE version: OpenJDK Runtime Environment Microsoft-8035246 (17.0.8+7) (build 17.0.8+7-LTS)
# Java VM: OpenJDK 64-Bit Server VM Microsoft-8035246 (17.0.8+7-LTS, mixed mode, sharing, tiered, compressed oops, compressed class ptrs, g1 gc, windows-amd64)
# Problematic frame:
# V  [jvm.dll+0x2be0a9]
#
# No core dump will be written. Minidumps are not enabled by default on client versions of Windows
#
# If you would like to submit a bug report, please visit:
#   https://github.com/microsoft/openjdk/issues
#

---------------  S U M M A R Y ------------

Command Line: -XX:MaxMetaspaceSize=512m --add-opens=java.base/java.util=ALL-UNNAMED --add-opens=java.base/java.lang=ALL-UNNAMED --add-opens=java.base/java.lang.invoke=ALL-UNNAMED --add-opens=java.prefs/java.util.prefs=ALL-UNNAMED --add-opens=java.base/java.nio.charset=ALL-UNNAMED --add-opens=java.base/java.net=ALL-UNNAMED --add-opens=java.base/java.util.concurrent.atomic=ALL-UNNAMED -Xmx2048m -Dfile.encoding=windows-1252 -Duser.country=IN -Duser.language=en -Duser.variant -javaagent:C:\Users\vishvjeet\.gradle\wrapper\dists\gradle-8.3-all\6en3ugtfdg5xnpx44z4qbwgas\gradle-8.3\lib\agents\gradle-instrumentation-agent-8.3.jar org.gradle.launcher.daemon.bootstrap.GradleDaemon 8.3

Host: AMD A6-7310 APU with AMD Radeon R4 Graphics    , 4 cores, 6G,  Windows 10 , 64 bit Build 19041 (10.0.19041.3636)
Time: Tue Jan 30 10:45:08 2024 India Standard Time elapsed time: 97.640504 seconds (0d 0h 1m 37s)

---------------  T H R E A D  ---------------

Current thread (0x0000025543cf0310):  JavaThread "C2 CompilerThread0" daemon [_thread_in_native, id=13748, stack(0x0000008a54e00000,0x0000008a54f00000)]


Current CompileTask:
C2:  97641 15735   !   4       org.gradle.cache.internal.DefaultMultiProcessSafeIndexedCache::getIfPresent (25 bytes)

Stack: [0x0000008a54e00000,0x0000008a54f00000],  sp=0x0000008a54efb450,  free space=1005k
Native frames: (J=compiled Java code, j=interpreted, Vv=VM code, C=native code)
V  [jvm.dll+0x2be0a9]
V  [jvm.dll+0x21ba8b]
V  [jvm.dll+0x21944b]
V  [jvm.dll+0x1a56b6]
V  [jvm.dll+0x2291ea]
V  [jvm.dll+0x22724c]
V  [jvm.dll+0x7efd0c]
V  [jvm.dll+0x7ea13a]
V  [jvm.dll+0x67ad85]
C  [ucrtbase.dll+0x21bb2]
C  [KERNEL32.DLL+0x17344]
C  [ntdll.dll+0x526b1]


siginfo: EXCEPTION_ACCESS_VIOLATION (0xc0000005), reading address 0x0000000000000028


Register to memory mapping:

RIP=0x00007ffdd867e0a9 jvm.dll
RAX=0x000002556fdc5f60 points into unknown readable memory: 0x0000000000000000 | 00 00 00 00 00 00 00 00
RBX=0x0000000000001b23 is an unknown value
RCX=0x000002556fdd5f60 points into unknown readable memory: 0x0000025543d392d0 | d0 92 d3 43 55 02 00 00
RDX=0x0 is NULL
RSP=0x0000008a54efb450 is pointing into the stack for thread: 0x0000025543cf0310
RBP=0x0000008a54efb4c0 is pointing into the stack for thread: 0x0000025543cf0310
RSI=0x0 is NULL
RDI=0x000000000000004d is an unknown value
R8 =0x0 is NULL
R9 =0x0 is NULL
R10=0x00007ffe18050000 VCRUNTIME140.dll
R11=0x000002556fdc5f80 points into unknown readable memory: 0x0000000000000000 | 00 00 00 00 00 00 00 00
R12=0x0000000000000050 is an unknown value
R13=0x0 is NULL
R14=0x0 is NULL
R15=0x0000008a54efe670 is pointing into the stack for thread: 0x0000025543cf0310


Registers:
RAX=0x000002556fdc5f60, RBX=0x0000000000001b23, RCX=0x000002556fdd5f60, RDX=0x0000000000000000
RSP=0x0000008a54efb450, RBP=0x0000008a54efb4c0, RSI=0x0000000000000000, RDI=0x000000000000004d
R8 =0x0000000000000000, R9 =0x0000000000000000, R10=0x00007ffe18050000, R11=0x000002556fdc5f80
R12=0x0000000000000050, R13=0x0000000000000000, R14=0x0000000000000000, R15=0x0000008a54efe670
RIP=0x00007ffdd867e0a9, EFLAGS=0x0000000000010246

Top of Stack: (sp=0x0000008a54efb450)
0x0000008a54efb450:   0000000000001b23 0000000000000000
0x0000008a54efb460:   0000008a54efe670 00007ffdd85e38d1
0x0000008a54efb470:   0000025543cdfe10 00007ffd00002000
0x0000008a54efb480:   000002556fdc5f60 0000025500000000
0x0000008a54efb490:   0000000000000002 0000025571549320
0x0000008a54efb4a0:   0000000000000002 0000025543cdfe10
0x0000008a54efb4b0:   0000000000000000 0000000000000000
0x0000008a54efb4c0:   0000025543cbdca0 00000255241e62c0
0x0000008a54efb4d0:   000000000000004d 00007ffdd8d04c08
0x0000008a54efb4e0:   0000008a54efb5f0 00007ffdd85dba8b
0x0000008a54efb4f0:   0000008a54efe670 00007ffdd8d04c08
0x0000008a54efb500:   0000008a54efe670 0000008a54efb5f0
0x0000008a54efb510:   0000025500000000 00007ffdd89db7fb
0x0000008a54efb520:   0000008a0000000f 0000008a54efe670
0x0000008a54efb530:   0000008a54efb6a0 0000000000000000
0x0000008a54efb540:   0000025500000100 00007ffdd8d04c08 

Instructions: (pc=0x00007ffdd867e0a9)
0x00007ffdd867dfa9:   3b d0 75 0b ff c1 41 3b c9 7c dc 48 8b c2 c3 33
0x00007ffdd867dfb9:   c0 c3 cc cc cc cc cc 48 89 5c 24 18 55 56 57 41
0x00007ffdd867dfc9:   55 41 57 48 8b ec 48 83 ec 70 65 48 8b 04 25 58
0x00007ffdd867dfd9:   00 00 00 48 8b f2 44 8b 05 d2 8b 90 00 4c 8b f9
0x00007ffdd867dfe9:   4a 8b 1c c0 b8 50 00 00 00 80 3c 18 00 75 05 e8
0x00007ffdd867dff9:   8b 6f 5d 00 b8 20 00 00 00 48 8b 04 18 48 8b 98
0x00007ffdd867e009:   38 02 00 00 48 89 5d b0 c7 45 b8 04 00 00 00 48
0x00007ffdd867e019:   8b 43 18 48 83 f8 df 76 18 4c 8d 05 37 a9 65 00
0x00007ffdd867e029:   ba 20 00 00 00 48 8b cb e8 5a eb de ff 48 8b 43
0x00007ffdd867e039:   18 48 8d 48 20 48 3b 4b 20 76 11 45 33 c0 48 8b
0x00007ffdd867e049:   cb 41 8d 50 20 e8 fd e8 de ff eb 04 48 89 4b 18
0x00007ffdd867e059:   44 8b 45 b8 33 d2 49 c1 e0 03 48 8b c8 48 89 45
0x00007ffdd867e069:   c0 e8 e3 80 5d 00 45 33 ed 48 8d 4d d0 44 89 6d
0x00007ffdd867e079:   c8 e8 01 59 56 00 41 8b 9f 40 02 00 00 41 2b 9f
0x00007ffdd867e089:   68 02 00 00 44 89 6d f0 3b 5d b8 72 0b 8b d3 48
0x00007ffdd867e099:   8d 4d b0 e8 6f b3 39 00 48 8b 45 c0 4c 89 2c d8
0x00007ffdd867e0a9:   8b 7e 28 8b df c1 eb 05 3b 5d d0 72 0b 8b d3 48
0x00007ffdd867e0b9:   8d 4d d0 e8 1f 59 56 00 48 8b 45 d8 83 e7 1f 48
0x00007ffdd867e0c9:   8d 14 98 40 0f b6 cf 41 b8 01 00 00 00 41 d3 e0
0x00007ffdd867e0d9:   8b 0a 8b c1 41 0b c0 89 02 41 85 c8 75 21 8b 5d
0x00007ffdd867e0e9:   c8 8d 43 01 89 45 c8 3b 5d b8 72 0b 8b d3 48 8d
0x00007ffdd867e0f9:   4d b0 e8 10 b3 39 00 48 8b 45 c0 48 89 34 d8 44
0x00007ffdd867e109:   39 6d c8 0f 86 77 01 00 00 4c 89 a4 24 a0 00 00
0x00007ffdd867e119:   00 4c 89 b4 24 a8 00 00 00 48 8b 45 c0 41 8b cd
0x00007ffdd867e129:   48 8b 34 c8 8b 46 2c 25 ff 1f 00 00 3d 04 10 00
0x00007ffdd867e139:   00 0f 85 a7 00 00 00 bb 01 00 00 00 39 5e 18 76
0x00007ffdd867e149:   39 66 0f 1f 44 00 00 48 8b 46 08 8b cb 48 8b 14
0x00007ffdd867e159:   c8 48 85 d2 74 1d 48 83 7a 10 00 74 16 80 7a 2c
0x00007ffdd867e169:   84 74 10 e8 7f 7e ee ff 48 8b d0 49 8b cf e8 a4
0x00007ffdd867e179:   61 f6 ff ff c3 3b 5e 18 72 cd 48 8b 5e 10 8b 46
0x00007ffdd867e189:   20 4c 8d 34 c3 49 3b de 73 54 48 8b 3b 8b 47 2c
0x00007ffdd867e199:   83 e0 03 3c 03 75 2e 48 8b 07 48 8b cf ff 90 88 


Stack slot to memory mapping:
stack at sp + 0 slots: 0x0000000000001b23 is an unknown value
stack at sp + 1 slots: 0x0 is NULL
stack at sp + 2 slots: 0x0000008a54efe670 is pointing into the stack for thread: 0x0000025543cf0310
stack at sp + 3 slots: 0x00007ffdd85e38d1 jvm.dll
stack at sp + 4 slots: 0x0000025543cdfe10 points into unknown readable memory: 0x0000000000000006 | 06 00 00 00 00 00 00 00
stack at sp + 5 slots: 0x00007ffd00002000 is an unknown value
stack at sp + 6 slots: 0x000002556fdc5f60 points into unknown readable memory: 0x0000000000000000 | 00 00 00 00 00 00 00 00
stack at sp + 7 slots: 0x0000025500000000 is an unknown value


---------------  P R O C E S S  ---------------

Threads class SMR info:
_java_thread_list=0x000002556f7c2020, length=92, elements={
0x00000255241cf2a0, 0x0000025543ccdd60, 0x0000025543ccebe0, 0x0000025543ce0610,
0x0000025543ce32a0, 0x0000025543ce9330, 0x0000025543ceaaa0, 0x0000025543cf0310,
0x0000025543cf1770, 0x0000025543cf4010, 0x0000025543d6e6b0, 0x00000255631f1610,
0x0000025564bba3c0, 0x0000025564fc8a10, 0x0000025564d5f200, 0x00000255644890e0,
0x000002556400d910, 0x0000025565891260, 0x00000255658930c0, 0x0000025565891c80,
0x0000025565892190, 0x0000025565892bb0, 0x0000025565891770, 0x00000255658935d0,
0x00000255658926a0, 0x0000025565739a80, 0x00000255657358b0, 0x0000025565733030,
0x0000025565737710, 0x0000025565738130, 0x0000025565739060, 0x0000025565739570,
0x00000255657353a0, 0x0000025565737c20, 0x0000025565736cf0, 0x0000025565733f60,
0x0000025565738b50, 0x0000025565739f90, 0x0000025565732b20, 0x000002556573a4a0,
0x0000025565733540, 0x0000025565733a50, 0x0000025565734470, 0x0000025565734980,
0x0000025565ed1260, 0x0000025565ed1770, 0x0000025565ed1c80, 0x0000025565ed2190,
0x0000025565ed35d0, 0x0000025565ed5430, 0x0000025565ed0840, 0x0000025565ed3ff0,
0x0000025565ed6360, 0x0000025565ed3ae0, 0x0000025565ed26a0, 0x0000025565ed0d50,
0x0000025565ed4a10, 0x0000025565ecf400, 0x0000025565ed4f20, 0x0000025565ed5940,
0x0000025565ed5e50, 0x0000025565eceef0, 0x0000025565ed6870, 0x0000025568f4b900,
0x0000025568f4aee0, 0x0000025568f4c320, 0x0000025568f4eba0, 0x0000025568f4be10,
0x0000025568f4e180, 0x0000025568f4e690, 0x0000025568f4b3f0, 0x0000025568f4d760,
0x0000025568f48b70, 0x0000025568f49080, 0x0000025568f49590, 0x0000025569939d20,
0x0000025565735dc0, 0x0000025565893ae0, 0x00000255704a7080, 0x00000255704a7590,
0x00000255704a89d0, 0x00000255704aad40, 0x00000255704a5c40, 0x00000255704a7aa0,
0x00000255704a7fb0, 0x00000255704a84c0, 0x00000255704a8ee0, 0x00000255704ab250,
0x00000255704a5730, 0x00000255704aa830, 0x00000255704a9900, 0x00000255704ab760
}

Java Threads: ( => current thread )
  0x00000255241cf2a0 JavaThread "main" [_thread_blocked, id=7984, stack(0x0000008a54100000,0x0000008a54200000)]
  0x0000025543ccdd60 JavaThread "Reference Handler" daemon [_thread_blocked, id=12944, stack(0x0000008a54800000,0x0000008a54900000)]
  0x0000025543ccebe0 JavaThread "Finalizer" daemon [_thread_blocked, id=16892, stack(0x0000008a54900000,0x0000008a54a00000)]
  0x0000025543ce0610 JavaThread "Signal Dispatcher" daemon [_thread_blocked, id=22128, stack(0x0000008a54a00000,0x0000008a54b00000)]
  0x0000025543ce32a0 JavaThread "Attach Listener" daemon [_thread_blocked, id=12768, stack(0x0000008a54b00000,0x0000008a54c00000)]
  0x0000025543ce9330 JavaThread "Service Thread" daemon [_thread_blocked, id=15136, stack(0x0000008a54c00000,0x0000008a54d00000)]
  0x0000025543ceaaa0 JavaThread "Monitor Deflation Thread" daemon [_thread_blocked, id=15492, stack(0x0000008a54d00000,0x0000008a54e00000)]
=>0x0000025543cf0310 JavaThread "C2 CompilerThread0" daemon [_thread_in_native, id=13748, stack(0x0000008a54e00000,0x0000008a54f00000)]
  0x0000025543cf1770 JavaThread "C1 CompilerThread0" daemon [_thread_blocked, id=3488, stack(0x0000008a54f00000,0x0000008a55000000)]
  0x0000025543cf4010 JavaThread "Sweeper thread" daemon [_thread_blocked, id=8172, stack(0x0000008a55000000,0x0000008a55100000)]
  0x0000025543d6e6b0 JavaThread "Common-Cleaner" daemon [_thread_blocked, id=13980, stack(0x0000008a55100000,0x0000008a55200000)]
  0x00000255631f1610 JavaThread "Notification Thread" daemon [_thread_blocked, id=16540, stack(0x0000008a55200000,0x0000008a55300000)]
  0x0000025564bba3c0 JavaThread "Daemon health stats" [_thread_blocked, id=16216, stack(0x0000008a55800000,0x0000008a55900000)]
  0x0000025564fc8a10 JavaThread "Incoming local TCP Connector on port 55289" [_thread_in_native, id=22288, stack(0x0000008a55400000,0x0000008a55500000)]
  0x0000025564d5f200 JavaThread "Daemon periodic checks" [_thread_blocked, id=15284, stack(0x0000008a55a00000,0x0000008a55b00000)]
  0x00000255644890e0 JavaThread "Daemon" [_thread_blocked, id=4292, stack(0x0000008a55b00000,0x0000008a55c00000)]
  0x000002556400d910 JavaThread "Handler for socket connection from /127.0.0.1:55289 to /127.0.0.1:55290" [_thread_in_native, id=5696, stack(0x0000008a55c00000,0x0000008a55d00000)]
  0x0000025565891260 JavaThread "Cancel handler" [_thread_blocked, id=20548, stack(0x0000008a55900000,0x0000008a55a00000)]
  0x00000255658930c0 JavaThread "Daemon worker" [_thread_blocked, id=8256, stack(0x0000008a55d00000,0x0000008a55e00000)]
  0x0000025565891c80 JavaThread "Asynchronous log dispatcher for DefaultDaemonConnection: socket connection from /127.0.0.1:55289 to /127.0.0.1:55290" [_thread_blocked, id=20356, stack(0x0000008a55e00000,0x0000008a55f00000)]
  0x0000025565892190 JavaThread "Stdin handler" [_thread_blocked, id=16268, stack(0x0000008a55f00000,0x0000008a56000000)]
  0x0000025565892bb0 JavaThread "Daemon client event forwarder" [_thread_blocked, id=15300, stack(0x0000008a56000000,0x0000008a56100000)]
  0x0000025565891770 JavaThread "Cache worker for journal cache (C:\Users\vishvjeet\.gradle\caches\journal-1)" [_thread_blocked, id=14600, stack(0x0000008a56100000,0x0000008a56200000)]
  0x00000255658935d0 JavaThread "File lock request listener" [_thread_in_native, id=2860, stack(0x0000008a56200000,0x0000008a56300000)]
  0x00000255658926a0 JavaThread "Cache worker for file hash cache (C:\Users\vishvjeet\.gradle\caches\8.3\fileHashes)" [_thread_blocked, id=19216, stack(0x0000008a56400000,0x0000008a56500000)]
  0x0000025565739a80 JavaThread "File watcher server" daemon [_thread_in_vm, id=19120, stack(0x0000008a56300000,0x0000008a56400000)]
  0x00000255657358b0 JavaThread "File watcher consumer" daemon [_thread_blocked, id=22984, stack(0x0000008a56500000,0x0000008a56600000)]
  0x0000025565733030 JavaThread "Cache worker for checksums cache (C:\Users\vishvjeet\Desktop\ReactNative\SecondProject\DatingApp\android\.gradle\8.3\checksums)" [_thread_blocked, id=2884, stack(0x0000008a56600000,0x0000008a56700000)]
  0x0000025565737710 JavaThread "Cache worker for file hash cache (C:\Users\vishvjeet\Desktop\ReactNative\SecondProject\DatingApp\android\.gradle\8.3\fileHashes)" [_thread_blocked, id=15340, stack(0x0000008a56700000,0x0000008a56800000)]
  0x0000025565738130 JavaThread "Cache worker for cache directory md-supplier (C:\Users\vishvjeet\.gradle\caches\8.3\md-supplier)" [_thread_blocked, id=10480, stack(0x0000008a56800000,0x0000008a56900000)]
  0x0000025565739060 JavaThread "Cache worker for file content cache (C:\Users\vishvjeet\.gradle\caches\8.3\fileContent)" [_thread_blocked, id=8124, stack(0x0000008a56900000,0x0000008a56a00000)]
  0x0000025565739570 JavaThread "Cache worker for cache directory md-rule (C:\Users\vishvjeet\.gradle\caches\8.3\md-rule)" [_thread_blocked, id=23364, stack(0x0000008a56b00000,0x0000008a56c00000)]
  0x00000255657353a0 JavaThread "Cache worker for execution history cache (C:\Users\vishvjeet\.gradle\caches\8.3\executionHistory)" [_thread_blocked, id=12596, stack(0x0000008a56c00000,0x0000008a56d00000)]
  0x0000025565737c20 JavaThread "jar transforms" [_thread_blocked, id=22836, stack(0x0000008a56e00000,0x0000008a56f00000)]
  0x0000025565736cf0 JavaThread "jar transforms Thread 2" [_thread_blocked, id=15588, stack(0x0000008a56f00000,0x0000008a57000000)]
  0x0000025565733f60 JavaThread "jar transforms Thread 3" [_thread_blocked, id=16484, stack(0x0000008a57000000,0x0000008a57100000)]
  0x0000025565738b50 JavaThread "jar transforms Thread 4" [_thread_blocked, id=7800, stack(0x0000008a57100000,0x0000008a57200000)]
  0x0000025565739f90 JavaThread "Cache worker for kotlin-dsl (C:\Users\vishvjeet\.gradle\caches\8.3\kotlin-dsl)" [_thread_blocked, id=13644, stack(0x0000008a57200000,0x0000008a57300000)]
  0x0000025565732b20 JavaThread "Unconstrained build operations" [_thread_blocked, id=7532, stack(0x0000008a57300000,0x0000008a57400000)]
  0x000002556573a4a0 JavaThread "Unconstrained build operations Thread 2" [_thread_blocked, id=23180, stack(0x0000008a57400000,0x0000008a57500000)]
  0x0000025565733540 JavaThread "Cache worker for dependencies-accessors (C:\Users\vishvjeet\Desktop\ReactNative\SecondProject\DatingApp\android\.gradle\8.3\dependencies-accessors)" [_thread_blocked, id=6652, stack(0x0000008a57500000,0x0000008a57600000)]
  0x0000025565733a50 JavaThread "Cache worker for Build Output Cleanup Cache (C:\Users\vishvjeet\Desktop\ReactNative\SecondProject\DatingApp\node_modules\@react-native\gradle-plugin\.gradle\buildOutputCleanup)" [_thread_blocked, id=6492, stack(0x0000008a57800000,0x0000008a57900000)]
  0x0000025565734470 JavaThread "Unconstrained build operations Thread 3" [_thread_blocked, id=348, stack(0x0000008a57900000,0x0000008a57a00000)]
  0x0000025565734980 JavaThread "Unconstrained build operations Thread 4" [_thread_blocked, id=19728, stack(0x0000008a57a00000,0x0000008a57b00000)]
  0x0000025565ed1260 JavaThread "Unconstrained build operations Thread 5" [_thread_blocked, id=7664, stack(0x0000008a57b00000,0x0000008a57c00000)]
  0x0000025565ed1770 JavaThread "Memory manager" [_thread_blocked, id=15812, stack(0x0000008a57c00000,0x0000008a57d00000)]
  0x0000025565ed1c80 JavaThread "Cache worker for Build Output Cleanup Cache (C:\Users\vishvjeet\Desktop\ReactNative\SecondProject\DatingApp\android\.gradle\buildOutputCleanup)" [_thread_blocked, id=3124, stack(0x0000008a56d00000,0x0000008a56e00000)]
  0x0000025565ed2190 JavaThread "ForkJoinPool.commonPool-worker-1" daemon [_thread_blocked, id=16828, stack(0x0000008a57e00000,0x0000008a57f00000)]
  0x0000025565ed35d0 JavaThread "ForkJoinPool.commonPool-worker-2" daemon [_thread_blocked, id=19700, stack(0x0000008a57f00000,0x0000008a58000000)]
  0x0000025565ed5430 JavaThread "ForkJoinPool.commonPool-worker-3" daemon [_thread_blocked, id=9288, stack(0x0000008a58000000,0x0000008a58100000)]
  0x0000025565ed0840 JavaThread "included builds" [_thread_blocked, id=17376, stack(0x0000008a58100000,0x0000008a58200000)]
  0x0000025565ed3ff0 JavaThread "Execution worker" [_thread_blocked, id=18032, stack(0x0000008a58200000,0x0000008a58300000)]
  0x0000025565ed6360 JavaThread "Execution worker Thread 2" [_thread_blocked, id=6112, stack(0x0000008a58300000,0x0000008a58400000)]
  0x0000025565ed3ae0 JavaThread "Execution worker Thread 3" [_thread_blocked, id=22904, stack(0x0000008a58400000,0x0000008a58500000)]
  0x0000025565ed26a0 JavaThread "Cache worker for execution history cache (C:\Users\vishvjeet\Desktop\ReactNative\SecondProject\DatingApp\node_modules\@react-native\gradle-plugin\.gradle\8.3\executionHistory)" [_thread_blocked, id=15928, stack(0x0000008a58500000,0x0000008a58600000)]
  0x0000025565ed0d50 JavaThread "Unconstrained build operations Thread 6" [_thread_blocked, id=6636, stack(0x0000008a58600000,0x0000008a58700000)]
  0x0000025565ed4a10 JavaThread "Unconstrained build operations Thread 7" [_thread_blocked, id=8512, stack(0x0000008a58700000,0x0000008a58800000)]
  0x0000025565ecf400 JavaThread "Unconstrained build operations Thread 8" [_thread_blocked, id=19160, stack(0x0000008a58800000,0x0000008a58900000)]
  0x0000025565ed4f20 JavaThread "Unconstrained build operations Thread 9" [_thread_blocked, id=18512, stack(0x0000008a58900000,0x0000008a58a00000)]
  0x0000025565ed5940 JavaThread "Unconstrained build operations Thread 10" [_thread_blocked, id=13360, stack(0x0000008a58a00000,0x0000008a58b00000)]
  0x0000025565ed5e50 JavaThread "Unconstrained build operations Thread 11" [_thread_blocked, id=6300, stack(0x0000008a58b00000,0x0000008a58c00000)]
  0x0000025565eceef0 JavaThread "Unconstrained build operations Thread 12" [_thread_blocked, id=2120, stack(0x0000008a58c00000,0x0000008a58d00000)]
  0x0000025565ed6870 JavaThread "Unconstrained build operations Thread 13" [_thread_blocked, id=820, stack(0x0000008a58d00000,0x0000008a58e00000)]
  0x0000025568f4b900 JavaThread "Unconstrained build operations Thread 14" [_thread_blocked, id=7940, stack(0x0000008a53f00000,0x0000008a54000000)]
  0x0000025568f4aee0 JavaThread "Unconstrained build operations Thread 15" [_thread_blocked, id=15796, stack(0x0000008a54000000,0x0000008a54100000)]
  0x0000025568f4c320 JavaThread "Unconstrained build operations Thread 16" [_thread_blocked, id=7072, stack(0x0000008a57d00000,0x0000008a57e00000)]
  0x0000025568f4eba0 JavaThread "Unconstrained build operations Thread 17" [_thread_blocked, id=4312, stack(0x0000008a58e00000,0x0000008a58f00000)]
  0x0000025568f4be10 JavaThread "Unconstrained build operations Thread 18" [_thread_blocked, id=2900, stack(0x0000008a58f00000,0x0000008a59000000)]
  0x0000025568f4e180 JavaThread "Unconstrained build operations Thread 19" [_thread_blocked, id=10984, stack(0x0000008a59000000,0x0000008a59100000)]
  0x0000025568f4e690 JavaThread "Unconstrained build operations Thread 20" [_thread_blocked, id=9548, stack(0x0000008a59100000,0x0000008a59200000)]
  0x0000025568f4b3f0 JavaThread "Unconstrained build operations Thread 21" [_thread_blocked, id=22548, stack(0x0000008a59200000,0x0000008a59300000)]
  0x0000025568f4d760 JavaThread "Unconstrained build operations Thread 22" [_thread_blocked, id=21752, stack(0x0000008a59300000,0x0000008a59400000)]
  0x0000025568f48b70 JavaThread "Unconstrained build operations Thread 23" [_thread_blocked, id=8460, stack(0x0000008a59400000,0x0000008a59500000)]
  0x0000025568f49080 JavaThread "Unconstrained build operations Thread 24" [_thread_blocked, id=9780, stack(0x0000008a59500000,0x0000008a59600000)]
  0x0000025568f49590 JavaThread "Unconstrained build operations Thread 25" [_thread_blocked, id=22908, stack(0x0000008a59600000,0x0000008a59700000)]
  0x0000025569939d20 JavaThread "C2 CompilerThread1" daemon [_thread_in_native, id=4528, stack(0x0000008a53e00000,0x0000008a53f00000)]
  0x0000025565735dc0 JavaThread "Unconstrained build operations Thread 26" [_thread_blocked, id=11988, stack(0x0000008a59700000,0x0000008a59800000)]
  0x0000025565893ae0 JavaThread "Unconstrained build operations Thread 27" [_thread_blocked, id=21172, stack(0x0000008a59800000,0x0000008a59900000)]
  0x00000255704a7080 JavaThread "Unconstrained build operations Thread 28" [_thread_blocked, id=16732, stack(0x0000008a59900000,0x0000008a59a00000)]
  0x00000255704a7590 JavaThread "Unconstrained build operations Thread 29" [_thread_blocked, id=23480, stack(0x0000008a59a00000,0x0000008a59b00000)]
  0x00000255704a89d0 JavaThread "Unconstrained build operations Thread 30" [_thread_blocked, id=20788, stack(0x0000008a59b00000,0x0000008a59c00000)]
  0x00000255704aad40 JavaThread "Unconstrained build operations Thread 31" [_thread_blocked, id=5108, stack(0x0000008a59c00000,0x0000008a59d00000)]
  0x00000255704a5c40 JavaThread "Unconstrained build operations Thread 32" [_thread_blocked, id=12744, stack(0x0000008a59d00000,0x0000008a59e00000)]
  0x00000255704a7aa0 JavaThread "Unconstrained build operations Thread 33" [_thread_blocked, id=6444, stack(0x0000008a59e00000,0x0000008a59f00000)]
  0x00000255704a7fb0 JavaThread "Unconstrained build operations Thread 34" [_thread_blocked, id=15560, stack(0x0000008a59f00000,0x0000008a5a000000)]
  0x00000255704a84c0 JavaThread "Unconstrained build operations Thread 35" [_thread_blocked, id=5800, stack(0x0000008a5a000000,0x0000008a5a100000)]
  0x00000255704a8ee0 JavaThread "Unconstrained build operations Thread 36" [_thread_blocked, id=14064, stack(0x0000008a5a100000,0x0000008a5a200000)]
  0x00000255704ab250 JavaThread "Unconstrained build operations Thread 37" [_thread_blocked, id=15400, stack(0x0000008a5a200000,0x0000008a5a300000)]
  0x00000255704a5730 JavaThread "Unconstrained build operations Thread 38" [_thread_blocked, id=6396, stack(0x0000008a5a300000,0x0000008a5a400000)]
  0x00000255704aa830 JavaThread "Unconstrained build operations Thread 39" [_thread_blocked, id=18904, stack(0x0000008a5a400000,0x0000008a5a500000)]
  0x00000255704a9900 JavaThread "Unconstrained build operations Thread 40" [_thread_blocked, id=2104, stack(0x0000008a5a500000,0x0000008a5a600000)]
  0x00000255704ab760 JavaThread "Cache worker for execution history cache (C:\Users\vishvjeet\Desktop\ReactNative\SecondProject\DatingApp\android\.gradle\8.3\executionHistory)" [_thread_blocked, id=5640, stack(0x0000008a5a600000,0x0000008a5a700000)]

Other Threads:
  0x0000025543cc6590 VMThread "VM Thread" [stack: 0x0000008a54700000,0x0000008a54800000] [id=18324]
  0x000002556319ac90 WatcherThread [stack: 0x0000008a55300000,0x0000008a55400000] [id=13716]
  0x000002552422c0c0 GCTaskThread "GC Thread#0" [stack: 0x0000008a54200000,0x0000008a54300000] [id=20776]
  0x000002556327a690 GCTaskThread "GC Thread#1" [stack: 0x0000008a55500000,0x0000008a55600000] [id=10056]
  0x0000025563274ba0 GCTaskThread "GC Thread#2" [stack: 0x0000008a55600000,0x0000008a55700000] [id=20336]
  0x0000025563215380 GCTaskThread "GC Thread#3" [stack: 0x0000008a55700000,0x0000008a55800000] [id=10760]
  0x000002552423d010 ConcurrentGCThread "G1 Main Marker" [stack: 0x0000008a54300000,0x0000008a54400000] [id=3448]
  0x000002552423e1c0 ConcurrentGCThread "G1 Conc#0" [stack: 0x0000008a54400000,0x0000008a54500000] [id=8408]
  0x000002552428d5e0 ConcurrentGCThread "G1 Refine#0" [stack: 0x0000008a54500000,0x0000008a54600000] [id=11460]
  0x0000025564098f80 ConcurrentGCThread "G1 Refine#1" [stack: 0x0000008a56a00000,0x0000008a56b00000] [id=11644]
  0x000002552428e010 ConcurrentGCThread "G1 Service" [stack: 0x0000008a54600000,0x0000008a54700000] [id=20556]

Threads with active compile tasks:
C2 CompilerThread0    97771 15735   !   4       org.gradle.cache.internal.DefaultMultiProcessSafeIndexedCache::getIfPresent (25 bytes)
C2 CompilerThread1    97772 15753   !   4       java.nio.file.FileTreeWalker::visit (204 bytes)

VM state: not at safepoint (normal execution)

VM Mutex/Monitor currently owned by a thread: None

Heap address: 0x0000000080000000, size: 2048 MB, Compressed Oops mode: 32-bit

CDS archive(s) mapped at: [0x0000025544000000-0x0000025544bd0000-0x0000025544bd0000), size 12386304, SharedBaseAddress: 0x0000025544000000, ArchiveRelocationMode: 1.
Compressed class space mapped at: 0x0000025545000000-0x000002555f000000, reserved size: 436207616
Narrow klass base: 0x0000025544000000, Narrow klass shift: 0, Narrow klass range: 0x100000000

GC Precious Log:
 CPUs: 4 total, 4 available
 Memory: 7128M
 Large Page Support: Disabled
 NUMA Support: Disabled
 Compressed Oops: Enabled (32-bit)
 Heap Region Size: 1M
 Heap Min Capacity: 8M
 Heap Initial Capacity: 112M
 Heap Max Capacity: 2G
 Pre-touch: Disabled
 Parallel Workers: 4
 Concurrent Workers: 1
 Concurrent Refinement Workers: 4
 Periodic GC: Disabled

Heap:
 garbage-first heap   total 263168K, used 205569K [0x0000000080000000, 0x0000000100000000)
  region size 1024K, 11 young (11264K), 4 survivors (4096K)
 Metaspace       used 103364K, committed 104448K, reserved 557056K
  class space    used 14423K, committed 14912K, reserved 425984K

Heap Regions: E=young(eden), S=young(survivor), O=old, HS=humongous(starts), HC=humongous(continues), CS=collection set, F=free, OA=open archive, CA=closed archive, TAMS=top-at-mark-start (previous, next)
|   0|0x0000000080000000, 0x0000000080100000, 0x0000000080100000|100%| O|  |TAMS 0x0000000080100000, 0x0000000080000000| Untracked 
|   1|0x0000000080100000, 0x0000000080200000, 0x0000000080200000|100%| O|  |TAMS 0x0000000080200000, 0x0000000080100000| Untracked 
|   2|0x0000000080200000, 0x0000000080300000, 0x0000000080300000|100%|HS|  |TAMS 0x0000000080300000, 0x0000000080200000| Complete 
|   3|0x0000000080300000, 0x0000000080400000, 0x0000000080400000|100%|HC|  |TAMS 0x0000000080400000, 0x0000000080300000| Complete 
|   4|0x0000000080400000, 0x0000000080500000, 0x0000000080500000|100%|HC|  |TAMS 0x0000000080500000, 0x0000000080400000| Complete 
|   5|0x0000000080500000, 0x0000000080600000, 0x0000000080600000|100%|HC|  |TAMS 0x0000000080600000, 0x0000000080500000| Complete 
|   6|0x0000000080600000, 0x0000000080700000, 0x0000000080700000|100%| O|  |TAMS 0x0000000080700000, 0x0000000080600000| Untracked 
|   7|0x0000000080700000, 0x0000000080800000, 0x0000000080800000|100%| O|  |TAMS 0x0000000080800000, 0x0000000080700000| Untracked 
|   8|0x0000000080800000, 0x0000000080900000, 0x0000000080900000|100%| O|  |TAMS 0x0000000080900000, 0x0000000080800000| Untracked 
|   9|0x0000000080900000, 0x0000000080a00000, 0x0000000080a00000|100%| O|  |TAMS 0x0000000080a00000, 0x0000000080900000| Untracked 
|  10|0x0000000080a00000, 0x0000000080b00000, 0x0000000080b00000|100%| O|  |TAMS 0x0000000080b00000, 0x0000000080a00000| Untracked 
|  11|0x0000000080b00000, 0x0000000080c00000, 0x0000000080c00000|100%| O|  |TAMS 0x0000000080c00000, 0x0000000080b00000| Untracked 
|  12|0x0000000080c00000, 0x0000000080d00000, 0x0000000080d00000|100%| O|  |TAMS 0x0000000080d00000, 0x0000000080c00000| Untracked 
|  13|0x0000000080d00000, 0x0000000080e00000, 0x0000000080e00000|100%| O|  |TAMS 0x0000000080e00000, 0x0000000080d00000| Untracked 
|  14|0x0000000080e00000, 0x0000000080f00000, 0x0000000080f00000|100%| O|  |TAMS 0x0000000080f00000, 0x0000000080e00000| Untracked 
|  15|0x0000000080f00000, 0x0000000081000000, 0x0000000081000000|100%| O|  |TAMS 0x0000000081000000, 0x0000000080f00000| Untracked 
|  16|0x0000000081000000, 0x0000000081100000, 0x0000000081100000|100%| O|  |TAMS 0x0000000081100000, 0x0000000081000000| Untracked 
|  17|0x0000000081100000, 0x0000000081200000, 0x0000000081200000|100%| O|  |TAMS 0x0000000081200000, 0x0000000081100000| Untracked 
|  18|0x0000000081200000, 0x0000000081300000, 0x0000000081300000|100%| O|  |TAMS 0x0000000081300000, 0x0000000081200000| Untracked 
|  19|0x0000000081300000, 0x0000000081400000, 0x0000000081400000|100%| O|  |TAMS 0x0000000081400000, 0x0000000081300000| Untracked 
|  20|0x0000000081400000, 0x0000000081500000, 0x0000000081500000|100%| O|  |TAMS 0x0000000081500000, 0x0000000081400000| Untracked 
|  21|0x0000000081500000, 0x0000000081600000, 0x0000000081600000|100%| O|  |TAMS 0x0000000081600000, 0x0000000081500000| Untracked 
|  22|0x0000000081600000, 0x0000000081700000, 0x0000000081700000|100%| O|  |TAMS 0x0000000081700000, 0x0000000081600000| Untracked 
|  23|0x0000000081700000, 0x0000000081800000, 0x0000000081800000|100%| O|  |TAMS 0x0000000081800000, 0x0000000081700000| Untracked 
|  24|0x0000000081800000, 0x0000000081900000, 0x0000000081900000|100%| O|  |TAMS 0x0000000081900000, 0x0000000081800000| Untracked 
|  25|0x0000000081900000, 0x0000000081a00000, 0x0000000081a00000|100%| O|  |TAMS 0x0000000081a00000, 0x0000000081900000| Untracked 
|  26|0x0000000081a00000, 0x0000000081b00000, 0x0000000081b00000|100%| O|  |TAMS 0x0000000081b00000, 0x0000000081a00000| Untracked 
|  27|0x0000000081b00000, 0x0000000081c00000, 0x0000000081c00000|100%| O|  |TAMS 0x0000000081c00000, 0x0000000081b00000| Untracked 
|  28|0x0000000081c00000, 0x0000000081d00000, 0x0000000081d00000|100%| O|  |TAMS 0x0000000081d00000, 0x0000000081c00000| Untracked 
|  29|0x0000000081d00000, 0x0000000081e00000, 0x0000000081e00000|100%| O|  |TAMS 0x0000000081e00000, 0x0000000081d00000| Untracked 
|  30|0x0000000081e00000, 0x0000000081f00000, 0x0000000081f00000|100%|HS|  |TAMS 0x0000000081e00000, 0x0000000081e00000| Complete 
|  31|0x0000000081f00000, 0x0000000082000000, 0x0000000082000000|100%| O|  |TAMS 0x0000000082000000, 0x0000000081f00000| Untracked 
|  32|0x0000000082000000, 0x0000000082100000, 0x0000000082100000|100%| O|  |TAMS 0x0000000082100000, 0x0000000082000000| Untracked 
|  33|0x0000000082100000, 0x0000000082200000, 0x0000000082200000|100%| O|  |TAMS 0x0000000082200000, 0x0000000082100000| Untracked 
|  34|0x0000000082200000, 0x0000000082300000, 0x0000000082300000|100%| O|  |TAMS 0x0000000082300000, 0x0000000082200000| Untracked 
|  35|0x0000000082300000, 0x0000000082400000, 0x0000000082400000|100%| O|  |TAMS 0x0000000082400000, 0x0000000082300000| Untracked 
|  36|0x0000000082400000, 0x0000000082500000, 0x0000000082500000|100%| O|  |TAMS 0x0000000082500000, 0x0000000082400000| Untracked 
|  37|0x0000000082500000, 0x0000000082600000, 0x0000000082600000|100%| O|  |TAMS 0x0000000082600000, 0x0000000082500000| Untracked 
|  38|0x0000000082600000, 0x0000000082700000, 0x0000000082700000|100%| O|  |TAMS 0x0000000082700000, 0x0000000082600000| Untracked 
|  39|0x0000000082700000, 0x0000000082800000, 0x0000000082800000|100%|HS|  |TAMS 0x0000000082800000, 0x0000000082700000| Complete 
|  40|0x0000000082800000, 0x0000000082900000, 0x0000000082900000|100%|HC|  |TAMS 0x0000000082900000, 0x0000000082800000| Complete 
|  41|0x0000000082900000, 0x0000000082a00000, 0x0000000082a00000|100%|HS|  |TAMS 0x0000000082a00000, 0x0000000082900000| Complete 
|  42|0x0000000082a00000, 0x0000000082b00000, 0x0000000082b00000|100%|HC|  |TAMS 0x0000000082b00000, 0x0000000082a00000| Complete 
|  43|0x0000000082b00000, 0x0000000082c00000, 0x0000000082c00000|100%|HS|  |TAMS 0x0000000082c00000, 0x0000000082b00000| Complete 
|  44|0x0000000082c00000, 0x0000000082d00000, 0x0000000082d00000|100%|HC|  |TAMS 0x0000000082d00000, 0x0000000082c00000| Complete 
|  45|0x0000000082d00000, 0x0000000082e00000, 0x0000000082e00000|100%|HC|  |TAMS 0x0000000082e00000, 0x0000000082d00000| Complete 
|  46|0x0000000082e00000, 0x0000000082f00000, 0x0000000082f00000|100%|HC|  |TAMS 0x0000000082f00000, 0x0000000082e00000| Complete 
|  47|0x0000000082f00000, 0x0000000083000000, 0x0000000083000000|100%| O|  |TAMS 0x0000000083000000, 0x0000000082f00000| Untracked 
|  48|0x0000000083000000, 0x0000000083100000, 0x0000000083100000|100%| O|  |TAMS 0x0000000083100000, 0x0000000083000000| Untracked 
|  49|0x0000000083100000, 0x0000000083200000, 0x0000000083200000|100%| O|  |TAMS 0x0000000083200000, 0x0000000083100000| Untracked 
|  50|0x0000000083200000, 0x0000000083300000, 0x0000000083300000|100%|HS|  |TAMS 0x0000000083300000, 0x0000000083200000| Complete 
|  51|0x0000000083300000, 0x0000000083400000, 0x0000000083400000|100%|HC|  |TAMS 0x0000000083400000, 0x0000000083300000| Complete 
|  52|0x0000000083400000, 0x0000000083500000, 0x0000000083500000|100%|HC|  |TAMS 0x0000000083500000, 0x0000000083400000| Complete 
|  53|0x0000000083500000, 0x0000000083600000, 0x0000000083600000|100%|HC|  |TAMS 0x0000000083600000, 0x0000000083500000| Complete 
|  54|0x0000000083600000, 0x0000000083700000, 0x0000000083700000|100%| O|  |TAMS 0x0000000083700000, 0x0000000083600000| Untracked 
|  55|0x0000000083700000, 0x0000000083800000, 0x0000000083800000|100%| O|  |TAMS 0x0000000083800000, 0x0000000083700000| Untracked 
|  56|0x0000000083800000, 0x0000000083900000, 0x0000000083900000|100%| O|  |TAMS 0x0000000083900000, 0x0000000083800000| Untracked 
|  57|0x0000000083900000, 0x0000000083a00000, 0x0000000083a00000|100%| O|  |TAMS 0x0000000083a00000, 0x0000000083900000| Untracked 
|  58|0x0000000083a00000, 0x0000000083b00000, 0x0000000083b00000|100%| O|  |TAMS 0x0000000083b00000, 0x0000000083a00000| Untracked 
|  59|0x0000000083b00000, 0x0000000083c00000, 0x0000000083c00000|100%| O|  |TAMS 0x0000000083c00000, 0x0000000083b00000| Untracked 
|  60|0x0000000083c00000, 0x0000000083d00000, 0x0000000083d00000|100%| O|  |TAMS 0x0000000083d00000, 0x0000000083c00000| Untracked 
|  61|0x0000000083d00000, 0x0000000083e00000, 0x0000000083e00000|100%| O|  |TAMS 0x0000000083e00000, 0x0000000083d00000| Untracked 
|  62|0x0000000083e00000, 0x0000000083f00000, 0x0000000083f00000|100%| O|  |TAMS 0x0000000083f00000, 0x0000000083e00000| Untracked 
|  63|0x0000000083f00000, 0x0000000084000000, 0x0000000084000000|100%| O|  |TAMS 0x0000000083fb7e00, 0x0000000083f00000| Untracked 
|  64|0x0000000084000000, 0x0000000084100000, 0x0000000084100000|100%|HS|  |TAMS 0x0000000084000000, 0x0000000084000000| Complete 
|  65|0x0000000084100000, 0x0000000084200000, 0x0000000084200000|100%|HS|  |TAMS 0x0000000084100000, 0x0000000084100000| Complete 
|  66|0x0000000084200000, 0x0000000084300000, 0x0000000084300000|100%| O|  |TAMS 0x0000000084200000, 0x0000000084200000| Untracked 
|  67|0x0000000084300000, 0x0000000084400000, 0x0000000084400000|100%|HS|  |TAMS 0x0000000084300000, 0x0000000084300000| Complete 
|  68|0x0000000084400000, 0x0000000084500000, 0x0000000084500000|100%| O|  |TAMS 0x0000000084400000, 0x0000000084400000| Untracked 
|  69|0x0000000084500000, 0x0000000084600000, 0x0000000084600000|100%| O|  |TAMS 0x0000000084500000, 0x0000000084500000| Untracked 
|  70|0x0000000084600000, 0x0000000084700000, 0x0000000084700000|100%| O|  |TAMS 0x0000000084600000, 0x0000000084600000| Untracked 
|  71|0x0000000084700000, 0x0000000084800000, 0x0000000084800000|100%| O|  |TAMS 0x0000000084700000, 0x0000000084700000| Untracked 
|  72|0x0000000084800000, 0x0000000084900000, 0x0000000084900000|100%| O|  |TAMS 0x0000000084800000, 0x0000000084800000| Untracked 
|  73|0x0000000084900000, 0x0000000084a00000, 0x0000000084a00000|100%| O|  |TAMS 0x0000000084900000, 0x0000000084900000| Untracked 
|  74|0x0000000084a00000, 0x0000000084b00000, 0x0000000084b00000|100%| O|  |TAMS 0x0000000084a00000, 0x0000000084a00000| Untracked 
|  75|0x0000000084b00000, 0x0000000084c00000, 0x0000000084c00000|100%| O|  |TAMS 0x0000000084b00000, 0x0000000084b00000| Untracked 
|  76|0x0000000084c00000, 0x0000000084d00000, 0x0000000084d00000|100%| O|  |TAMS 0x0000000084c00000, 0x0000000084c00000| Untracked 
|  77|0x0000000084d00000, 0x0000000084e00000, 0x0000000084e00000|100%| O|  |TAMS 0x0000000084d00000, 0x0000000084d00000| Untracked 
|  78|0x0000000084e00000, 0x0000000084f00000, 0x0000000084f00000|100%| O|  |TAMS 0x0000000084e00000, 0x0000000084e00000| Untracked 
|  79|0x0000000084f00000, 0x0000000085000000, 0x0000000085000000|100%| O|  |TAMS 0x0000000084f00000, 0x0000000084f00000| Untracked 
|  80|0x0000000085000000, 0x0000000085100000, 0x0000000085100000|100%| O|  |TAMS 0x0000000085000000, 0x0000000085000000| Untracked 
|  81|0x0000000085100000, 0x0000000085200000, 0x0000000085200000|100%| O|  |TAMS 0x0000000085100000, 0x0000000085100000| Untracked 
|  82|0x0000000085200000, 0x0000000085300000, 0x0000000085300000|100%| O|  |TAMS 0x0000000085200000, 0x0000000085200000| Untracked 
|  83|0x0000000085300000, 0x0000000085400000, 0x0000000085400000|100%| O|  |TAMS 0x0000000085300000, 0x0000000085300000| Untracked 
|  84|0x0000000085400000, 0x0000000085500000, 0x0000000085500000|100%|HS|  |TAMS 0x0000000085400000, 0x0000000085400000| Complete 
|  85|0x0000000085500000, 0x0000000085600000, 0x0000000085600000|100%| O|  |TAMS 0x0000000085500000, 0x0000000085500000| Untracked 
|  86|0x0000000085600000, 0x0000000085700000, 0x0000000085700000|100%| O|  |TAMS 0x0000000085600000, 0x0000000085600000| Untracked 
|  87|0x0000000085700000, 0x0000000085800000, 0x0000000085800000|100%| O|  |TAMS 0x0000000085700000, 0x0000000085700000| Untracked 
|  88|0x0000000085800000, 0x0000000085900000, 0x0000000085900000|100%| O|  |TAMS 0x0000000085800000, 0x0000000085800000| Untracked 
|  89|0x0000000085900000, 0x0000000085a00000, 0x0000000085a00000|100%| O|  |TAMS 0x0000000085900000, 0x0000000085900000| Untracked 
|  90|0x0000000085a00000, 0x0000000085b00000, 0x0000000085b00000|100%| O|  |TAMS 0x0000000085a00000, 0x0000000085a00000| Untracked 
|  91|0x0000000085b00000, 0x0000000085c00000, 0x0000000085c00000|100%| O|  |TAMS 0x0000000085b00000, 0x0000000085b00000| Untracked 
|  92|0x0000000085c00000, 0x0000000085d00000, 0x0000000085d00000|100%|HS|  |TAMS 0x0000000085c00000, 0x0000000085c00000| Complete 
|  93|0x0000000085d00000, 0x0000000085e00000, 0x0000000085e00000|100%|HS|  |TAMS 0x0000000085d00000, 0x0000000085d00000| Complete 
|  94|0x0000000085e00000, 0x0000000085f00000, 0x0000000085f00000|100%|HC|  |TAMS 0x0000000085e00000, 0x0000000085e00000| Complete 
|  95|0x0000000085f00000, 0x0000000086000000, 0x0000000086000000|100%| O|  |TAMS 0x0000000085f00000, 0x0000000085f00000| Untracked 
|  96|0x0000000086000000, 0x0000000086100000, 0x0000000086100000|100%| O|  |TAMS 0x0000000086000000, 0x0000000086000000| Untracked 
|  97|0x0000000086100000, 0x0000000086200000, 0x0000000086200000|100%| O|  |TAMS 0x0000000086100000, 0x0000000086100000| Untracked 
|  98|0x0000000086200000, 0x0000000086300000, 0x0000000086300000|100%| O|  |TAMS 0x0000000086200000, 0x0000000086200000| Untracked 
|  99|0x0000000086300000, 0x0000000086400000, 0x0000000086400000|100%| O|  |TAMS 0x0000000086300000, 0x0000000086300000| Untracked 
| 100|0x0000000086400000, 0x0000000086500000, 0x0000000086500000|100%| O|  |TAMS 0x0000000086400000, 0x0000000086400000| Untracked 
| 101|0x0000000086500000, 0x0000000086600000, 0x0000000086600000|100%| O|  |TAMS 0x0000000086500000, 0x0000000086500000| Untracked 
| 102|0x0000000086600000, 0x0000000086700000, 0x0000000086700000|100%| O|  |TAMS 0x0000000086600000, 0x0000000086600000| Untracked 
| 103|0x0000000086700000, 0x0000000086800000, 0x0000000086800000|100%| O|  |TAMS 0x0000000086700000, 0x0000000086700000| Untracked 
| 104|0x0000000086800000, 0x0000000086900000, 0x0000000086900000|100%| O|  |TAMS 0x0000000086800000, 0x0000000086800000| Untracked 
| 105|0x0000000086900000, 0x0000000086a00000, 0x0000000086a00000|100%| O|  |TAMS 0x0000000086900000, 0x0000000086900000| Untracked 
| 106|0x0000000086a00000, 0x0000000086b00000, 0x0000000086b00000|100%| O|  |TAMS 0x0000000086a00000, 0x0000000086a00000| Untracked 
| 107|0x0000000086b00000, 0x0000000086c00000, 0x0000000086c00000|100%| O|  |TAMS 0x0000000086b00000, 0x0000000086b00000| Untracked 
| 108|0x0000000086c00000, 0x0000000086d00000, 0x0000000086d00000|100%| O|  |TAMS 0x0000000086c00000, 0x0000000086c00000| Untracked 
| 109|0x0000000086d00000, 0x0000000086e00000, 0x0000000086e00000|100%|HS|  |TAMS 0x0000000086d00000, 0x0000000086d00000| Complete 
| 110|0x0000000086e00000, 0x0000000086f00000, 0x0000000086f00000|100%|HS|  |TAMS 0x0000000086e00000, 0x0000000086e00000| Complete 
| 111|0x0000000086f00000, 0x0000000087000000, 0x0000000087000000|100%| O|  |TAMS 0x0000000086f00000, 0x0000000086f00000| Untracked 
| 112|0x0000000087000000, 0x0000000087100000, 0x0000000087100000|100%| O|  |TAMS 0x0000000087000000, 0x0000000087000000| Untracked 
| 113|0x0000000087100000, 0x0000000087200000, 0x0000000087200000|100%| O|  |TAMS 0x0000000087100000, 0x0000000087100000| Untracked 
| 114|0x0000000087200000, 0x0000000087300000, 0x0000000087300000|100%| O|  |TAMS 0x0000000087200000, 0x0000000087200000| Untracked 
| 115|0x0000000087300000, 0x0000000087400000, 0x0000000087400000|100%| O|  |TAMS 0x0000000087300000, 0x0000000087300000| Untracked 
| 116|0x0000000087400000, 0x0000000087500000, 0x0000000087500000|100%| O|  |TAMS 0x0000000087400000, 0x0000000087400000| Untracked 
| 117|0x0000000087500000, 0x0000000087600000, 0x0000000087600000|100%| O|  |TAMS 0x0000000087500000, 0x0000000087500000| Untracked 
| 118|0x0000000087600000, 0x0000000087700000, 0x0000000087700000|100%| O|  |TAMS 0x0000000087600000, 0x0000000087600000| Untracked 
| 119|0x0000000087700000, 0x0000000087800000, 0x0000000087800000|100%| O|  |TAMS 0x0000000087700000, 0x0000000087700000| Untracked 
| 120|0x0000000087800000, 0x0000000087900000, 0x0000000087900000|100%| O|  |TAMS 0x0000000087800000, 0x0000000087800000| Untracked 
| 121|0x0000000087900000, 0x0000000087a00000, 0x0000000087a00000|100%| O|  |TAMS 0x0000000087900000, 0x0000000087900000| Untracked 
| 122|0x0000000087a00000, 0x0000000087b00000, 0x0000000087b00000|100%| O|  |TAMS 0x0000000087a00000, 0x0000000087a00000| Untracked 
| 123|0x0000000087b00000, 0x0000000087c00000, 0x0000000087c00000|100%| O|  |TAMS 0x0000000087b00000, 0x0000000087b00000| Untracked 
| 124|0x0000000087c00000, 0x0000000087d00000, 0x0000000087d00000|100%| O|  |TAMS 0x0000000087c00000, 0x0000000087c00000| Untracked 
| 125|0x0000000087d00000, 0x0000000087e00000, 0x0000000087e00000|100%| O|  |TAMS 0x0000000087d00000, 0x0000000087d00000| Untracked 
| 126|0x0000000087e00000, 0x0000000087f00000, 0x0000000087f00000|100%| O|  |TAMS 0x0000000087e00000, 0x0000000087e00000| Untracked 
| 127|0x0000000087f00000, 0x0000000088000000, 0x0000000088000000|100%| O|  |TAMS 0x0000000087f00000, 0x0000000087f00000| Untracked 
| 128|0x0000000088000000, 0x0000000088100000, 0x0000000088100000|100%| O|  |TAMS 0x0000000088000000, 0x0000000088000000| Untracked 
| 129|0x0000000088100000, 0x0000000088200000, 0x0000000088200000|100%| O|  |TAMS 0x0000000088100000, 0x0000000088100000| Untracked 
| 130|0x0000000088200000, 0x0000000088300000, 0x0000000088300000|100%| O|  |TAMS 0x0000000088200000, 0x0000000088200000| Untracked 
| 131|0x0000000088300000, 0x0000000088400000, 0x0000000088400000|100%| O|  |TAMS 0x0000000088300000, 0x0000000088300000| Untracked 
| 132|0x0000000088400000, 0x0000000088500000, 0x0000000088500000|100%| O|  |TAMS 0x0000000088400000, 0x0000000088400000| Untracked 
| 133|0x0000000088500000, 0x0000000088600000, 0x0000000088600000|100%| O|  |TAMS 0x0000000088500000, 0x0000000088500000| Untracked 
| 134|0x0000000088600000, 0x0000000088700000, 0x0000000088700000|100%| O|  |TAMS 0x0000000088600000, 0x0000000088600000| Untracked 
| 135|0x0000000088700000, 0x0000000088800000, 0x0000000088800000|100%| O|  |TAMS 0x0000000088700000, 0x0000000088700000| Untracked 
| 136|0x0000000088800000, 0x0000000088900000, 0x0000000088900000|100%| O|  |TAMS 0x0000000088800000, 0x0000000088800000| Untracked 
| 137|0x0000000088900000, 0x0000000088a00000, 0x0000000088a00000|100%| O|  |TAMS 0x0000000088900000, 0x0000000088900000| Untracked 
| 138|0x0000000088a00000, 0x0000000088b00000, 0x0000000088b00000|100%| O|  |TAMS 0x0000000088a00000, 0x0000000088a00000| Untracked 
| 139|0x0000000088b00000, 0x0000000088c00000, 0x0000000088c00000|100%| O|  |TAMS 0x0000000088b00000, 0x0000000088b00000| Untracked 
| 140|0x0000000088c00000, 0x0000000088d00000, 0x0000000088d00000|100%| O|  |TAMS 0x0000000088c00000, 0x0000000088c00000| Untracked 
| 141|0x0000000088d00000, 0x0000000088e00000, 0x0000000088e00000|100%| O|  |TAMS 0x0000000088d00000, 0x0000000088d00000| Untracked 
| 142|0x0000000088e00000, 0x0000000088f00000, 0x0000000088f00000|100%| O|  |TAMS 0x0000000088e00000, 0x0000000088e00000| Untracked 
| 143|0x0000000088f00000, 0x0000000089000000, 0x0000000089000000|100%|HS|  |TAMS 0x0000000088f00000, 0x0000000088f00000| Complete 
| 144|0x0000000089000000, 0x0000000089100000, 0x0000000089100000|100%| O|  |TAMS 0x0000000089000000, 0x0000000089000000| Untracked 
| 145|0x0000000089100000, 0x0000000089200000, 0x0000000089200000|100%| O|  |TAMS 0x0000000089100000, 0x0000000089100000| Untracked 
| 146|0x0000000089200000, 0x0000000089300000, 0x0000000089300000|100%| O|  |TAMS 0x0000000089200000, 0x0000000089200000| Untracked 
| 147|0x0000000089300000, 0x0000000089400000, 0x0000000089400000|100%| O|  |TAMS 0x0000000089300000, 0x0000000089300000| Untracked 
| 148|0x0000000089400000, 0x0000000089500000, 0x0000000089500000|100%| O|  |TAMS 0x0000000089400000, 0x0000000089400000| Untracked 
| 149|0x0000000089500000, 0x0000000089600000, 0x0000000089600000|100%| O|  |TAMS 0x0000000089500000, 0x0000000089500000| Untracked 
| 150|0x0000000089600000, 0x0000000089700000, 0x0000000089700000|100%| O|  |TAMS 0x0000000089600000, 0x0000000089600000| Untracked 
| 151|0x0000000089700000, 0x0000000089800000, 0x0000000089800000|100%| O|  |TAMS 0x0000000089700000, 0x0000000089700000| Untracked 
| 152|0x0000000089800000, 0x0000000089900000, 0x0000000089900000|100%| O|  |TAMS 0x0000000089800000, 0x0000000089800000| Untracked 
| 153|0x0000000089900000, 0x0000000089a00000, 0x0000000089a00000|100%| O|  |TAMS 0x0000000089900000, 0x0000000089900000| Untracked 
| 154|0x0000000089a00000, 0x0000000089b00000, 0x0000000089b00000|100%| O|  |TAMS 0x0000000089a00000, 0x0000000089a00000| Untracked 
| 155|0x0000000089b00000, 0x0000000089c00000, 0x0000000089c00000|100%| O|  |TAMS 0x0000000089b00000, 0x0000000089b00000| Untracked 
| 156|0x0000000089c00000, 0x0000000089d00000, 0x0000000089d00000|100%| O|  |TAMS 0x0000000089c00000, 0x0000000089c00000| Untracked 
| 157|0x0000000089d00000, 0x0000000089e00000, 0x0000000089e00000|100%| O|  |TAMS 0x0000000089d00000, 0x0000000089d00000| Untracked 
| 158|0x0000000089e00000, 0x0000000089f00000, 0x0000000089f00000|100%| O|  |TAMS 0x0000000089e00000, 0x0000000089e00000| Untracked 
| 159|0x0000000089f00000, 0x000000008a000000, 0x000000008a000000|100%|HS|  |TAMS 0x0000000089f00000, 0x0000000089f00000| Complete 
| 160|0x000000008a000000, 0x000000008a100000, 0x000000008a100000|100%| O|  |TAMS 0x000000008a000000, 0x000000008a000000| Untracked 
| 161|0x000000008a100000, 0x000000008a200000, 0x000000008a200000|100%| O|  |TAMS 0x000000008a100000, 0x000000008a100000| Untracked 
| 162|0x000000008a200000, 0x000000008a300000, 0x000000008a300000|100%| O|  |TAMS 0x000000008a200000, 0x000000008a200000| Untracked 
| 163|0x000000008a300000, 0x000000008a400000, 0x000000008a400000|100%| O|  |TAMS 0x000000008a300000, 0x000000008a300000| Untracked 
| 164|0x000000008a400000, 0x000000008a500000, 0x000000008a500000|100%|HS|  |TAMS 0x000000008a400000, 0x000000008a400000| Complete 
| 165|0x000000008a500000, 0x000000008a600000, 0x000000008a600000|100%| O|  |TAMS 0x000000008a500000, 0x000000008a500000| Untracked 
| 166|0x000000008a600000, 0x000000008a700000, 0x000000008a700000|100%| O|  |TAMS 0x000000008a600000, 0x000000008a600000| Untracked 
| 167|0x000000008a700000, 0x000000008a800000, 0x000000008a800000|100%| O|  |TAMS 0x000000008a700000, 0x000000008a700000| Untracked 
| 168|0x000000008a800000, 0x000000008a900000, 0x000000008a900000|100%| O|  |TAMS 0x000000008a800000, 0x000000008a800000| Untracked 
| 169|0x000000008a900000, 0x000000008aa00000, 0x000000008aa00000|100%| O|  |TAMS 0x000000008a900000, 0x000000008a900000| Untracked 
| 170|0x000000008aa00000, 0x000000008ab00000, 0x000000008ab00000|100%| O|  |TAMS 0x000000008aa00000, 0x000000008aa00000| Untracked 
| 171|0x000000008ab00000, 0x000000008ac00000, 0x000000008ac00000|100%| O|  |TAMS 0x000000008ab00000, 0x000000008ab00000| Untracked 
| 172|0x000000008ac00000, 0x000000008ad00000, 0x000000008ad00000|100%| O|  |TAMS 0x000000008ac00000, 0x000000008ac00000| Untracked 
| 173|0x000000008ad00000, 0x000000008ae00000, 0x000000008ae00000|100%| O|  |TAMS 0x000000008ad00000, 0x000000008ad00000| Untracked 
| 174|0x000000008ae00000, 0x000000008af00000, 0x000000008af00000|100%| O|  |TAMS 0x000000008ae00000, 0x000000008ae00000| Untracked 
| 175|0x000000008af00000, 0x000000008b000000, 0x000000008b000000|100%| O|  |TAMS 0x000000008af00000, 0x000000008af00000| Untracked 
| 176|0x000000008b000000, 0x000000008b100000, 0x000000008b100000|100%| O|  |TAMS 0x000000008b000000, 0x000000008b000000| Untracked 
| 177|0x000000008b100000, 0x000000008b200000, 0x000000008b200000|100%| O|  |TAMS 0x000000008b100000, 0x000000008b100000| Untracked 
| 178|0x000000008b200000, 0x000000008b300000, 0x000000008b300000|100%| O|  |TAMS 0x000000008b200000, 0x000000008b200000| Untracked 
| 179|0x000000008b300000, 0x000000008b400000, 0x000000008b400000|100%| O|  |TAMS 0x000000008b300000, 0x000000008b300000| Untracked 
| 180|0x000000008b400000, 0x000000008b500000, 0x000000008b500000|100%| O|  |TAMS 0x000000008b400000, 0x000000008b400000| Untracked 
| 181|0x000000008b500000, 0x000000008b600000, 0x000000008b600000|100%| O|  |TAMS 0x000000008b500000, 0x000000008b500000| Untracked 
| 182|0x000000008b600000, 0x000000008b700000, 0x000000008b700000|100%| O|  |TAMS 0x000000008b600000, 0x000000008b600000| Untracked 
| 183|0x000000008b700000, 0x000000008b800000, 0x000000008b800000|100%| O|  |TAMS 0x000000008b700000, 0x000000008b700000| Untracked 
| 184|0x000000008b800000, 0x000000008b900000, 0x000000008b900000|100%| O|  |TAMS 0x000000008b800000, 0x000000008b800000| Untracked 
| 185|0x000000008b900000, 0x000000008ba00000, 0x000000008ba00000|100%| O|  |TAMS 0x000000008b900000, 0x000000008b900000| Untracked 
| 186|0x000000008ba00000, 0x000000008bb00000, 0x000000008bb00000|100%| O|  |TAMS 0x000000008ba00000, 0x000000008ba00000| Untracked 
| 187|0x000000008bb00000, 0x000000008bc00000, 0x000000008bc00000|100%| O|  |TAMS 0x000000008bb00000, 0x000000008bb00000| Untracked 
| 188|0x000000008bc00000, 0x000000008bd00000, 0x000000008bd00000|100%| O|  |TAMS 0x000000008bc00000, 0x000000008bc00000| Untracked 
| 189|0x000000008bd00000, 0x000000008be00000, 0x000000008be00000|100%| O|  |TAMS 0x000000008bd00000, 0x000000008bd00000| Untracked 
| 190|0x000000008be00000, 0x000000008bec0400, 0x000000008bf00000| 75%| O|  |TAMS 0x000000008be00000, 0x000000008be00000| Untracked 
| 191|0x000000008bf00000, 0x000000008bf00000, 0x000000008c000000|  0%| F|  |TAMS 0x000000008bf00000, 0x000000008bf00000| Untracked 
| 192|0x000000008c000000, 0x000000008c000000, 0x000000008c100000|  0%| F|  |TAMS 0x000000008c000000, 0x000000008c000000| Untracked 
| 193|0x000000008c100000, 0x000000008c100000, 0x000000008c200000|  0%| F|  |TAMS 0x000000008c100000, 0x000000008c100000| Untracked 
| 194|0x000000008c200000, 0x000000008c200000, 0x000000008c300000|  0%| F|  |TAMS 0x000000008c200000, 0x000000008c200000| Untracked 
| 195|0x000000008c300000, 0x000000008c300000, 0x000000008c400000|  0%| F|  |TAMS 0x000000008c300000, 0x000000008c300000| Untracked 
| 196|0x000000008c400000, 0x000000008c400000, 0x000000008c500000|  0%| F|  |TAMS 0x000000008c400000, 0x000000008c400000| Untracked 
| 197|0x000000008c500000, 0x000000008c500000, 0x000000008c600000|  0%| F|  |TAMS 0x000000008c500000, 0x000000008c500000| Untracked 
| 198|0x000000008c600000, 0x000000008c600000, 0x000000008c700000|  0%| F|  |TAMS 0x000000008c600000, 0x000000008c600000| Untracked 
| 199|0x000000008c700000, 0x000000008c700000, 0x000000008c800000|  0%| F|  |TAMS 0x000000008c700000, 0x000000008c700000| Untracked 
| 200|0x000000008c800000, 0x000000008c800000, 0x000000008c900000|  0%| F|  |TAMS 0x000000008c800000, 0x000000008c800000| Untracked 
| 201|0x000000008c900000, 0x000000008c900000, 0x000000008ca00000|  0%| F|  |TAMS 0x000000008c900000, 0x000000008c900000| Untracked 
| 202|0x000000008ca00000, 0x000000008ca00000, 0x000000008cb00000|  0%| F|  |TAMS 0x000000008ca00000, 0x000000008ca00000| Untracked 
| 203|0x000000008cb00000, 0x000000008cb00000, 0x000000008cc00000|  0%| F|  |TAMS 0x000000008cb00000, 0x000000008cb00000| Untracked 
| 204|0x000000008cc00000, 0x000000008cc00000, 0x000000008cd00000|  0%| F|  |TAMS 0x000000008cc00000, 0x000000008cc00000| Untracked 
| 205|0x000000008cd00000, 0x000000008cd00000, 0x000000008ce00000|  0%| F|  |TAMS 0x000000008cd00000, 0x000000008cd00000| Untracked 
| 206|0x000000008ce00000, 0x000000008ce00000, 0x000000008cf00000|  0%| F|  |TAMS 0x000000008ce00000, 0x000000008ce00000| Untracked 
| 207|0x000000008cf00000, 0x000000008cf00000, 0x000000008d000000|  0%| F|  |TAMS 0x000000008cf00000, 0x000000008cf00000| Untracked 
| 208|0x000000008d000000, 0x000000008d000000, 0x000000008d100000|  0%| F|  |TAMS 0x000000008d000000, 0x000000008d000000| Untracked 
| 209|0x000000008d100000, 0x000000008d100000, 0x000000008d200000|  0%| F|  |TAMS 0x000000008d100000, 0x000000008d100000| Untracked 
| 210|0x000000008d200000, 0x000000008d200000, 0x000000008d300000|  0%| F|  |TAMS 0x000000008d200000, 0x000000008d200000| Untracked 
| 211|0x000000008d300000, 0x000000008d300000, 0x000000008d400000|  0%| F|  |TAMS 0x000000008d300000, 0x000000008d300000| Untracked 
| 212|0x000000008d400000, 0x000000008d400000, 0x000000008d500000|  0%| F|  |TAMS 0x000000008d400000, 0x000000008d400000| Untracked 
| 213|0x000000008d500000, 0x000000008d500000, 0x000000008d600000|  0%| F|  |TAMS 0x000000008d500000, 0x000000008d500000| Untracked 
| 214|0x000000008d600000, 0x000000008d600000, 0x000000008d700000|  0%| F|  |TAMS 0x000000008d600000, 0x000000008d600000| Untracked 
| 215|0x000000008d700000, 0x000000008d700000, 0x000000008d800000|  0%| F|  |TAMS 0x000000008d700000, 0x000000008d700000| Untracked 
| 216|0x000000008d800000, 0x000000008d800000, 0x000000008d900000|  0%| F|  |TAMS 0x000000008d800000, 0x000000008d800000| Untracked 
| 217|0x000000008d900000, 0x000000008d900000, 0x000000008da00000|  0%| F|  |TAMS 0x000000008d900000, 0x000000008d900000| Untracked 
| 218|0x000000008da00000, 0x000000008da00000, 0x000000008db00000|  0%| F|  |TAMS 0x000000008da00000, 0x000000008da00000| Untracked 
| 219|0x000000008db00000, 0x000000008db00000, 0x000000008dc00000|  0%| F|  |TAMS 0x000000008db00000, 0x000000008db00000| Untracked 
| 220|0x000000008dc00000, 0x000000008dc00000, 0x000000008dd00000|  0%| F|  |TAMS 0x000000008dc00000, 0x000000008dc00000| Untracked 
| 221|0x000000008dd00000, 0x000000008de00000, 0x000000008de00000|100%| S|CS|TAMS 0x000000008dd00000, 0x000000008dd00000| Complete 
| 222|0x000000008de00000, 0x000000008df00000, 0x000000008df00000|100%| S|CS|TAMS 0x000000008de00000, 0x000000008de00000| Complete 
| 223|0x000000008df00000, 0x000000008e000000, 0x000000008e000000|100%| S|CS|TAMS 0x000000008df00000, 0x000000008df00000| Complete 
| 224|0x000000008e000000, 0x000000008e100000, 0x000000008e100000|100%| S|CS|TAMS 0x000000008e000000, 0x000000008e000000| Complete 
| 225|0x000000008e100000, 0x000000008e100000, 0x000000008e200000|  0%| F|  |TAMS 0x000000008e100000, 0x000000008e100000| Untracked 
| 226|0x000000008e200000, 0x000000008e200000, 0x000000008e300000|  0%| F|  |TAMS 0x000000008e200000, 0x000000008e200000| Untracked 
| 227|0x000000008e300000, 0x000000008e300000, 0x000000008e400000|  0%| F|  |TAMS 0x000000008e300000, 0x000000008e300000| Untracked 
| 228|0x000000008e400000, 0x000000008e400000, 0x000000008e500000|  0%| F|  |TAMS 0x000000008e400000, 0x000000008e400000| Untracked 
| 229|0x000000008e500000, 0x000000008e500000, 0x000000008e600000|  0%| F|  |TAMS 0x000000008e500000, 0x000000008e500000| Untracked 
| 230|0x000000008e600000, 0x000000008e600000, 0x000000008e700000|  0%| F|  |TAMS 0x000000008e600000, 0x000000008e600000| Untracked 
| 231|0x000000008e700000, 0x000000008e700000, 0x000000008e800000|  0%| F|  |TAMS 0x000000008e700000, 0x000000008e700000| Untracked 
| 232|0x000000008e800000, 0x000000008e800000, 0x000000008e900000|  0%| F|  |TAMS 0x000000008e800000, 0x000000008e800000| Untracked 
| 233|0x000000008e900000, 0x000000008e900000, 0x000000008ea00000|  0%| F|  |TAMS 0x000000008e900000, 0x000000008e900000| Untracked 
| 234|0x000000008ea00000, 0x000000008ea00000, 0x000000008eb00000|  0%| F|  |TAMS 0x000000008ea00000, 0x000000008ea00000| Untracked 
| 235|0x000000008eb00000, 0x000000008eb00000, 0x000000008ec00000|  0%| F|  |TAMS 0x000000008eb00000, 0x000000008eb00000| Untracked 
| 236|0x000000008ec00000, 0x000000008ec00000, 0x000000008ed00000|  0%| F|  |TAMS 0x000000008ec00000, 0x000000008ec00000| Untracked 
| 237|0x000000008ed00000, 0x000000008ed00000, 0x000000008ee00000|  0%| F|  |TAMS 0x000000008ed00000, 0x000000008ed00000| Untracked 
| 238|0x000000008ee00000, 0x000000008ee00000, 0x000000008ef00000|  0%| F|  |TAMS 0x000000008ee00000, 0x000000008ee00000| Untracked 
| 239|0x000000008ef00000, 0x000000008ef00000, 0x000000008f000000|  0%| F|  |TAMS 0x000000008ef00000, 0x000000008ef00000| Untracked 
| 240|0x000000008f000000, 0x000000008f000000, 0x000000008f100000|  0%| F|  |TAMS 0x000000008f000000, 0x000000008f000000| Untracked 
| 241|0x000000008f100000, 0x000000008f100000, 0x000000008f200000|  0%| F|  |TAMS 0x000000008f100000, 0x000000008f100000| Untracked 
| 242|0x000000008f200000, 0x000000008f200000, 0x000000008f300000|  0%| F|  |TAMS 0x000000008f200000, 0x000000008f200000| Untracked 
| 243|0x000000008f300000, 0x000000008f300000, 0x000000008f400000|  0%| F|  |TAMS 0x000000008f300000, 0x000000008f300000| Untracked 
| 244|0x000000008f400000, 0x000000008f400000, 0x000000008f500000|  0%| F|  |TAMS 0x000000008f400000, 0x000000008f400000| Untracked 
| 245|0x000000008f500000, 0x000000008f500000, 0x000000008f600000|  0%| F|  |TAMS 0x000000008f500000, 0x000000008f500000| Untracked 
| 246|0x000000008f600000, 0x000000008f600000, 0x000000008f700000|  0%| F|  |TAMS 0x000000008f600000, 0x000000008f600000| Untracked 
| 247|0x000000008f700000, 0x000000008f700000, 0x000000008f800000|  0%| F|  |TAMS 0x000000008f700000, 0x000000008f700000| Untracked 
| 248|0x000000008f800000, 0x000000008f800000, 0x000000008f900000|  0%| F|  |TAMS 0x000000008f800000, 0x000000008f800000| Untracked 
| 249|0x000000008f900000, 0x000000008f9c7598, 0x000000008fa00000| 77%| E|  |TAMS 0x000000008f900000, 0x000000008f900000| Complete 
| 250|0x000000008fa00000, 0x000000008fb00000, 0x000000008fb00000|100%| E|CS|TAMS 0x000000008fa00000, 0x000000008fa00000| Complete 
| 251|0x000000008fb00000, 0x000000008fc00000, 0x000000008fc00000|100%| E|CS|TAMS 0x000000008fb00000, 0x000000008fb00000| Complete 
| 252|0x000000008fc00000, 0x000000008fd00000, 0x000000008fd00000|100%| E|CS|TAMS 0x000000008fc00000, 0x000000008fc00000| Complete 
| 253|0x000000008fd00000, 0x000000008fe00000, 0x000000008fe00000|100%| E|CS|TAMS 0x000000008fd00000, 0x000000008fd00000| Complete 
| 254|0x000000008fe00000, 0x000000008ff00000, 0x000000008ff00000|100%| E|CS|TAMS 0x000000008fe00000, 0x000000008fe00000| Complete 
| 255|0x000000008ff00000, 0x0000000090000000, 0x0000000090000000|100%| E|CS|TAMS 0x000000008ff00000, 0x000000008ff00000| Complete 
| 256|0x0000000090000000, 0x0000000090100000, 0x0000000090100000|100%| E|CS|TAMS 0x0000000090000000, 0x0000000090000000| Complete 

Card table byte_map: [0x000002553cf30000,0x000002553d330000] _byte_map_base: 0x000002553cb30000

Marking Bits (Prev, Next): (CMBitMap*) 0x000002552422c6e0, (CMBitMap*) 0x000002552422c720
 Prev Bits: [0x000002553d730000, 0x000002553f730000)
 Next Bits: [0x000002553f730000, 0x0000025541730000)

Polling page: 0x0000025524020000

Metaspace:

Usage:
  Non-class:     86.86 MB used.
      Class:     14.09 MB used.
       Both:    100.95 MB used.

Virtual space:
  Non-class space:      128.00 MB reserved,      87.50 MB ( 68%) committed,  2 nodes.
      Class space:      416.00 MB reserved,      14.56 MB (  4%) committed,  1 nodes.
             Both:      544.00 MB reserved,     102.06 MB ( 19%) committed. 

Chunk freelists:
   Non-Class:  7.86 MB
       Class:  1.38 MB
        Both:  9.23 MB

MaxMetaspaceSize: 512.00 MB
CompressedClassSpaceSize: 416.00 MB
Initial GC threshold: 21.00 MB
Current GC threshold: 106.19 MB
CDS: on
MetaspaceReclaimPolicy: balanced
 - commit_granule_bytes: 65536.
 - commit_granule_words: 8192.
 - virtual_space_node_default_size: 8388608.
 - enlarge_chunks_in_place: 1.
 - new_chunks_are_fully_committed: 0.
 - uncommit_free_chunks: 1.
 - use_allocation_guard: 0.
 - handle_deallocations: 1.


Internal statistics:

num_allocs_failed_limit: 9.
num_arena_births: 1434.
num_arena_deaths: 0.
num_vsnodes_births: 3.
num_vsnodes_deaths: 0.
num_space_committed: 1633.
num_space_uncommitted: 0.
num_chunks_returned_to_freelist: 9.
num_chunks_taken_from_freelist: 6067.
num_chunk_merges: 9.
num_chunk_splits: 3856.
num_chunks_enlarged: 2425.
num_inconsistent_stats: 0.

CodeHeap 'non-profiled nmethods': size=120000Kb used=8363Kb max_used=8363Kb free=111636Kb
 bounds [0x0000025534fd0000, 0x0000025535800000, 0x000002553c500000]
CodeHeap 'profiled nmethods': size=120000Kb used=26544Kb max_used=26544Kb free=93455Kb
 bounds [0x000002552d500000, 0x000002552eef0000, 0x0000025534a30000]
CodeHeap 'non-nmethods': size=5760Kb used=2412Kb max_used=2484Kb free=3347Kb
 bounds [0x0000025534a30000, 0x0000025534cb0000, 0x0000025534fd0000]
 total_blobs=14372 nmethods=13424 adapters=861
 compilation: enabled
              stopped_count=0, restarted_count=0
 full_count=0

Compilation events (20 events):
Event: 97.394 Thread 0x0000025543cf1770 15739       3       org.gradle.internal.execution.steps.ValidateStep::lambda$execute$0 (8 bytes)
Event: 97.394 Thread 0x0000025543cf1770 nmethod 15739 0x000002552eedd990 code [0x000002552eeddb20, 0x000002552eeddc68]
Event: 97.394 Thread 0x0000025543cf1770 15740       3       org.gradle.internal.execution.steps.ValidateStep$$Lambda$604/0x000002554551c258::<init> (15 bytes)
Event: 97.394 Thread 0x0000025543cf1770 nmethod 15740 0x000002552eeddd10 code [0x000002552eeddec0, 0x000002552eede0d8]
Event: 97.394 Thread 0x0000025543cf1770 15741       3       org.gradle.internal.execution.steps.ResolveChangesStep$$Lambda$626/0x0000025545520c18::apply (12 bytes)
Event: 97.395 Thread 0x0000025543cf1770 nmethod 15741 0x000002552eede190 code [0x000002552eede340, 0x000002552eede588]
Event: 97.400 Thread 0x0000025543cf1770 15742       3       org.gradle.internal.execution.steps.ValidateStep$$Lambda$603/0x000002554551c028::<init> (20 bytes)
Event: 97.401 Thread 0x0000025543cf1770 nmethod 15742 0x000002552eede690 code [0x000002552eede840, 0x000002552eedeab8]
Event: 97.401 Thread 0x0000025543cf1770 15743       3       org.gradle.internal.execution.steps.ResolveCachingStateStep::execute (10 bytes)
Event: 97.402 Thread 0x0000025543cf1770 nmethod 15743 0x000002552eedeb90 code [0x000002552eeded40, 0x000002552eedef88]
Event: 97.402 Thread 0x0000025543cf1770 15744       3       org.gradle.internal.execution.steps.ResolveCachingStateStep::execute (124 bytes)
Event: 97.408 Thread 0x0000025543cf1770 nmethod 15744 0x000002552eedf090 code [0x000002552eedf540, 0x000002552eee2228]
Event: 97.408 Thread 0x0000025543cf1770 15745       3       org.gradle.internal.execution.history.changes.ExecutionStateChanges$1::<init> (26 bytes)
Event: 97.409 Thread 0x0000025543cf1770 nmethod 15745 0x000002552eee3010 code [0x000002552eee31c0, 0x000002552eee3498]
Event: 97.409 Thread 0x0000025543cf1770 15746       3       org.gradle.internal.execution.steps.SkipUpToDateStep$$Lambda$628/0x0000025545528220::<init> (10 bytes)
Event: 97.409 Thread 0x0000025543cf1770 nmethod 15746 0x000002552eee3590 code [0x000002552eee3720, 0x000002552eee38d8]
Event: 97.595 Thread 0x0000025569939d20 nmethod 15736 0x00000255357eec90 code [0x00000255357eefa0, 0x00000255357f0e70]
Event: 97.595 Thread 0x0000025569939d20 15748       4       java.math.BigInteger::longValue (32 bytes)
Event: 97.602 Thread 0x0000025569939d20 nmethod 15748 0x00000255357f2690 code [0x00000255357f2820, 0x00000255357f2a48]
Event: 97.602 Thread 0x0000025569939d20 15751       4       java.util.concurrent.locks.AbstractQueuedSynchronizer$ConditionObject::awaitNanos (200 bytes)

GC Heap History (20 events):
Event: 85.286 GC heap before
{Heap before GC invocations=50 (full 0):
 garbage-first heap   total 219136K, used 184320K [0x0000000080000000, 0x0000000100000000)
  region size 1024K, 36 young (36864K), 5 survivors (5120K)
 Metaspace       used 96549K, committed 97600K, reserved 557056K
  class space    used 13544K, committed 14016K, reserved 425984K
}
Event: 85.310 GC heap after
{Heap after GC invocations=51 (full 0):
 garbage-first heap   total 219136K, used 157674K [0x0000000080000000, 0x0000000100000000)
  region size 1024K, 5 young (5120K), 5 survivors (5120K)
 Metaspace       used 96549K, committed 97600K, reserved 557056K
  class space    used 13544K, committed 14016K, reserved 425984K
}
Event: 86.348 GC heap before
{Heap before GC invocations=51 (full 0):
 garbage-first heap   total 219136K, used 184298K [0x0000000080000000, 0x0000000100000000)
  region size 1024K, 31 young (31744K), 5 survivors (5120K)
 Metaspace       used 96804K, committed 97920K, reserved 557056K
  class space    used 13578K, committed 14080K, reserved 425984K
}
Event: 86.367 GC heap after
{Heap after GC invocations=52 (full 0):
 garbage-first heap   total 219136K, used 166148K [0x0000000080000000, 0x0000000100000000)
  region size 1024K, 4 young (4096K), 4 survivors (4096K)
 Metaspace       used 96804K, committed 97920K, reserved 557056K
  class space    used 13578K, committed 14080K, reserved 425984K
}
Event: 87.164 GC heap before
{Heap before GC invocations=52 (full 0):
 garbage-first heap   total 219136K, used 183556K [0x0000000080000000, 0x0000000100000000)
  region size 1024K, 21 young (21504K), 4 survivors (4096K)
 Metaspace       used 96880K, committed 97984K, reserved 557056K
  class space    used 13583K, committed 14080K, reserved 425984K
}
Event: 87.178 GC heap after
{Heap after GC invocations=53 (full 0):
 garbage-first heap   total 263168K, used 170661K [0x0000000080000000, 0x0000000100000000)
  region size 1024K, 3 young (3072K), 3 survivors (3072K)
 Metaspace       used 96880K, committed 97984K, reserved 557056K
  class space    used 13583K, committed 14080K, reserved 425984K
}
Event: 88.828 GC heap before
{Heap before GC invocations=53 (full 0):
 garbage-first heap   total 263168K, used 214693K [0x0000000080000000, 0x0000000100000000)
  region size 1024K, 46 young (47104K), 3 survivors (3072K)
 Metaspace       used 98926K, committed 99904K, reserved 557056K
  class space    used 13899K, committed 14336K, reserved 425984K
}
Event: 88.846 GC heap after
{Heap after GC invocations=54 (full 0):
 garbage-first heap   total 263168K, used 177610K [0x0000000080000000, 0x0000000100000000)
  region size 1024K, 6 young (6144K), 6 survivors (6144K)
 Metaspace       used 98926K, committed 99904K, reserved 557056K
  class space    used 13899K, committed 14336K, reserved 425984K
}
Event: 90.925 GC heap before
{Heap before GC invocations=54 (full 0):
 garbage-first heap   total 263168K, used 217546K [0x0000000080000000, 0x0000000100000000)
  region size 1024K, 45 young (46080K), 6 survivors (6144K)
 Metaspace       used 101233K, committed 102400K, reserved 557056K
  class space    used 14199K, committed 14720K, reserved 425984K
}
Event: 90.964 GC heap after
{Heap after GC invocations=55 (full 0):
 garbage-first heap   total 263168K, used 182733K [0x0000000080000000, 0x0000000100000000)
  region size 1024K, 5 young (5120K), 5 survivors (5120K)
 Metaspace       used 101233K, committed 102400K, reserved 557056K
  class space    used 14199K, committed 14720K, reserved 425984K
}
Event: 92.261 GC heap before
{Heap before GC invocations=55 (full 0):
 garbage-first heap   total 263168K, used 219597K [0x0000000080000000, 0x0000000100000000)
  region size 1024K, 41 young (41984K), 5 survivors (5120K)
 Metaspace       used 101896K, committed 103040K, reserved 557056K
  class space    used 14262K, committed 14784K, reserved 425984K
}
Event: 92.291 GC heap after
{Heap after GC invocations=56 (full 0):
 garbage-first heap   total 263168K, used 187033K [0x0000000080000000, 0x0000000100000000)
  region size 1024K, 5 young (5120K), 5 survivors (5120K)
 Metaspace       used 101896K, committed 103040K, reserved 557056K
  class space    used 14262K, committed 14784K, reserved 425984K
}
Event: 93.408 GC heap before
{Heap before GC invocations=56 (full 0):
 garbage-first heap   total 263168K, used 220825K [0x0000000080000000, 0x0000000100000000)
  region size 1024K, 38 young (38912K), 5 survivors (5120K)
 Metaspace       used 102118K, committed 103296K, reserved 557056K
  class space    used 14276K, committed 14784K, reserved 425984K
}
Event: 93.431 GC heap after
{Heap after GC invocations=57 (full 0):
 garbage-first heap   total 263168K, used 191088K [0x0000000080000000, 0x0000000100000000)
  region size 1024K, 4 young (4096K), 4 survivors (4096K)
 Metaspace       used 102118K, committed 103296K, reserved 557056K
  class space    used 14276K, committed 14784K, reserved 425984K
}
Event: 94.713 GC heap before
{Heap before GC invocations=57 (full 0):
 garbage-first heap   total 263168K, used 222832K [0x0000000080000000, 0x0000000100000000)
  region size 1024K, 36 young (36864K), 4 survivors (4096K)
 Metaspace       used 102817K, committed 104000K, reserved 557056K
  class space    used 14376K, committed 14912K, reserved 425984K
}
Event: 94.738 GC heap after
{Heap after GC invocations=58 (full 0):
 garbage-first heap   total 263168K, used 194524K [0x0000000080000000, 0x0000000100000000)
  region size 1024K, 4 young (4096K), 4 survivors (4096K)
 Metaspace       used 102817K, committed 104000K, reserved 557056K
  class space    used 14376K, committed 14912K, reserved 425984K
}
Event: 96.025 GC heap before
{Heap before GC invocations=58 (full 0):
 garbage-first heap   total 263168K, used 223196K [0x0000000080000000, 0x0000000100000000)
  region size 1024K, 33 young (33792K), 4 survivors (4096K)
 Metaspace       used 103040K, committed 104256K, reserved 557056K
  class space    used 14378K, committed 14912K, reserved 425984K
}
Event: 96.038 GC heap after
{Heap after GC invocations=59 (full 0):
 garbage-first heap   total 263168K, used 195450K [0x0000000080000000, 0x0000000100000000)
  region size 1024K, 2 young (2048K), 2 survivors (2048K)
 Metaspace       used 103040K, committed 104256K, reserved 557056K
  class space    used 14378K, committed 14912K, reserved 425984K
}
Event: 97.465 GC heap before
{Heap before GC invocations=59 (full 0):
 garbage-first heap   total 263168K, used 225146K [0x0000000080000000, 0x0000000100000000)
  region size 1024K, 32 young (32768K), 2 survivors (2048K)
 Metaspace       used 103361K, committed 104448K, reserved 557056K
  class space    used 14423K, committed 14912K, reserved 425984K
}
Event: 97.479 GC heap after
{Heap after GC invocations=60 (full 0):
 garbage-first heap   total 263168K, used 199425K [0x0000000080000000, 0x0000000100000000)
  region size 1024K, 4 young (4096K), 4 survivors (4096K)
 Metaspace       used 103361K, committed 104448K, reserved 557056K
  class space    used 14423K, committed 14912K, reserved 425984K
}

Dll operation events (14 events):
Event: 0.026 Loaded shared library C:\Program Files\Microsoft\jdk-17.0.8.7-hotspot\bin\java.dll
Event: 0.072 Loaded shared library C:\Program Files\Microsoft\jdk-17.0.8.7-hotspot\bin\jsvml.dll
Event: 0.221 Loaded shared library C:\Program Files\Microsoft\jdk-17.0.8.7-hotspot\bin\zip.dll
Event: 0.231 Loaded shared library C:\Program Files\Microsoft\jdk-17.0.8.7-hotspot\bin\instrument.dll
Event: 0.243 Loaded shared library C:\Program Files\Microsoft\jdk-17.0.8.7-hotspot\bin\net.dll
Event: 0.246 Loaded shared library C:\Program Files\Microsoft\jdk-17.0.8.7-hotspot\bin\nio.dll
Event: 0.255 Loaded shared library C:\Program Files\Microsoft\jdk-17.0.8.7-hotspot\bin\zip.dll
Event: 0.869 Loaded shared library C:\Program Files\Microsoft\jdk-17.0.8.7-hotspot\bin\jimage.dll
Event: 1.078 Loaded shared library C:\Program Files\Microsoft\jdk-17.0.8.7-hotspot\bin\verify.dll
Event: 1.565 Loaded shared library C:\Users\vishvjeet\.gradle\native\68d5fa5c4cc2d200863cafc0d521ce42e7d3e7ee720ec0a83991735586a16f82\windows-amd64\native-platform.dll
Event: 1.598 Loaded shared library C:\Users\vishvjeet\.gradle\native\e376f236ea51e6404a007f0833ffe2c6e607c4080706a723a18a27aeea778392\windows-amd64\native-platform-file-events.dll
Event: 4.287 Loaded shared library C:\Program Files\Microsoft\jdk-17.0.8.7-hotspot\bin\management.dll
Event: 4.293 Loaded shared library C:\Program Files\Microsoft\jdk-17.0.8.7-hotspot\bin\management_ext.dll
Event: 6.578 Loaded shared library C:\Program Files\Microsoft\jdk-17.0.8.7-hotspot\bin\sunmscapi.dll

Deoptimization events (20 events):
Event: 96.404 Thread 0x0000025565ed3ae0 Uncommon trap: trap_request=0xffffffc6 fr.pc=0x00000255356b4140 relative=0x00000000000000a0
Event: 96.404 Thread 0x0000025565ed3ae0 Uncommon trap: reason=bimorphic_or_optimized_type_check action=maybe_recompile pc=0x00000255356b4140 method=org.gradle.execution.plan.ActionNode.hasPendingPreExecutionNodes()Z @ 11 c2
Event: 96.404 Thread 0x0000025565ed3ae0 DEOPT PACKING pc=0x00000255356b4140 sp=0x0000008a584fe760
Event: 96.404 Thread 0x0000025565ed3ae0 DEOPT UNPACKING pc=0x0000025534a869a3 sp=0x0000008a584fe6e8 mode 2
Event: 96.433 Thread 0x0000025565ed3ff0 Uncommon trap: trap_request=0xffffffc6 fr.pc=0x00000255356b4140 relative=0x00000000000000a0
Event: 96.433 Thread 0x0000025565ed3ff0 Uncommon trap: reason=bimorphic_or_optimized_type_check action=maybe_recompile pc=0x00000255356b4140 method=org.gradle.execution.plan.ActionNode.hasPendingPreExecutionNodes()Z @ 11 c2
Event: 96.433 Thread 0x0000025565ed3ff0 DEOPT PACKING pc=0x00000255356b4140 sp=0x0000008a582fed80
Event: 96.433 Thread 0x0000025565ed3ff0 DEOPT UNPACKING pc=0x0000025534a869a3 sp=0x0000008a582fed08 mode 2
Event: 96.626 Thread 0x0000025565ed3ff0 Uncommon trap: trap_request=0xffffffc6 fr.pc=0x00000255356b4140 relative=0x00000000000000a0
Event: 96.626 Thread 0x0000025565ed3ff0 Uncommon trap: reason=bimorphic_or_optimized_type_check action=maybe_recompile pc=0x00000255356b4140 method=org.gradle.execution.plan.ActionNode.hasPendingPreExecutionNodes()Z @ 11 c2
Event: 96.626 Thread 0x0000025565ed3ff0 DEOPT PACKING pc=0x00000255356b4140 sp=0x0000008a582fed80
Event: 96.626 Thread 0x0000025565ed3ff0 DEOPT UNPACKING pc=0x0000025534a869a3 sp=0x0000008a582fed08 mode 2
Event: 96.640 Thread 0x0000025565ed3ff0 Uncommon trap: trap_request=0xffffffc6 fr.pc=0x00000255356b4140 relative=0x00000000000000a0
Event: 96.640 Thread 0x0000025565ed3ff0 Uncommon trap: reason=bimorphic_or_optimized_type_check action=maybe_recompile pc=0x00000255356b4140 method=org.gradle.execution.plan.ActionNode.hasPendingPreExecutionNodes()Z @ 11 c2
Event: 96.640 Thread 0x0000025565ed3ff0 DEOPT PACKING pc=0x00000255356b4140 sp=0x0000008a582fed80
Event: 96.640 Thread 0x0000025565ed3ff0 DEOPT UNPACKING pc=0x0000025534a869a3 sp=0x0000008a582fed08 mode 2
Event: 96.695 Thread 0x0000025568f4b900 Uncommon trap: trap_request=0xffffff45 fr.pc=0x000002553521dacc relative=0x000000000000030c
Event: 96.695 Thread 0x0000025568f4b900 Uncommon trap: reason=unstable_if action=reinterpret pc=0x000002553521dacc method=java.util.concurrent.ConcurrentHashMap.addCount(JI)V @ 97 c2
Event: 96.695 Thread 0x0000025568f4b900 DEOPT PACKING pc=0x000002553521dacc sp=0x0000008a53ffd550
Event: 96.695 Thread 0x0000025568f4b900 DEOPT UNPACKING pc=0x0000025534a869a3 sp=0x0000008a53ffd490 mode 2

Classes unloaded (0 events):
No events

Classes redefined (0 events):
No events

Internal exceptions (20 events):
Event: 91.609 Thread 0x00000255658930c0 Implicit null exception at 0x000002553575ca55 to 0x000002553575d160
Event: 91.609 Thread 0x00000255658930c0 Implicit null exception at 0x0000025535761bb4 to 0x000002553576261c
Event: 91.610 Thread 0x00000255658930c0 Implicit null exception at 0x000002553575b74e to 0x000002553575bfe4
Event: 91.748 Thread 0x00000255658930c0 Exception <a 'sun/nio/fs/WindowsException'{0x000000008eade140}> (0x000000008eade140) 
thrown [s\src\hotspot\share\prims\jni.cpp, line 516]
Event: 91.749 Thread 0x00000255658930c0 Exception <a 'sun/nio/fs/WindowsException'{0x000000008eadf790}> (0x000000008eadf790) 
thrown [s\src\hotspot\share\prims\jni.cpp, line 516]
Event: 91.749 Thread 0x00000255658930c0 Exception <a 'sun/nio/fs/WindowsException'{0x000000008eae0e30}> (0x000000008eae0e30) 
thrown [s\src\hotspot\share\prims\jni.cpp, line 516]
Event: 91.750 Thread 0x00000255658930c0 Exception <a 'sun/nio/fs/WindowsException'{0x000000008eae24d0}> (0x000000008eae24d0) 
thrown [s\src\hotspot\share\prims\jni.cpp, line 516]
Event: 93.835 Thread 0x0000025565ed0840 Exception <a 'java/lang/NoSuchMethodError'{0x000000008f3e10f0}: 'void java.lang.invoke.DirectMethodHandle$Holder.invokeStatic(java.lang.Object, java.lang.Object, java.lang.Object, java.lang.Object, int, java.lang.Object, java.lang.Object)'> (0x000000008f3e10f0) 
thrown [s\src\hotspot\share\interpreter\linkResolver.cpp, line 759]
Event: 93.999 Thread 0x00000255704a7080 Exception <a 'java/lang/NoSuchMethodError'{0x000000008ef7db20}: 'java.lang.Object java.lang.invoke.DirectMethodHandle$Holder.invokeSpecialIFC(java.lang.Object, java.lang.Object, java.lang.Object)'> (0x000000008ef7db20) 
thrown [s\src\hotspot\share\interpreter\linkResolver.cpp, line 759]
Event: 94.000 Thread 0x0000025565ed0840 Exception <a 'java/lang/NoSuchMethodError'{0x000000008ef713f0}: 'java.lang.Object java.lang.invoke.DirectMethodHandle$Holder.invokeSpecialIFC(java.lang.Object, java.lang.Object, java.lang.Object)'> (0x000000008ef713f0) 
thrown [s\src\hotspot\share\interpreter\linkResolver.cpp, line 759]
Event: 93.999 Thread 0x0000025565735dc0 Exception <a 'java/lang/NoSuchMethodError'{0x000000008ef910a8}: 'java.lang.Object java.lang.invoke.DirectMethodHandle$Holder.invokeSpecialIFC(java.lang.Object, java.lang.Object, java.lang.Object)'> (0x000000008ef910a8) 
thrown [s\src\hotspot\share\interpreter\linkResolver.cpp, line 759]
Event: 94.000 Thread 0x0000025565893ae0 Exception <a 'java/lang/NoSuchMethodError'{0x000000008ef2ed20}: 'java.lang.Object java.lang.invoke.DirectMethodHandle$Holder.invokeSpecialIFC(java.lang.Object, java.lang.Object, java.lang.Object)'> (0x000000008ef2ed20) 
thrown [s\src\hotspot\share\interpreter\linkResolver.cpp, line 759]
Event: 94.314 Thread 0x0000025565893ae0 Exception <a 'java/lang/NoSuchMethodError'{0x000000008e96b290}: 'void java.lang.invoke.DirectMethodHandle$Holder.invokeVirtual(java.lang.Object, java.lang.Object)'> (0x000000008e96b290) 
thrown [s\src\hotspot\share\interpreter\linkResolver.cpp, line 759]
Event: 96.217 Thread 0x0000025565ed3ae0 Exception <a 'java/lang/ClassNotFoundException'{0x000000008fa08f30}: groovy/util/FileTreeBuilderBeanInfo> (0x000000008fa08f30) 
thrown [s\src\hotspot\share\classfile\systemDictionary.cpp, line 256]
Event: 96.221 Thread 0x0000025565ed3ae0 Exception <a 'java/lang/ClassNotFoundException'{0x000000008fa6a978}: groovy/util/FileTreeBuilderCustomizer> (0x000000008fa6a978) 
thrown [s\src\hotspot\share\classfile\systemDictionary.cpp, line 256]
Event: 96.234 Thread 0x0000025565ed3ae0 Exception <a 'java/lang/ClassNotFoundException'{0x000000008faa19f0}: java/io/BufferedWriterBeanInfo> (0x000000008faa19f0) 
thrown [s\src\hotspot\share\classfile\systemDictionary.cpp, line 256]
Event: 96.235 Thread 0x0000025565ed3ae0 Exception <a 'java/lang/ClassNotFoundException'{0x000000008faa6e30}: java/io/WriterBeanInfo> (0x000000008faa6e30) 
thrown [s\src\hotspot\share\classfile\systemDictionary.cpp, line 256]
Event: 96.236 Thread 0x0000025565ed3ae0 Exception <a 'java/lang/ClassNotFoundException'{0x000000008faac5d8}: java/io/WriterCustomizer> (0x000000008faac5d8) 
thrown [s\src\hotspot\share\classfile\systemDictionary.cpp, line 256]
Event: 96.237 Thread 0x0000025565ed3ae0 Exception <a 'java/lang/ClassNotFoundException'{0x000000008fabaa50}: java/io/BufferedWriterCustomizer> (0x000000008fabaa50) 
thrown [s\src\hotspot\share\classfile\systemDictionary.cpp, line 256]
Event: 96.357 Thread 0x0000025565ed3ae0 Exception <a 'java/lang/NoSuchMethodError'{0x000000008f94a610}: static Lcom/android/build/api/variant/BuildConfigField;.<clinit>()V> (0x000000008f94a610) 
thrown [s\src\hotspot\share\prims\jni.cpp, line 1107]

VM Operations (20 events):
Event: 93.408 Executing VM operation: G1CollectForAllocation
Event: 93.431 Executing VM operation: G1CollectForAllocation done
Event: 93.925 Executing VM operation: HandshakeAllThreads
Event: 93.925 Executing VM operation: HandshakeAllThreads done
Event: 93.943 Executing VM operation: ICBufferFull
Event: 93.944 Executing VM operation: ICBufferFull done
Event: 93.955 Executing VM operation: HandshakeAllThreads
Event: 93.955 Executing VM operation: HandshakeAllThreads done
Event: 94.028 Executing VM operation: HandshakeAllThreads
Event: 94.029 Executing VM operation: HandshakeAllThreads done
Event: 94.713 Executing VM operation: G1CollectForAllocation
Event: 94.739 Executing VM operation: G1CollectForAllocation done
Event: 95.755 Executing VM operation: Cleanup
Event: 95.756 Executing VM operation: Cleanup done
Event: 96.025 Executing VM operation: G1CollectForAllocation
Event: 96.038 Executing VM operation: G1CollectForAllocation done
Event: 96.776 Executing VM operation: ICBufferFull
Event: 96.777 Executing VM operation: ICBufferFull done
Event: 97.465 Executing VM operation: G1CollectForAllocation
Event: 97.479 Executing VM operation: G1CollectForAllocation done

Events (20 events):
Event: 95.546 Thread 0x00000255704a5730 Thread added: 0x00000255704a5730
Event: 95.546 Thread 0x00000255704aa830 Thread added: 0x00000255704aa830
Event: 95.547 Thread 0x00000255704a9900 Thread added: 0x00000255704a9900
Event: 96.153 Thread 0x00000255704ab760 Thread added: 0x00000255704ab760
Event: 96.234 loading class java/io/BufferedWriterBeanInfo
Event: 96.234 loading class java/io/BufferedWriterBeanInfo done
Event: 96.234 loading class java/io/BufferedWriterBeanInfo
Event: 96.234 loading class java/io/BufferedWriterBeanInfo done
Event: 96.235 loading class java/io/WriterBeanInfo
Event: 96.235 loading class java/io/WriterBeanInfo done
Event: 96.235 loading class java/io/WriterBeanInfo
Event: 96.235 loading class java/io/WriterBeanInfo done
Event: 96.235 loading class java/io/WriterCustomizer
Event: 96.235 loading class java/io/WriterCustomizer done
Event: 96.236 loading class java/io/WriterCustomizer
Event: 96.236 loading class java/io/WriterCustomizer done
Event: 96.237 loading class java/io/BufferedWriterCustomizer
Event: 96.237 loading class java/io/BufferedWriterCustomizer done
Event: 96.237 loading class java/io/BufferedWriterCustomizer
Event: 96.237 loading class java/io/BufferedWriterCustomizer done


Dynamic libraries:
0x00007ff639800000 - 0x00007ff63980e000 	C:\Program Files\Microsoft\jdk-17.0.8.7-hotspot\bin\java.exe
0x00007ffe1f2d0000 - 0x00007ffe1f4c8000 	C:\Windows\SYSTEM32\ntdll.dll
0x00007ffe1df20000 - 0x00007ffe1dfdd000 	C:\Windows\System32\KERNEL32.DLL
0x00007ffe1c9b0000 - 0x00007ffe1cca6000 	C:\Windows\System32\KERNELBASE.dll
0x00007ffe1cfe0000 - 0x00007ffe1d0e0000 	C:\Windows\System32\ucrtbase.dll
0x00007ffe18170000 - 0x00007ffe18187000 	C:\Program Files\Microsoft\jdk-17.0.8.7-hotspot\bin\jli.dll
0x00007ffe18050000 - 0x00007ffe1806b000 	C:\Program Files\Microsoft\jdk-17.0.8.7-hotspot\bin\VCRUNTIME140.dll
0x00007ffe1e3a0000 - 0x00007ffe1e53e000 	C:\Windows\System32\USER32.dll
0x00007ffe0efb0000 - 0x00007ffe0f24a000 	C:\Windows\WinSxS\amd64_microsoft.windows.common-controls_6595b64144ccf1df_6.0.19041.3636_none_60b6a03d71f818d5\COMCTL32.dll
0x00007ffe1cd30000 - 0x00007ffe1cd52000 	C:\Windows\System32\win32u.dll
0x00007ffe1d620000 - 0x00007ffe1d64c000 	C:\Windows\System32\GDI32.dll
0x00007ffe1eb30000 - 0x00007ffe1ebce000 	C:\Windows\System32\msvcrt.dll
0x00007ffe1cd60000 - 0x00007ffe1ce7a000 	C:\Windows\System32\gdi32full.dll
0x00007ffe1d0e0000 - 0x00007ffe1d17d000 	C:\Windows\System32\msvcp_win.dll
0x00007ffe1f200000 - 0x00007ffe1f230000 	C:\Windows\System32\IMM32.DLL
0x00007ffe16b80000 - 0x00007ffe16b8c000 	C:\Program Files\Microsoft\jdk-17.0.8.7-hotspot\bin\vcruntime140_1.dll
0x00007ffe01c30000 - 0x00007ffe01cbd000 	C:\Program Files\Microsoft\jdk-17.0.8.7-hotspot\bin\msvcp140.dll
0x00007ffdd83c0000 - 0x00007ffdd9025000 	C:\Program Files\Microsoft\jdk-17.0.8.7-hotspot\bin\server\jvm.dll
0x00007ffe1ea80000 - 0x00007ffe1eb2f000 	C:\Windows\System32\ADVAPI32.dll
0x00007ffe1d330000 - 0x00007ffe1d3cc000 	C:\Windows\System32\sechost.dll
0x00007ffe1d4f0000 - 0x00007ffe1d616000 	C:\Windows\System32\RPCRT4.dll
0x00007ffe08e30000 - 0x00007ffe08e39000 	C:\Windows\SYSTEM32\WSOCK32.dll
0x00007ffe1c530000 - 0x00007ffe1c57b000 	C:\Windows\SYSTEM32\POWRPROF.dll
0x00007ffe14960000 - 0x00007ffe14987000 	C:\Windows\SYSTEM32\WINMM.dll
0x00007ffe1e330000 - 0x00007ffe1e39b000 	C:\Windows\System32\WS2_32.dll
0x00007ffe14950000 - 0x00007ffe1495a000 	C:\Windows\SYSTEM32\VERSION.dll
0x00007ffe1c510000 - 0x00007ffe1c522000 	C:\Windows\SYSTEM32\UMPDC.dll
0x00007ffe1b200000 - 0x00007ffe1b212000 	C:\Windows\SYSTEM32\kernel.appcore.dll
0x00007ffe16b70000 - 0x00007ffe16b7a000 	C:\Program Files\Microsoft\jdk-17.0.8.7-hotspot\bin\jimage.dll
0x00007ffe1aff0000 - 0x00007ffe1b1d4000 	C:\Windows\SYSTEM32\DBGHELP.DLL
0x00007ffe04af0000 - 0x00007ffe04b24000 	C:\Windows\SYSTEM32\dbgcore.DLL
0x00007ffe1d2a0000 - 0x00007ffe1d322000 	C:\Windows\System32\bcryptPrimitives.dll
0x00007ffe06100000 - 0x00007ffe0610e000 	C:\Program Files\Microsoft\jdk-17.0.8.7-hotspot\bin\instrument.dll
0x00007ffe02560000 - 0x00007ffe02585000 	C:\Program Files\Microsoft\jdk-17.0.8.7-hotspot\bin\java.dll
0x00007ffe01b50000 - 0x00007ffe01c27000 	C:\Program Files\Microsoft\jdk-17.0.8.7-hotspot\bin\jsvml.dll
0x00007ffe1d730000 - 0x00007ffe1de75000 	C:\Windows\System32\SHELL32.dll
0x00007ffe1a710000 - 0x00007ffe1aeab000 	C:\Windows\SYSTEM32\windows.storage.dll
0x00007ffe1e670000 - 0x00007ffe1e9c4000 	C:\Windows\System32\combase.dll
0x00007ffe1c380000 - 0x00007ffe1c3ad000 	C:\Windows\SYSTEM32\Wldp.dll
0x00007ffe1e9d0000 - 0x00007ffe1ea7d000 	C:\Windows\System32\SHCORE.dll
0x00007ffe1deb0000 - 0x00007ffe1df05000 	C:\Windows\System32\shlwapi.dll
0x00007ffe1c8e0000 - 0x00007ffe1c905000 	C:\Windows\SYSTEM32\profapi.dll
0x00007ffe02390000 - 0x00007ffe023a8000 	C:\Program Files\Microsoft\jdk-17.0.8.7-hotspot\bin\zip.dll
0x00007ffe114b0000 - 0x00007ffe114c9000 	C:\Program Files\Microsoft\jdk-17.0.8.7-hotspot\bin\net.dll
0x00007ffe12100000 - 0x00007ffe1220a000 	C:\Windows\SYSTEM32\WINHTTP.dll
0x00007ffe1c080000 - 0x00007ffe1c0ea000 	C:\Windows\system32\mswsock.dll
0x00007ffe024f0000 - 0x00007ffe02506000 	C:\Program Files\Microsoft\jdk-17.0.8.7-hotspot\bin\nio.dll
0x00007ffe14550000 - 0x00007ffe14560000 	C:\Program Files\Microsoft\jdk-17.0.8.7-hotspot\bin\verify.dll
0x00007ffe02610000 - 0x00007ffe02637000 	C:\Users\vishvjeet\.gradle\native\68d5fa5c4cc2d200863cafc0d521ce42e7d3e7ee720ec0a83991735586a16f82\windows-amd64\native-platform.dll
0x00007ffdf0040000 - 0x00007ffdf0184000 	C:\Users\vishvjeet\.gradle\native\e376f236ea51e6404a007f0833ffe2c6e607c4080706a723a18a27aeea778392\windows-amd64\native-platform-file-events.dll
0x00007ffe060f0000 - 0x00007ffe060f9000 	C:\Program Files\Microsoft\jdk-17.0.8.7-hotspot\bin\management.dll
0x00007ffe05e50000 - 0x00007ffe05e5b000 	C:\Program Files\Microsoft\jdk-17.0.8.7-hotspot\bin\management_ext.dll
0x00007ffe1df10000 - 0x00007ffe1df18000 	C:\Windows\System32\PSAPI.DLL
0x00007ffe1c2e0000 - 0x00007ffe1c2f8000 	C:\Windows\SYSTEM32\CRYPTSP.dll
0x00007ffe1b9b0000 - 0x00007ffe1b9e4000 	C:\Windows\system32\rsaenh.dll
0x00007ffe1ccb0000 - 0x00007ffe1ccd7000 	C:\Windows\System32\bcrypt.dll
0x00007ffe1c860000 - 0x00007ffe1c88e000 	C:\Windows\SYSTEM32\USERENV.dll
0x00007ffe1c2d0000 - 0x00007ffe1c2dc000 	C:\Windows\SYSTEM32\CRYPTBASE.dll
0x00007ffe1bd70000 - 0x00007ffe1bdab000 	C:\Windows\SYSTEM32\IPHLPAPI.DLL
0x00007ffe1de80000 - 0x00007ffe1de88000 	C:\Windows\System32\NSI.dll
0x00007ffe12480000 - 0x00007ffe12497000 	C:\Windows\SYSTEM32\dhcpcsvc6.DLL
0x00007ffe124e0000 - 0x00007ffe124fd000 	C:\Windows\SYSTEM32\dhcpcsvc.DLL
0x00007ffe1bdb0000 - 0x00007ffe1be7a000 	C:\Windows\SYSTEM32\DNSAPI.dll
0x00007ffe05e40000 - 0x00007ffe05e4e000 	C:\Program Files\Microsoft\jdk-17.0.8.7-hotspot\bin\sunmscapi.dll
0x00007ffe1ce80000 - 0x00007ffe1cfdd000 	C:\Windows\System32\CRYPT32.dll
0x00007ffe1c3f0000 - 0x00007ffe1c417000 	C:\Windows\SYSTEM32\ncrypt.dll
0x00007ffe1c3b0000 - 0x00007ffe1c3eb000 	C:\Windows\SYSTEM32\NTASN1.dll
0x00007ffe03420000 - 0x00007ffe03427000 	C:\Windows\system32\wshunix.dll
0x00007ffdfe890000 - 0x00007ffdfe8a7000 	C:\Windows\system32\napinsp.dll
0x00007ffdfc320000 - 0x00007ffdfc33b000 	C:\Windows\system32\pnrpnsp.dll
0x00007ffe178d0000 - 0x00007ffe178e5000 	C:\Windows\system32\wshbth.dll
0x00007ffe17fb0000 - 0x00007ffe17fcd000 	C:\Windows\system32\NLAapi.dll
0x00007ffdfc040000 - 0x00007ffdfc052000 	C:\Windows\System32\winrnr.dll
0x00007ffe14930000 - 0x00007ffe1493a000 	C:\Windows\System32\rasadhlp.dll
0x00007ffe10810000 - 0x00007ffe10890000 	C:\Windows\System32\fwpuclnt.dll

dbghelp: loaded successfully - version: 4.0.5 - missing functions: none
symbol engine: initialized successfully - sym options: 0x614 - pdb path: .;C:\Program Files\Microsoft\jdk-17.0.8.7-hotspot\bin;C:\Windows\SYSTEM32;C:\Windows\WinSxS\amd64_microsoft.windows.common-controls_6595b64144ccf1df_6.0.19041.3636_none_60b6a03d71f818d5;C:\Program Files\Microsoft\jdk-17.0.8.7-hotspot\bin\server;C:\Users\vishvjeet\.gradle\native\68d5fa5c4cc2d200863cafc0d521ce42e7d3e7ee720ec0a83991735586a16f82\windows-amd64;C:\Users\vishvjeet\.gradle\native\e376f236ea51e6404a007f0833ffe2c6e607c4080706a723a18a27aeea778392\windows-amd64

VM Arguments:
jvm_args: -XX:MaxMetaspaceSize=512m --add-opens=java.base/java.util=ALL-UNNAMED --add-opens=java.base/java.lang=ALL-UNNAMED --add-opens=java.base/java.lang.invoke=ALL-UNNAMED --add-opens=java.prefs/java.util.prefs=ALL-UNNAMED --add-opens=java.base/java.nio.charset=ALL-UNNAMED --add-opens=java.base/java.net=ALL-UNNAMED --add-opens=java.base/java.util.concurrent.atomic=ALL-UNNAMED -Xmx2048m -Dfile.encoding=windows-1252 -Duser.country=IN -Duser.language=en -Duser.variant -javaagent:C:\Users\vishvjeet\.gradle\wrapper\dists\gradle-8.3-all\6en3ugtfdg5xnpx44z4qbwgas\gradle-8.3\lib\agents\gradle-instrumentation-agent-8.3.jar 
java_command: org.gradle.launcher.daemon.bootstrap.GradleDaemon 8.3
java_class_path (initial): C:\Users\vishvjeet\.gradle\wrapper\dists\gradle-8.3-all\6en3ugtfdg5xnpx44z4qbwgas\gradle-8.3\lib\gradle-launcher-8.3.jar
Launcher Type: SUN_STANDARD

[Global flags]
     intx CICompilerCount                          = 3                                         {product} {ergonomic}
   size_t CompressedClassSpaceSize                 = 436207616                                 {product} {ergonomic}
     uint ConcGCThreads                            = 1                                         {product} {ergonomic}
     uint G1ConcRefinementThreads                  = 4                                         {product} {ergonomic}
   size_t G1HeapRegionSize                         = 1048576                                   {product} {ergonomic}
    uintx GCDrainStackTargetSize                   = 64                                        {product} {ergonomic}
   size_t InitialHeapSize                          = 117440512                                 {product} {ergonomic}
   size_t MarkStackSize                            = 4194304                                   {product} {ergonomic}
   size_t MaxHeapSize                              = 2147483648                                {product} {command line}
   size_t MaxMetaspaceSize                         = 536870912                                 {product} {command line}
   size_t MaxNewSize                               = 1287651328                                {product} {ergonomic}
   size_t MinHeapDeltaBytes                        = 1048576                                   {product} {ergonomic}
   size_t MinHeapSize                              = 8388608                                   {product} {ergonomic}
    uintx NonNMethodCodeHeapSize                   = 5832780                                {pd product} {ergonomic}
    uintx NonProfiledCodeHeapSize                  = 122912730                              {pd product} {ergonomic}
    uintx ProfiledCodeHeapSize                     = 122912730                              {pd product} {ergonomic}
    uintx ReservedCodeCacheSize                    = 251658240                              {pd product} {ergonomic}
     bool SegmentedCodeCache                       = true                                      {product} {ergonomic}
   size_t SoftMaxHeapSize                          = 2147483648                             {manageable} {ergonomic}
     bool UseCompressedClassPointers               = true                           {product lp64_product} {ergonomic}
     bool UseCompressedOops                        = true                           {product lp64_product} {ergonomic}
     bool UseG1GC                                  = true                                      {product} {ergonomic}
     bool UseLargePagesIndividualAllocation        = false                                  {pd product} {ergonomic}

Logging:
Log output configuration:
 #0: stdout all=warning uptime,level,tags
 #1: stderr all=off uptime,level,tags

Environment Variables:
JAVA_HOME=C:\Program Files\Microsoft\jdk-17.0.8.7-hotspot\
CLASSPATH=C:\Users\vishvjeet\Desktop\ReactNative\SecondProject\DatingApp\android\\gradle\wrapper\gradle-wrapper.jar
PATH=C:\Users\vishvjeet\Desktop\ReactNative\SecondProject\DatingApp\node_modules\.bin;C:\Users\vishvjeet\Desktop\ReactNative\SecondProject\DatingApp\node_modules\.bin;C:\Users\vishvjeet\Desktop\ReactNative\SecondProject\node_modules\.bin;C:\Users\vishvjeet\Desktop\ReactNative\node_modules\.bin;C:\Users\vishvjeet\Desktop\node_modules\.bin;C:\Users\vishvjeet\node_modules\.bin;C:\Users\node_modules\.bin;C:\node_modules\.bin;C:\Users\vishvjeet\AppData\Roaming\npm\node_modules\npm\node_modules\@npmcli\run-script\lib\node-gyp-bin;C:\Users\vishvjeet\Desktop\ReactNative\SecondProject\DatingApp\node_modules\.bin;C:\Users\vishvjeet\Desktop\ReactNative\SecondProject\node_modules\.bin;C:\Users\vishvjeet\Desktop\ReactNative\node_modules\.bin;C:\Users\vishvjeet\Desktop\node_modules\.bin;C:\Users\vishvjeet\node_modules\.bin;C:\Users\node_modules\.bin;C:\node_modules\.bin;C:\Users\vishvjeet\AppData\Roaming\npm\node_modules\npm\node_modules\@npmcli\run-script\lib\node-gyp-bin;C:\Program Files\Microsoft\jdk-17.0.8.7-hotspot\bin;C:\Program Files\Microsoft\jdk-11.0.20.8-hotspot\bin;C:\Program Files\OpenLogic\jdk-11.0.21.9-hotspot\bin;C:\Python311\Scripts\;C:\Python311\;C:\Windows\system32;C:\Windows;C:\Windows\System32\Wbem;C:\Windows\System32\WindowsPowerShell\v1.0\;C:\Windows\System32\OpenSSH\;C:\Program Files\Microsoft SQL Server\150\Tools\Binn\;C:\Program Files\Microsoft SQL Server\Client SDK\ODBC\170\Tools\Binn\;C:\Program Files (x86)\Microsoft SQL Server\160\DTS\Binn\;C:\Program Files\Azure Data Studio\bin;C:\Program Files (x86)\Microsoft SQL Server\160\Tools\Binn\;C:\Program Files\Microsoft SQL Server\160\Tools\Binn\;C:\Program Files\Microsoft SQL Server\160\DTS\Binn\;C:\ProgramData\chocolatey\bin;C:\Program Files\dotnet\;C:\Program Files\nodejs\;C:\Users\vishvjeet\AppData\Local\Android\Sdk;C:\Users\vishvjeet\AppData\Local\Android\Sdk\platform-tools;C:\Users\vishvjeet\AppData\Local\Microsoft\WindowsApps;C:\Program Files\Azure Data Studio\bin;C:\Users\vishvjeet\AppData\Local\GitHubD
USERNAME=vishvjeet
LANG=en_US.UTF-8
OS=Windows_NT
PROCESSOR_IDENTIFIER=AMD64 Family 22 Model 48 Stepping 1, AuthenticAMD
TMP=C:\Users\VISHVJ~1\AppData\Local\Temp
TEMP=C:\Users\VISHVJ~1\AppData\Local\Temp



---------------  S Y S T E M  ---------------

OS:
 Windows 10 , 64 bit Build 19041 (10.0.19041.3636)
OS uptime: 10 days 16:49 hours

CPU: total 4 (initial active 4) (4 cores per cpu, 1 threads per core) family 22 model 48 stepping 1 microcode 0x0, cx8, cmov, fxsr, mmx, 3dnowpref, sse, sse2, sse3, ssse3, sse4a, sse4.1, sse4.2, popcnt, lzcnt, tsc, tscinvbit, avx, aes, clmul, bmi1, vzeroupper, clflush
Processor Information for all 4 processors :
  Max Mhz: 2000, Current Mhz: 2000, Mhz Limit: 2000

Memory: 4k page, system-wide physical 7128M (943M free)
TotalPageFile size 17368M (AvailPageFile size 7951M)
current process WorkingSet (physical memory assigned to process): 573M, peak: 578M
current process commit charge ("private bytes"): 615M, peak: 621M

vm_info: OpenJDK 64-Bit Server VM (17.0.8+7-LTS) for windows-amd64 JRE (17.0.8+7-LTS), built on Jul  7 2023 17:21:55 by "MicrosoftCorporation" with MS VC++ 16.10 / 16.11 (VS2019)

END.
