#
# A fatal error has been detected by the Java Runtime Environment:
#
#  EXCEPTION_ACCESS_VIOLATION (0xc0000005) at pc=0x00007ffddc51e0a9, pid=9620, tid=8140
#
# JRE version: OpenJDK Runtime Environment Microsoft-8035246 (17.0.8+7) (build 17.0.8+7-LTS)
# Java VM: OpenJDK 64-Bit Server VM Microsoft-8035246 (17.0.8+7-LTS, mixed mode, sharing, tiered, compressed oops, compressed class ptrs, g1 gc, windows-amd64)
# Problematic frame:
# V  [jvm.dll+0x2be0a9]
#
# No core dump will be written. Minidumps are not enabled by default on client versions of Windows
#
# If you would like to submit a bug report, please visit:
#   https://github.com/microsoft/openjdk/issues
#

---------------  S U M M A R Y ------------

Command Line: -XX:MaxMetaspaceSize=512m --add-opens=java.base/java.util=ALL-UNNAMED --add-opens=java.base/java.lang=ALL-UNNAMED --add-opens=java.base/java.lang.invoke=ALL-UNNAMED --add-opens=java.prefs/java.util.prefs=ALL-UNNAMED --add-opens=java.base/java.nio.charset=ALL-UNNAMED --add-opens=java.base/java.net=ALL-UNNAMED --add-opens=java.base/java.util.concurrent.atomic=ALL-UNNAMED -Xmx2048m -Dfile.encoding=windows-1252 -Duser.country=IN -Duser.language=en -Duser.variant -javaagent:C:\Users\vishvjeet\.gradle\wrapper\dists\gradle-8.3-all\6en3ugtfdg5xnpx44z4qbwgas\gradle-8.3\lib\agents\gradle-instrumentation-agent-8.3.jar org.gradle.launcher.daemon.bootstrap.GradleDaemon 8.3

Host: AMD A6-7310 APU with AMD Radeon R4 Graphics    , 4 cores, 6G,  Windows 10 , 64 bit Build 19041 (10.0.19041.3636)
Time: Thu Jan 25 11:56:49 2024 India Standard Time elapsed time: 83.700914 seconds (0d 0h 1m 23s)

---------------  T H R E A D  ---------------

Current thread (0x000002471d5dee90):  JavaThread "C2 CompilerThread0" daemon [_thread_in_native, id=8140, stack(0x0000009537300000,0x0000009537400000)]


Current CompileTask:
C2:  83701 14876       4       org.gradle.cache.internal.AsyncCacheAccessDecoratedCache$$Lambda$512/0x000002471f47e828::create (12 bytes)

Stack: [0x0000009537300000,0x0000009537400000],  sp=0x00000095373fb500,  free space=1005k
Native frames: (J=compiled Java code, j=interpreted, Vv=VM code, C=native code)
V  [jvm.dll+0x2be0a9]
V  [jvm.dll+0x21ba8b]
V  [jvm.dll+0x21944b]
V  [jvm.dll+0x1a56b6]
V  [jvm.dll+0x2291ea]
V  [jvm.dll+0x22724c]
V  [jvm.dll+0x7efd0c]
V  [jvm.dll+0x7ea13a]
V  [jvm.dll+0x67ad85]
C  [ucrtbase.dll+0x21bb2]
C  [KERNEL32.DLL+0x17344]
C  [ntdll.dll+0x526b1]


siginfo: EXCEPTION_ACCESS_VIOLATION (0xc0000005), reading address 0x0000000000000028


Register to memory mapping:

RIP=0x00007ffddc51e0a9 jvm.dll
RAX=0x00000247408a0080 points into unknown readable memory: 0x0000000000000000 | 00 00 00 00 00 00 00 00
RBX=0x00000000000017ca is an unknown value
RCX=0x00000247408b0080 points into unknown readable memory: 0x0000000000000000 | 00 00 00 00 00 00 00 00
RDX=0x0 is NULL
RSP=0x00000095373fb500 is pointing into the stack for thread: 0x000002471d5dee90
RBP=0x00000095373fb570 is pointing into the stack for thread: 0x000002471d5dee90
RSI=0x0 is NULL
RDI=0x0000000000000048 is an unknown value
R8 =0x0 is NULL
R9 =0x0 is NULL
R10=0x00007ffdf5300000 VCRUNTIME140.dll
R11=0x00000247408a00a0 points into unknown readable memory: 0x0000000000000000 | 00 00 00 00 00 00 00 00
R12=0x0000000000000050 is an unknown value
R13=0x0 is NULL
R14=0x0 is NULL
R15=0x00000095373fe720 is pointing into the stack for thread: 0x000002471d5dee90


Registers:
RAX=0x00000247408a0080, RBX=0x00000000000017ca, RCX=0x00000247408b0080, RDX=0x0000000000000000
RSP=0x00000095373fb500, RBP=0x00000095373fb570, RSI=0x0000000000000000, RDI=0x0000000000000048
R8 =0x0000000000000000, R9 =0x0000000000000000, R10=0x00007ffdf5300000, R11=0x00000247408a00a0
R12=0x0000000000000050, R13=0x0000000000000000, R14=0x0000000000000000, R15=0x00000095373fe720
RIP=0x00007ffddc51e0a9, EFLAGS=0x0000000000010246

Top of Stack: (sp=0x00000095373fb500)
0x00000095373fb500:   00000000000017ca 0000000000000000
0x00000095373fb510:   00000095373fe720 00007ffddc4838d1
0x00000095373fb520:   000002471d5d3110 00007ffd00002000
0x00000095373fb530:   00000247408a0080 0000000000000000
0x00000095373fb540:   0000000000000002 0000024742a76250
0x00000095373fb550:   0000000000000002 000002471d5d3110
0x00000095373fb560:   0000000000000000 0000000000000000
0x00000095373fb570:   000002471d5b1040 000002477da56f80
0x00000095373fb580:   0000000000000048 00007ffddcba4c08
0x00000095373fb590:   00000095373fb6a0 00007ffddc47ba8b
0x00000095373fb5a0:   00000095373fe720 00007ffddcba4c08
0x00000095373fb5b0:   00000095373fe720 00000095373fb6a0
0x00000095373fb5c0:   0000009500000000 00000095373ff280
0x00000095373fb5d0:   000000950000000f 00000095373fe720
0x00000095373fb5e0:   00000095373fb750 0000024700000000
0x00000095373fb5f0:   0000024700000100 00007ffddcba4c08 

Instructions: (pc=0x00007ffddc51e0a9)
0x00007ffddc51dfa9:   3b d0 75 0b ff c1 41 3b c9 7c dc 48 8b c2 c3 33
0x00007ffddc51dfb9:   c0 c3 cc cc cc cc cc 48 89 5c 24 18 55 56 57 41
0x00007ffddc51dfc9:   55 41 57 48 8b ec 48 83 ec 70 65 48 8b 04 25 58
0x00007ffddc51dfd9:   00 00 00 48 8b f2 44 8b 05 d2 8b 90 00 4c 8b f9
0x00007ffddc51dfe9:   4a 8b 1c c0 b8 50 00 00 00 80 3c 18 00 75 05 e8
0x00007ffddc51dff9:   8b 6f 5d 00 b8 20 00 00 00 48 8b 04 18 48 8b 98
0x00007ffddc51e009:   38 02 00 00 48 89 5d b0 c7 45 b8 04 00 00 00 48
0x00007ffddc51e019:   8b 43 18 48 83 f8 df 76 18 4c 8d 05 37 a9 65 00
0x00007ffddc51e029:   ba 20 00 00 00 48 8b cb e8 5a eb de ff 48 8b 43
0x00007ffddc51e039:   18 48 8d 48 20 48 3b 4b 20 76 11 45 33 c0 48 8b
0x00007ffddc51e049:   cb 41 8d 50 20 e8 fd e8 de ff eb 04 48 89 4b 18
0x00007ffddc51e059:   44 8b 45 b8 33 d2 49 c1 e0 03 48 8b c8 48 89 45
0x00007ffddc51e069:   c0 e8 e3 80 5d 00 45 33 ed 48 8d 4d d0 44 89 6d
0x00007ffddc51e079:   c8 e8 01 59 56 00 41 8b 9f 40 02 00 00 41 2b 9f
0x00007ffddc51e089:   68 02 00 00 44 89 6d f0 3b 5d b8 72 0b 8b d3 48
0x00007ffddc51e099:   8d 4d b0 e8 6f b3 39 00 48 8b 45 c0 4c 89 2c d8
0x00007ffddc51e0a9:   8b 7e 28 8b df c1 eb 05 3b 5d d0 72 0b 8b d3 48
0x00007ffddc51e0b9:   8d 4d d0 e8 1f 59 56 00 48 8b 45 d8 83 e7 1f 48
0x00007ffddc51e0c9:   8d 14 98 40 0f b6 cf 41 b8 01 00 00 00 41 d3 e0
0x00007ffddc51e0d9:   8b 0a 8b c1 41 0b c0 89 02 41 85 c8 75 21 8b 5d
0x00007ffddc51e0e9:   c8 8d 43 01 89 45 c8 3b 5d b8 72 0b 8b d3 48 8d
0x00007ffddc51e0f9:   4d b0 e8 10 b3 39 00 48 8b 45 c0 48 89 34 d8 44
0x00007ffddc51e109:   39 6d c8 0f 86 77 01 00 00 4c 89 a4 24 a0 00 00
0x00007ffddc51e119:   00 4c 89 b4 24 a8 00 00 00 48 8b 45 c0 41 8b cd
0x00007ffddc51e129:   48 8b 34 c8 8b 46 2c 25 ff 1f 00 00 3d 04 10 00
0x00007ffddc51e139:   00 0f 85 a7 00 00 00 bb 01 00 00 00 39 5e 18 76
0x00007ffddc51e149:   39 66 0f 1f 44 00 00 48 8b 46 08 8b cb 48 8b 14
0x00007ffddc51e159:   c8 48 85 d2 74 1d 48 83 7a 10 00 74 16 80 7a 2c
0x00007ffddc51e169:   84 74 10 e8 7f 7e ee ff 48 8b d0 49 8b cf e8 a4
0x00007ffddc51e179:   61 f6 ff ff c3 3b 5e 18 72 cd 48 8b 5e 10 8b 46
0x00007ffddc51e189:   20 4c 8d 34 c3 49 3b de 73 54 48 8b 3b 8b 47 2c
0x00007ffddc51e199:   83 e0 03 3c 03 75 2e 48 8b 07 48 8b cf ff 90 88 


Stack slot to memory mapping:
stack at sp + 0 slots: 0x00000000000017ca is an unknown value
stack at sp + 1 slots: 0x0 is NULL
stack at sp + 2 slots: 0x00000095373fe720 is pointing into the stack for thread: 0x000002471d5dee90
stack at sp + 3 slots: 0x00007ffddc4838d1 jvm.dll
stack at sp + 4 slots: 0x000002471d5d3110 points into unknown readable memory: 0x0000000000000006 | 06 00 00 00 00 00 00 00
stack at sp + 5 slots: 0x00007ffd00002000 is an unknown value
stack at sp + 6 slots: 0x00000247408a0080 points into unknown readable memory: 0x0000000000000000 | 00 00 00 00 00 00 00 00
stack at sp + 7 slots: 0x0 is NULL


---------------  P R O C E S S  ---------------

Threads class SMR info:
_java_thread_list=0x00000247484fa430, length=92, elements={
0x000002477da3eea0, 0x000002471d5bff80, 0x000002471d5c1320, 0x000002471d5d3990,
0x000002471d5d5be0, 0x000002471d5da4c0, 0x000002471d5dad90, 0x000002471d5dee90,
0x000002471d5e87c0, 0x000002471d5fb8a0, 0x000002471d5acdc0, 0x000002471d9790f0,
0x000002473eb56da0, 0x000002473ed66c60, 0x000002473f277e60, 0x000002473eee29e0,
0x000002473e7ef8c0, 0x000002473e25f0a0, 0x000002473f9c6bb0, 0x000002473dcfb540,
0x000002473dcfab20, 0x000002473dcfbf60, 0x000002473dcfb030, 0x000002473dcfba50,
0x000002473d143060, 0x000002473d147740, 0x000002473d147c50, 0x000002473d146300,
0x000002473d141c20, 0x000002473d146810, 0x000002473d1449b0, 0x000002473d143570,
0x000002473d144ec0, 0x000002473d148b80, 0x000002473d143a80, 0x000002473d146d20,
0x000002473d142130, 0x000002473d142b50, 0x000002473d141710, 0x000002473d148160,
0x000002473d148670, 0x000002473d1444a0, 0x000002473d1453d0, 0x000002473d1458e0,
0x000002473d145df0, 0x000002473d149090, 0x000002473f30c6d0, 0x000002473f309940,
0x000002473f30f460, 0x000002473f308a10, 0x000002473f308f20, 0x000002473f30d0f0,
0x000002473f309430, 0x000002473f309e50, 0x000002473f30a360, 0x000002473f30a870,
0x000002473f30ad80, 0x000002473f30e020, 0x000002473f30b290, 0x000002473f30b7a0,
0x000002473f30cbe0, 0x000002473f30bcb0, 0x000002473f30c1c0, 0x000002473f30ef50,
0x000002473f307ff0, 0x000002473f30f970, 0x0000024743b77710, 0x0000024743b758b0,
0x0000024743b78640, 0x0000024743b7a4a0, 0x0000024743b762d0, 0x0000024743b79f90,
0x0000024743b767e0, 0x0000024743b77200, 0x0000024743b78130, 0x000002473d14a1d0,
0x0000024743b7b3d0, 0x0000024743b79060, 0x0000024743b79570, 0x0000024743b7a9b0,
0x0000024743b74980, 0x0000024743b79a80, 0x0000024743b7aec0, 0x0000024743b7bdf0,
0x0000024743b7c300, 0x0000024748ab3de0, 0x0000024748ab29a0, 0x0000024748ab5c40,
0x0000024748ab5220, 0x0000024748ab2eb0, 0x0000024748ab6150, 0x0000024748ab1050
}

Java Threads: ( => current thread )
  0x000002477da3eea0 JavaThread "main" [_thread_blocked, id=8636, stack(0x0000009536600000,0x0000009536700000)]
  0x000002471d5bff80 JavaThread "Reference Handler" daemon [_thread_blocked, id=16468, stack(0x0000009536d00000,0x0000009536e00000)]
  0x000002471d5c1320 JavaThread "Finalizer" daemon [_thread_blocked, id=12808, stack(0x0000009536e00000,0x0000009536f00000)]
  0x000002471d5d3990 JavaThread "Signal Dispatcher" daemon [_thread_blocked, id=16892, stack(0x0000009536f00000,0x0000009537000000)]
  0x000002471d5d5be0 JavaThread "Attach Listener" daemon [_thread_blocked, id=16996, stack(0x0000009537000000,0x0000009537100000)]
  0x000002471d5da4c0 JavaThread "Service Thread" daemon [_thread_blocked, id=5328, stack(0x0000009537100000,0x0000009537200000)]
  0x000002471d5dad90 JavaThread "Monitor Deflation Thread" daemon [_thread_blocked, id=12224, stack(0x0000009537200000,0x0000009537300000)]
=>0x000002471d5dee90 JavaThread "C2 CompilerThread0" daemon [_thread_in_native, id=8140, stack(0x0000009537300000,0x0000009537400000)]
  0x000002471d5e87c0 JavaThread "C1 CompilerThread0" daemon [_thread_in_native, id=10620, stack(0x0000009537400000,0x0000009537500000)]
  0x000002471d5fb8a0 JavaThread "Sweeper thread" daemon [_thread_blocked, id=20236, stack(0x0000009537500000,0x0000009537600000)]
  0x000002471d5acdc0 JavaThread "Common-Cleaner" daemon [_thread_blocked, id=7208, stack(0x0000009537600000,0x0000009537700000)]
  0x000002471d9790f0 JavaThread "Notification Thread" daemon [_thread_blocked, id=15892, stack(0x0000009537700000,0x0000009537800000)]
  0x000002473eb56da0 JavaThread "Daemon health stats" [_thread_blocked, id=8004, stack(0x0000009537d00000,0x0000009537e00000)]
  0x000002473ed66c60 JavaThread "Incoming local TCP Connector on port 60598" [_thread_in_native, id=17344, stack(0x0000009537900000,0x0000009537a00000)]
  0x000002473f277e60 JavaThread "Daemon periodic checks" [_thread_blocked, id=14112, stack(0x0000009537e00000,0x0000009537f00000)]
  0x000002473eee29e0 JavaThread "Daemon" [_thread_blocked, id=6208, stack(0x0000009538000000,0x0000009538100000)]
  0x000002473e7ef8c0 JavaThread "Handler for socket connection from /127.0.0.1:60598 to /127.0.0.1:60599" [_thread_in_native, id=15660, stack(0x0000009538100000,0x0000009538200000)]
  0x000002473e25f0a0 JavaThread "Cancel handler" [_thread_blocked, id=18408, stack(0x0000009538200000,0x0000009538300000)]
  0x000002473f9c6bb0 JavaThread "Daemon worker" [_thread_blocked, id=5508, stack(0x0000009538300000,0x0000009538400000)]
  0x000002473dcfb540 JavaThread "Asynchronous log dispatcher for DefaultDaemonConnection: socket connection from /127.0.0.1:60598 to /127.0.0.1:60599" [_thread_blocked, id=5036, stack(0x0000009538400000,0x0000009538500000)]
  0x000002473dcfab20 JavaThread "Stdin handler" [_thread_blocked, id=20476, stack(0x0000009538500000,0x0000009538600000)]
  0x000002473dcfbf60 JavaThread "Daemon client event forwarder" [_thread_blocked, id=5308, stack(0x0000009538600000,0x0000009538700000)]
  0x000002473dcfb030 JavaThread "Cache worker for journal cache (C:\Users\vishvjeet\.gradle\caches\journal-1)" [_thread_blocked, id=2120, stack(0x0000009537f00000,0x0000009538000000)]
  0x000002473dcfba50 JavaThread "File lock request listener" [_thread_in_native, id=19440, stack(0x0000009538700000,0x0000009538800000)]
  0x000002473d143060 JavaThread "Cache worker for file hash cache (C:\Users\vishvjeet\.gradle\caches\8.3\fileHashes)" [_thread_blocked, id=15024, stack(0x0000009538800000,0x0000009538900000)]
  0x000002473d147740 JavaThread "File watcher server" daemon [_thread_in_native, id=6476, stack(0x0000009538900000,0x0000009538a00000)]
  0x000002473d147c50 JavaThread "File watcher consumer" daemon [_thread_in_Java, id=2896, stack(0x0000009538a00000,0x0000009538b00000)]
  0x000002473d146300 JavaThread "Cache worker for checksums cache (C:\Users\vishvjeet\Desktop\ReactNative\SecondProject\Milan\android\.gradle\8.3\checksums)" [_thread_blocked, id=17784, stack(0x0000009538c00000,0x0000009538d00000)]
  0x000002473d141c20 JavaThread "Cache worker for file hash cache (C:\Users\vishvjeet\Desktop\ReactNative\SecondProject\Milan\android\.gradle\8.3\fileHashes)" [_thread_blocked, id=1316, stack(0x0000009538d00000,0x0000009538e00000)]
  0x000002473d146810 JavaThread "Cache worker for cache directory md-supplier (C:\Users\vishvjeet\.gradle\caches\8.3\md-supplier)" [_thread_blocked, id=7456, stack(0x0000009538e00000,0x0000009538f00000)]
  0x000002473d1449b0 JavaThread "Cache worker for file content cache (C:\Users\vishvjeet\.gradle\caches\8.3\fileContent)" [_thread_blocked, id=13828, stack(0x0000009538f00000,0x0000009539000000)]
  0x000002473d143570 JavaThread "Cache worker for cache directory md-rule (C:\Users\vishvjeet\.gradle\caches\8.3\md-rule)" [_thread_blocked, id=916, stack(0x0000009539000000,0x0000009539100000)]
  0x000002473d144ec0 JavaThread "Cache worker for execution history cache (C:\Users\vishvjeet\.gradle\caches\8.3\executionHistory)" [_thread_blocked, id=19052, stack(0x0000009539100000,0x0000009539200000)]
  0x000002473d148b80 JavaThread "jar transforms" [_thread_blocked, id=8580, stack(0x0000009539200000,0x0000009539300000)]
  0x000002473d143a80 JavaThread "jar transforms Thread 2" [_thread_blocked, id=18032, stack(0x0000009539300000,0x0000009539400000)]
  0x000002473d146d20 JavaThread "jar transforms Thread 3" [_thread_blocked, id=3096, stack(0x0000009539400000,0x0000009539500000)]
  0x000002473d142130 JavaThread "jar transforms Thread 4" [_thread_blocked, id=15232, stack(0x0000009539500000,0x0000009539600000)]
  0x000002473d142b50 JavaThread "Cache worker for kotlin-dsl (C:\Users\vishvjeet\.gradle\caches\8.3\kotlin-dsl)" [_thread_blocked, id=13168, stack(0x0000009539600000,0x0000009539700000)]
  0x000002473d141710 JavaThread "Unconstrained build operations" [_thread_blocked, id=10716, stack(0x0000009539700000,0x0000009539800000)]
  0x000002473d148160 JavaThread "Unconstrained build operations Thread 2" [_thread_blocked, id=18588, stack(0x0000009539800000,0x0000009539900000)]
  0x000002473d148670 JavaThread "Cache worker for dependencies-accessors (C:\Users\vishvjeet\Desktop\ReactNative\SecondProject\Milan\android\.gradle\8.3\dependencies-accessors)" [_thread_blocked, id=12188, stack(0x0000009539900000,0x0000009539a00000)]
  0x000002473d1444a0 JavaThread "Cache worker for Build Output Cleanup Cache (C:\Users\vishvjeet\Desktop\ReactNative\SecondProject\Milan\node_modules\@react-native\gradle-plugin\.gradle\buildOutputCleanup)" [_thread_blocked, id=14588, stack(0x0000009539a00000,0x0000009539b00000)]
  0x000002473d1453d0 JavaThread "Unconstrained build operations Thread 3" [_thread_blocked, id=4576, stack(0x0000009539b00000,0x0000009539c00000)]
  0x000002473d1458e0 JavaThread "Unconstrained build operations Thread 4" [_thread_blocked, id=7800, stack(0x0000009539c00000,0x0000009539d00000)]
  0x000002473d145df0 JavaThread "Unconstrained build operations Thread 5" [_thread_blocked, id=14364, stack(0x0000009539d00000,0x0000009539e00000)]
  0x000002473d149090 JavaThread "Memory manager" [_thread_blocked, id=11344, stack(0x000000953a000000,0x000000953a100000)]
  0x000002473f30c6d0 JavaThread "Cache worker for Build Output Cleanup Cache (C:\Users\vishvjeet\Desktop\ReactNative\SecondProject\Milan\android\.gradle\buildOutputCleanup)" [_thread_blocked, id=13948, stack(0x0000009538b00000,0x0000009538c00000)]
  0x000002473f309940 JavaThread "ForkJoinPool.commonPool-worker-1" daemon [_thread_blocked, id=15080, stack(0x000000953a200000,0x000000953a300000)]
  0x000002473f30f460 JavaThread "ForkJoinPool.commonPool-worker-2" daemon [_thread_blocked, id=11644, stack(0x000000953a300000,0x000000953a400000)]
  0x000002473f308a10 JavaThread "ForkJoinPool.commonPool-worker-3" daemon [_thread_blocked, id=12080, stack(0x000000953a400000,0x000000953a500000)]
  0x000002473f308f20 JavaThread "included builds" [_thread_blocked, id=6364, stack(0x000000953a500000,0x000000953a600000)]
  0x000002473f30d0f0 JavaThread "Execution worker" [_thread_blocked, id=11604, stack(0x000000953a600000,0x000000953a700000)]
  0x000002473f309430 JavaThread "Execution worker Thread 2" [_thread_blocked, id=15572, stack(0x000000953a700000,0x000000953a800000)]
  0x000002473f309e50 JavaThread "Execution worker Thread 3" [_thread_blocked, id=20452, stack(0x000000953a800000,0x000000953a900000)]
  0x000002473f30a360 JavaThread "Cache worker for execution history cache (C:\Users\vishvjeet\Desktop\ReactNative\SecondProject\Milan\node_modules\@react-native\gradle-plugin\.gradle\8.3\executionHistory)" [_thread_blocked, id=16372, stack(0x000000953a900000,0x000000953aa00000)]
  0x000002473f30a870 JavaThread "Unconstrained build operations Thread 6" [_thread_blocked, id=12140, stack(0x000000953aa00000,0x000000953ab00000)]
  0x000002473f30ad80 JavaThread "Unconstrained build operations Thread 7" [_thread_blocked, id=7348, stack(0x000000953ab00000,0x000000953ac00000)]
  0x000002473f30e020 JavaThread "Unconstrained build operations Thread 8" [_thread_blocked, id=5468, stack(0x000000953ac00000,0x000000953ad00000)]
  0x000002473f30b290 JavaThread "Unconstrained build operations Thread 9" [_thread_blocked, id=4916, stack(0x000000953ad00000,0x000000953ae00000)]
  0x000002473f30b7a0 JavaThread "Unconstrained build operations Thread 10" [_thread_blocked, id=13188, stack(0x000000953ae00000,0x000000953af00000)]
  0x000002473f30cbe0 JavaThread "Unconstrained build operations Thread 11" [_thread_blocked, id=16256, stack(0x000000953af00000,0x000000953b000000)]
  0x000002473f30bcb0 JavaThread "Unconstrained build operations Thread 12" [_thread_blocked, id=18748, stack(0x000000953b000000,0x000000953b100000)]
  0x000002473f30c1c0 JavaThread "Unconstrained build operations Thread 13" [_thread_in_native, id=2812, stack(0x000000953b100000,0x000000953b200000)]
  0x000002473f30ef50 JavaThread "Unconstrained build operations Thread 14" [_thread_blocked, id=1692, stack(0x0000009536400000,0x0000009536500000)]
  0x000002473f307ff0 JavaThread "Unconstrained build operations Thread 15" [_thread_blocked, id=2376, stack(0x0000009536500000,0x0000009536600000)]
  0x000002473f30f970 JavaThread "Unconstrained build operations Thread 16" [_thread_blocked, id=11196, stack(0x000000953a100000,0x000000953a200000)]
  0x0000024743b77710 JavaThread "Unconstrained build operations Thread 17" [_thread_blocked, id=16240, stack(0x000000953b200000,0x000000953b300000)]
  0x0000024743b758b0 JavaThread "Unconstrained build operations Thread 18" [_thread_blocked, id=16132, stack(0x000000953b300000,0x000000953b400000)]
  0x0000024743b78640 JavaThread "Unconstrained build operations Thread 19" [_thread_blocked, id=10748, stack(0x000000953b400000,0x000000953b500000)]
  0x0000024743b7a4a0 JavaThread "Unconstrained build operations Thread 20" [_thread_blocked, id=16544, stack(0x000000953b500000,0x000000953b600000)]
  0x0000024743b762d0 JavaThread "Unconstrained build operations Thread 21" [_thread_blocked, id=9092, stack(0x000000953b600000,0x000000953b700000)]
  0x0000024743b79f90 JavaThread "Unconstrained build operations Thread 22" [_thread_blocked, id=5996, stack(0x000000953b700000,0x000000953b800000)]
  0x0000024743b767e0 JavaThread "Unconstrained build operations Thread 23" [_thread_blocked, id=6732, stack(0x000000953b800000,0x000000953b900000)]
  0x0000024743b77200 JavaThread "Unconstrained build operations Thread 24" [_thread_blocked, id=2804, stack(0x000000953b900000,0x000000953ba00000)]
  0x0000024743b78130 JavaThread "Unconstrained build operations Thread 25" [_thread_blocked, id=13244, stack(0x000000953ba00000,0x000000953bb00000)]
  0x000002473d14a1d0 JavaThread "C2 CompilerThread1" daemon [_thread_in_native, id=6152, stack(0x0000009536300000,0x0000009536400000)]
  0x0000024743b7b3d0 JavaThread "Unconstrained build operations Thread 26" [_thread_blocked, id=19268, stack(0x000000953bb00000,0x000000953bc00000)]
  0x0000024743b79060 JavaThread "Unconstrained build operations Thread 27" [_thread_blocked, id=12072, stack(0x000000953bc00000,0x000000953bd00000)]
  0x0000024743b79570 JavaThread "Unconstrained build operations Thread 28" [_thread_blocked, id=9800, stack(0x000000953bd00000,0x000000953be00000)]
  0x0000024743b7a9b0 JavaThread "Unconstrained build operations Thread 29" [_thread_blocked, id=8520, stack(0x000000953be00000,0x000000953bf00000)]
  0x0000024743b74980 JavaThread "Unconstrained build operations Thread 30" [_thread_blocked, id=19820, stack(0x000000953bf00000,0x000000953c000000)]
  0x0000024743b79a80 JavaThread "Unconstrained build operations Thread 31" [_thread_blocked, id=5404, stack(0x000000953c000000,0x000000953c100000)]
  0x0000024743b7aec0 JavaThread "Unconstrained build operations Thread 32" [_thread_blocked, id=18928, stack(0x000000953c100000,0x000000953c200000)]
  0x0000024743b7bdf0 JavaThread "Unconstrained build operations Thread 33" [_thread_blocked, id=8264, stack(0x000000953c200000,0x000000953c300000)]
  0x0000024743b7c300 JavaThread "Unconstrained build operations Thread 34" [_thread_blocked, id=17012, stack(0x000000953c300000,0x000000953c400000)]
  0x0000024748ab3de0 JavaThread "Unconstrained build operations Thread 35" [_thread_blocked, id=19172, stack(0x000000953c400000,0x000000953c500000)]
  0x0000024748ab29a0 JavaThread "Unconstrained build operations Thread 36" [_thread_blocked, id=9848, stack(0x000000953c500000,0x000000953c600000)]
  0x0000024748ab5c40 JavaThread "Unconstrained build operations Thread 37" [_thread_blocked, id=10292, stack(0x000000953c600000,0x000000953c700000)]
  0x0000024748ab5220 JavaThread "Unconstrained build operations Thread 38" [_thread_blocked, id=17180, stack(0x000000953c700000,0x000000953c800000)]
  0x0000024748ab2eb0 JavaThread "Unconstrained build operations Thread 39" [_thread_blocked, id=5472, stack(0x000000953c800000,0x000000953c900000)]
  0x0000024748ab6150 JavaThread "Unconstrained build operations Thread 40" [_thread_blocked, id=5052, stack(0x000000953c900000,0x000000953ca00000)]
  0x0000024748ab1050 JavaThread "Cache worker for execution history cache (C:\Users\vishvjeet\Desktop\ReactNative\SecondProject\Milan\android\.gradle\8.3\executionHistory)" [_thread_blocked, id=12652, stack(0x000000953ca00000,0x000000953cb00000)]

Other Threads:
  0x000002471d5b9440 VMThread "VM Thread" [stack: 0x0000009536c00000,0x0000009536d00000] [id=11924]
  0x000002471d994540 WatcherThread [stack: 0x0000009537800000,0x0000009537900000] [id=18236]
  0x000002477da9e200 GCTaskThread "GC Thread#0" [stack: 0x0000009536700000,0x0000009536800000] [id=18824]
  0x000002473d058750 GCTaskThread "GC Thread#1" [stack: 0x0000009537a00000,0x0000009537b00000] [id=1268]
  0x000002473d0e95a0 GCTaskThread "GC Thread#2" [stack: 0x0000009537b00000,0x0000009537c00000] [id=18080]
  0x000002473d62be40 GCTaskThread "GC Thread#3" [stack: 0x0000009537c00000,0x0000009537d00000] [id=2460]
  0x000002477daaf060 ConcurrentGCThread "G1 Main Marker" [stack: 0x0000009536800000,0x0000009536900000] [id=10444]
  0x000002477dab0120 ConcurrentGCThread "G1 Conc#0" [stack: 0x0000009536900000,0x0000009536a00000] [id=19672]
  0x000002477dafec30 ConcurrentGCThread "G1 Refine#0" [stack: 0x0000009536a00000,0x0000009536b00000] [id=17648]
  0x000002471d476710 ConcurrentGCThread "G1 Service" [stack: 0x0000009536b00000,0x0000009536c00000] [id=16276]

Threads with active compile tasks:
C2 CompilerThread0    83808 14876       4       org.gradle.cache.internal.AsyncCacheAccessDecoratedCache$$Lambda$512/0x000002471f47e828::create (12 bytes)
C2 CompilerThread1    83808 14854   !   4       java.nio.file.FileTreeWalker::next (144 bytes)

VM state: not at safepoint (normal execution)

VM Mutex/Monitor currently owned by a thread: None

Heap address: 0x0000000080000000, size: 2048 MB, Compressed Oops mode: 32-bit

CDS archive(s) mapped at: [0x000002471e000000-0x000002471ebd0000-0x000002471ebd0000), size 12386304, SharedBaseAddress: 0x000002471e000000, ArchiveRelocationMode: 1.
Compressed class space mapped at: 0x000002471f000000-0x0000024739000000, reserved size: 436207616
Narrow klass base: 0x000002471e000000, Narrow klass shift: 0, Narrow klass range: 0x100000000

GC Precious Log:
 CPUs: 4 total, 4 available
 Memory: 7128M
 Large Page Support: Disabled
 NUMA Support: Disabled
 Compressed Oops: Enabled (32-bit)
 Heap Region Size: 1M
 Heap Min Capacity: 8M
 Heap Initial Capacity: 112M
 Heap Max Capacity: 2G
 Pre-touch: Disabled
 Parallel Workers: 4
 Concurrent Workers: 1
 Concurrent Refinement Workers: 4
 Periodic GC: Disabled

Heap:
 garbage-first heap   total 260096K, used 186318K [0x0000000080000000, 0x0000000100000000)
  region size 1024K, 30 young (30720K), 5 survivors (5120K)
 Metaspace       used 98192K, committed 99136K, reserved 557056K
  class space    used 13732K, committed 14208K, reserved 425984K

Heap Regions: E=young(eden), S=young(survivor), O=old, HS=humongous(starts), HC=humongous(continues), CS=collection set, F=free, OA=open archive, CA=closed archive, TAMS=top-at-mark-start (previous, next)
|   0|0x0000000080000000, 0x0000000080100000, 0x0000000080100000|100%| O|  |TAMS 0x0000000080100000, 0x0000000080000000| Untracked 
|   1|0x0000000080100000, 0x0000000080200000, 0x0000000080200000|100%| O|  |TAMS 0x0000000080200000, 0x0000000080100000| Untracked 
|   2|0x0000000080200000, 0x0000000080300000, 0x0000000080300000|100%|HS|  |TAMS 0x0000000080300000, 0x0000000080200000| Complete 
|   3|0x0000000080300000, 0x0000000080400000, 0x0000000080400000|100%|HC|  |TAMS 0x0000000080400000, 0x0000000080300000| Complete 
|   4|0x0000000080400000, 0x0000000080500000, 0x0000000080500000|100%|HC|  |TAMS 0x0000000080500000, 0x0000000080400000| Complete 
|   5|0x0000000080500000, 0x0000000080600000, 0x0000000080600000|100%|HC|  |TAMS 0x0000000080600000, 0x0000000080500000| Complete 
|   6|0x0000000080600000, 0x0000000080700000, 0x0000000080700000|100%| O|  |TAMS 0x0000000080700000, 0x0000000080600000| Untracked 
|   7|0x0000000080700000, 0x0000000080800000, 0x0000000080800000|100%| O|  |TAMS 0x0000000080800000, 0x0000000080700000| Untracked 
|   8|0x0000000080800000, 0x0000000080900000, 0x0000000080900000|100%| O|  |TAMS 0x0000000080900000, 0x0000000080800000| Untracked 
|   9|0x0000000080900000, 0x0000000080a00000, 0x0000000080a00000|100%| O|  |TAMS 0x0000000080a00000, 0x0000000080900000| Untracked 
|  10|0x0000000080a00000, 0x0000000080b00000, 0x0000000080b00000|100%| O|  |TAMS 0x0000000080b00000, 0x0000000080a00000| Untracked 
|  11|0x0000000080b00000, 0x0000000080c00000, 0x0000000080c00000|100%| O|  |TAMS 0x0000000080c00000, 0x0000000080b00000| Untracked 
|  12|0x0000000080c00000, 0x0000000080d00000, 0x0000000080d00000|100%| O|  |TAMS 0x0000000080d00000, 0x0000000080c00000| Untracked 
|  13|0x0000000080d00000, 0x0000000080e00000, 0x0000000080e00000|100%| O|  |TAMS 0x0000000080e00000, 0x0000000080d00000| Untracked 
|  14|0x0000000080e00000, 0x0000000080f00000, 0x0000000080f00000|100%| O|  |TAMS 0x0000000080f00000, 0x0000000080e00000| Untracked 
|  15|0x0000000080f00000, 0x0000000081000000, 0x0000000081000000|100%| O|  |TAMS 0x0000000081000000, 0x0000000080f00000| Untracked 
|  16|0x0000000081000000, 0x0000000081100000, 0x0000000081100000|100%| O|  |TAMS 0x0000000081100000, 0x0000000081000000| Untracked 
|  17|0x0000000081100000, 0x0000000081200000, 0x0000000081200000|100%| O|  |TAMS 0x0000000081200000, 0x0000000081100000| Untracked 
|  18|0x0000000081200000, 0x0000000081300000, 0x0000000081300000|100%| O|  |TAMS 0x0000000081300000, 0x0000000081200000| Untracked 
|  19|0x0000000081300000, 0x0000000081400000, 0x0000000081400000|100%|HS|  |TAMS 0x0000000081400000, 0x0000000081300000| Complete 
|  20|0x0000000081400000, 0x0000000081500000, 0x0000000081500000|100%| O|  |TAMS 0x0000000081500000, 0x0000000081400000| Untracked 
|  21|0x0000000081500000, 0x0000000081600000, 0x0000000081600000|100%| O|  |TAMS 0x0000000081600000, 0x0000000081500000| Untracked 
|  22|0x0000000081600000, 0x0000000081700000, 0x0000000081700000|100%|HS|  |TAMS 0x0000000081700000, 0x0000000081600000| Complete 
|  23|0x0000000081700000, 0x0000000081800000, 0x0000000081800000|100%| O|  |TAMS 0x0000000081800000, 0x0000000081700000| Untracked 
|  24|0x0000000081800000, 0x0000000081900000, 0x0000000081900000|100%| O|  |TAMS 0x0000000081900000, 0x0000000081800000| Untracked 
|  25|0x0000000081900000, 0x0000000081a00000, 0x0000000081a00000|100%| O|  |TAMS 0x0000000081a00000, 0x0000000081900000| Untracked 
|  26|0x0000000081a00000, 0x0000000081b00000, 0x0000000081b00000|100%| O|  |TAMS 0x0000000081b00000, 0x0000000081a00000| Untracked 
|  27|0x0000000081b00000, 0x0000000081c00000, 0x0000000081c00000|100%| O|  |TAMS 0x0000000081c00000, 0x0000000081b00000| Untracked 
|  28|0x0000000081c00000, 0x0000000081d00000, 0x0000000081d00000|100%| O|  |TAMS 0x0000000081d00000, 0x0000000081c00000| Untracked 
|  29|0x0000000081d00000, 0x0000000081e00000, 0x0000000081e00000|100%| O|  |TAMS 0x0000000081e00000, 0x0000000081d00000| Untracked 
|  30|0x0000000081e00000, 0x0000000081f00000, 0x0000000081f00000|100%|HS|  |TAMS 0x0000000081f00000, 0x0000000081e00000| Complete 
|  31|0x0000000081f00000, 0x0000000082000000, 0x0000000082000000|100%|HC|  |TAMS 0x0000000082000000, 0x0000000081f00000| Complete 
|  32|0x0000000082000000, 0x0000000082100000, 0x0000000082100000|100%| O|  |TAMS 0x0000000082100000, 0x0000000082000000| Untracked 
|  33|0x0000000082100000, 0x0000000082200000, 0x0000000082200000|100%| O|  |TAMS 0x0000000082200000, 0x0000000082100000| Untracked 
|  34|0x0000000082200000, 0x0000000082300000, 0x0000000082300000|100%| O|  |TAMS 0x0000000082300000, 0x0000000082200000| Untracked 
|  35|0x0000000082300000, 0x0000000082400000, 0x0000000082400000|100%| O|  |TAMS 0x0000000082400000, 0x0000000082300000| Untracked 
|  36|0x0000000082400000, 0x0000000082500000, 0x0000000082500000|100%| O|  |TAMS 0x0000000082500000, 0x0000000082400000| Untracked 
|  37|0x0000000082500000, 0x0000000082600000, 0x0000000082600000|100%| O|  |TAMS 0x0000000082600000, 0x0000000082500000| Untracked 
|  38|0x0000000082600000, 0x0000000082700000, 0x0000000082700000|100%| O|  |TAMS 0x0000000082700000, 0x0000000082600000| Untracked 
|  39|0x0000000082700000, 0x0000000082800000, 0x0000000082800000|100%|HS|  |TAMS 0x0000000082800000, 0x0000000082700000| Complete 
|  40|0x0000000082800000, 0x0000000082900000, 0x0000000082900000|100%|HC|  |TAMS 0x0000000082900000, 0x0000000082800000| Complete 
|  41|0x0000000082900000, 0x0000000082a00000, 0x0000000082a00000|100%| O|  |TAMS 0x0000000082a00000, 0x0000000082900000| Untracked 
|  42|0x0000000082a00000, 0x0000000082b00000, 0x0000000082b00000|100%| O|  |TAMS 0x0000000082b00000, 0x0000000082a00000| Untracked 
|  43|0x0000000082b00000, 0x0000000082c00000, 0x0000000082c00000|100%|HS|  |TAMS 0x0000000082c00000, 0x0000000082b00000| Complete 
|  44|0x0000000082c00000, 0x0000000082d00000, 0x0000000082d00000|100%|HC|  |TAMS 0x0000000082d00000, 0x0000000082c00000| Complete 
|  45|0x0000000082d00000, 0x0000000082e00000, 0x0000000082e00000|100%|HC|  |TAMS 0x0000000082e00000, 0x0000000082d00000| Complete 
|  46|0x0000000082e00000, 0x0000000082f00000, 0x0000000082f00000|100%|HC|  |TAMS 0x0000000082f00000, 0x0000000082e00000| Complete 
|  47|0x0000000082f00000, 0x0000000083000000, 0x0000000083000000|100%| O|  |TAMS 0x0000000083000000, 0x0000000082f00000| Untracked 
|  48|0x0000000083000000, 0x0000000083100000, 0x0000000083100000|100%| O|  |TAMS 0x0000000083100000, 0x0000000083000000| Untracked 
|  49|0x0000000083100000, 0x0000000083200000, 0x0000000083200000|100%| O|  |TAMS 0x0000000083200000, 0x0000000083100000| Untracked 
|  50|0x0000000083200000, 0x0000000083300000, 0x0000000083300000|100%| O|  |TAMS 0x0000000083300000, 0x0000000083200000| Untracked 
|  51|0x0000000083300000, 0x0000000083400000, 0x0000000083400000|100%|HS|  |TAMS 0x0000000083400000, 0x0000000083300000| Complete 
|  52|0x0000000083400000, 0x0000000083500000, 0x0000000083500000|100%|HC|  |TAMS 0x0000000083500000, 0x0000000083400000| Complete 
|  53|0x0000000083500000, 0x0000000083600000, 0x0000000083600000|100%|HC|  |TAMS 0x0000000083600000, 0x0000000083500000| Complete 
|  54|0x0000000083600000, 0x0000000083700000, 0x0000000083700000|100%|HC|  |TAMS 0x0000000083700000, 0x0000000083600000| Complete 
|  55|0x0000000083700000, 0x0000000083800000, 0x0000000083800000|100%| O|  |TAMS 0x0000000083800000, 0x0000000083700000| Untracked 
|  56|0x0000000083800000, 0x0000000083900000, 0x0000000083900000|100%| O|  |TAMS 0x0000000083900000, 0x0000000083800000| Untracked 
|  57|0x0000000083900000, 0x0000000083a00000, 0x0000000083a00000|100%| O|  |TAMS 0x0000000083a00000, 0x0000000083900000| Untracked 
|  58|0x0000000083a00000, 0x0000000083b00000, 0x0000000083b00000|100%| O|  |TAMS 0x0000000083b00000, 0x0000000083a00000| Untracked 
|  59|0x0000000083b00000, 0x0000000083c00000, 0x0000000083c00000|100%| O|  |TAMS 0x0000000083c00000, 0x0000000083b00000| Untracked 
|  60|0x0000000083c00000, 0x0000000083d00000, 0x0000000083d00000|100%| O|  |TAMS 0x0000000083d00000, 0x0000000083c00000| Untracked 
|  61|0x0000000083d00000, 0x0000000083e00000, 0x0000000083e00000|100%| O|  |TAMS 0x0000000083e00000, 0x0000000083d00000| Untracked 
|  62|0x0000000083e00000, 0x0000000083f00000, 0x0000000083f00000|100%| O|  |TAMS 0x0000000083f00000, 0x0000000083e00000| Untracked 
|  63|0x0000000083f00000, 0x0000000084000000, 0x0000000084000000|100%| O|  |TAMS 0x0000000084000000, 0x0000000083f00000| Untracked 
|  64|0x0000000084000000, 0x0000000084100000, 0x0000000084100000|100%| O|  |TAMS 0x0000000084100000, 0x0000000084000000| Untracked 
|  65|0x0000000084100000, 0x0000000084200000, 0x0000000084200000|100%| O|  |TAMS 0x0000000084200000, 0x0000000084100000| Untracked 
|  66|0x0000000084200000, 0x0000000084300000, 0x0000000084300000|100%|HS|  |TAMS 0x0000000084300000, 0x0000000084200000| Complete 
|  67|0x0000000084300000, 0x0000000084400000, 0x0000000084400000|100%|HS|  |TAMS 0x0000000084400000, 0x0000000084300000| Complete 
|  68|0x0000000084400000, 0x0000000084500000, 0x0000000084500000|100%|HS|  |TAMS 0x0000000084500000, 0x0000000084400000| Complete 
|  69|0x0000000084500000, 0x0000000084600000, 0x0000000084600000|100%| O|  |TAMS 0x0000000084600000, 0x0000000084500000| Untracked 
|  70|0x0000000084600000, 0x0000000084700000, 0x0000000084700000|100%|HS|  |TAMS 0x0000000084700000, 0x0000000084600000| Complete 
|  71|0x0000000084700000, 0x0000000084800000, 0x0000000084800000|100%| O|  |TAMS 0x0000000084800000, 0x0000000084700000| Untracked 
|  72|0x0000000084800000, 0x0000000084900000, 0x0000000084900000|100%| O|  |TAMS 0x0000000084900000, 0x0000000084800000| Untracked 
|  73|0x0000000084900000, 0x0000000084a00000, 0x0000000084a00000|100%| O|  |TAMS 0x0000000084a00000, 0x0000000084900000| Untracked 
|  74|0x0000000084a00000, 0x0000000084b00000, 0x0000000084b00000|100%| O|  |TAMS 0x0000000084b00000, 0x0000000084a00000| Untracked 
|  75|0x0000000084b00000, 0x0000000084c00000, 0x0000000084c00000|100%| O|  |TAMS 0x0000000084c00000, 0x0000000084b00000| Untracked 
|  76|0x0000000084c00000, 0x0000000084d00000, 0x0000000084d00000|100%| O|  |TAMS 0x0000000084d00000, 0x0000000084c00000| Untracked 
|  77|0x0000000084d00000, 0x0000000084e00000, 0x0000000084e00000|100%| O|  |TAMS 0x0000000084e00000, 0x0000000084d00000| Untracked 
|  78|0x0000000084e00000, 0x0000000084f00000, 0x0000000084f00000|100%| O|  |TAMS 0x0000000084f00000, 0x0000000084e00000| Untracked 
|  79|0x0000000084f00000, 0x0000000085000000, 0x0000000085000000|100%| O|  |TAMS 0x0000000085000000, 0x0000000084f00000| Untracked 
|  80|0x0000000085000000, 0x0000000085100000, 0x0000000085100000|100%| O|  |TAMS 0x0000000085100000, 0x0000000085000000| Untracked 
|  81|0x0000000085100000, 0x0000000085200000, 0x0000000085200000|100%| O|  |TAMS 0x0000000085200000, 0x0000000085100000| Untracked 
|  82|0x0000000085200000, 0x0000000085300000, 0x0000000085300000|100%| O|  |TAMS 0x0000000085300000, 0x0000000085200000| Untracked 
|  83|0x0000000085300000, 0x0000000085400000, 0x0000000085400000|100%| O|  |TAMS 0x0000000085400000, 0x0000000085300000| Untracked 
|  84|0x0000000085400000, 0x0000000085500000, 0x0000000085500000|100%| O|  |TAMS 0x0000000085500000, 0x0000000085400000| Untracked 
|  85|0x0000000085500000, 0x0000000085600000, 0x0000000085600000|100%| O|  |TAMS 0x0000000085600000, 0x0000000085500000| Untracked 
|  86|0x0000000085600000, 0x0000000085700000, 0x0000000085700000|100%| O|  |TAMS 0x0000000085700000, 0x0000000085600000| Untracked 
|  87|0x0000000085700000, 0x0000000085800000, 0x0000000085800000|100%| O|  |TAMS 0x0000000085800000, 0x0000000085700000| Untracked 
|  88|0x0000000085800000, 0x0000000085900000, 0x0000000085900000|100%| O|  |TAMS 0x0000000085900000, 0x0000000085800000| Untracked 
|  89|0x0000000085900000, 0x0000000085a00000, 0x0000000085a00000|100%| O|  |TAMS 0x0000000085a00000, 0x0000000085900000| Untracked 
|  90|0x0000000085a00000, 0x0000000085b00000, 0x0000000085b00000|100%|HS|  |TAMS 0x0000000085b00000, 0x0000000085a00000| Complete 
|  91|0x0000000085b00000, 0x0000000085c00000, 0x0000000085c00000|100%|HS|  |TAMS 0x0000000085c00000, 0x0000000085b00000| Complete 
|  92|0x0000000085c00000, 0x0000000085d00000, 0x0000000085d00000|100%|HS|  |TAMS 0x0000000085d00000, 0x0000000085c00000| Complete 
|  93|0x0000000085d00000, 0x0000000085e00000, 0x0000000085e00000|100%|HC|  |TAMS 0x0000000085e00000, 0x0000000085d00000| Complete 
|  94|0x0000000085e00000, 0x0000000085f00000, 0x0000000085f00000|100%| O|  |TAMS 0x0000000085f00000, 0x0000000085e00000| Untracked 
|  95|0x0000000085f00000, 0x0000000086000000, 0x0000000086000000|100%| O|  |TAMS 0x0000000086000000, 0x0000000085f00000| Untracked 
|  96|0x0000000086000000, 0x0000000086100000, 0x0000000086100000|100%| O|  |TAMS 0x0000000086100000, 0x0000000086000000| Untracked 
|  97|0x0000000086100000, 0x0000000086200000, 0x0000000086200000|100%| O|  |TAMS 0x0000000086200000, 0x0000000086100000| Untracked 
|  98|0x0000000086200000, 0x0000000086300000, 0x0000000086300000|100%| O|  |TAMS 0x0000000086300000, 0x0000000086200000| Untracked 
|  99|0x0000000086300000, 0x0000000086400000, 0x0000000086400000|100%| O|  |TAMS 0x0000000086400000, 0x0000000086300000| Untracked 
| 100|0x0000000086400000, 0x0000000086500000, 0x0000000086500000|100%| O|  |TAMS 0x0000000086500000, 0x0000000086400000| Untracked 
| 101|0x0000000086500000, 0x0000000086600000, 0x0000000086600000|100%| O|  |TAMS 0x0000000086600000, 0x0000000086500000| Untracked 
| 102|0x0000000086600000, 0x0000000086700000, 0x0000000086700000|100%| O|  |TAMS 0x0000000086700000, 0x0000000086600000| Untracked 
| 103|0x0000000086700000, 0x0000000086800000, 0x0000000086800000|100%| O|  |TAMS 0x0000000086800000, 0x0000000086700000| Untracked 
| 104|0x0000000086800000, 0x0000000086900000, 0x0000000086900000|100%| O|  |TAMS 0x0000000086900000, 0x0000000086800000| Untracked 
| 105|0x0000000086900000, 0x0000000086a00000, 0x0000000086a00000|100%| O|  |TAMS 0x0000000086a00000, 0x0000000086900000| Untracked 
| 106|0x0000000086a00000, 0x0000000086b00000, 0x0000000086b00000|100%| O|  |TAMS 0x0000000086b00000, 0x0000000086a00000| Untracked 
| 107|0x0000000086b00000, 0x0000000086c00000, 0x0000000086c00000|100%| O|  |TAMS 0x0000000086c00000, 0x0000000086b00000| Untracked 
| 108|0x0000000086c00000, 0x0000000086d00000, 0x0000000086d00000|100%| O|  |TAMS 0x0000000086d00000, 0x0000000086c00000| Untracked 
| 109|0x0000000086d00000, 0x0000000086e00000, 0x0000000086e00000|100%| O|  |TAMS 0x0000000086e00000, 0x0000000086d00000| Untracked 
| 110|0x0000000086e00000, 0x0000000086f00000, 0x0000000086f00000|100%| O|  |TAMS 0x0000000086f00000, 0x0000000086e00000| Untracked 
| 111|0x0000000086f00000, 0x0000000087000000, 0x0000000087000000|100%| O|  |TAMS 0x0000000087000000, 0x0000000086f00000| Untracked 
| 112|0x0000000087000000, 0x0000000087100000, 0x0000000087100000|100%| O|  |TAMS 0x0000000087100000, 0x0000000087000000| Untracked 
| 113|0x0000000087100000, 0x0000000087200000, 0x0000000087200000|100%| O|  |TAMS 0x0000000087200000, 0x0000000087100000| Untracked 
| 114|0x0000000087200000, 0x0000000087300000, 0x0000000087300000|100%| O|  |TAMS 0x0000000087200000, 0x0000000087200000| Untracked 
| 115|0x0000000087300000, 0x0000000087400000, 0x0000000087400000|100%|HS|  |TAMS 0x0000000087400000, 0x0000000087300000| Complete 
| 116|0x0000000087400000, 0x0000000087500000, 0x0000000087500000|100%| O|  |TAMS 0x0000000087500000, 0x0000000087400000| Untracked 
| 117|0x0000000087500000, 0x0000000087600000, 0x0000000087600000|100%|HS|  |TAMS 0x0000000087600000, 0x0000000087500000| Complete 
| 118|0x0000000087600000, 0x0000000087700000, 0x0000000087700000|100%| O|  |TAMS 0x0000000087700000, 0x0000000087600000| Untracked 
| 119|0x0000000087700000, 0x0000000087800000, 0x0000000087800000|100%| O|  |TAMS 0x0000000087800000, 0x0000000087700000| Untracked 
| 120|0x0000000087800000, 0x0000000087900000, 0x0000000087900000|100%| O|  |TAMS 0x0000000087900000, 0x0000000087800000| Untracked 
| 121|0x0000000087900000, 0x0000000087a00000, 0x0000000087a00000|100%| O|  |TAMS 0x0000000087a00000, 0x0000000087900000| Untracked 
| 122|0x0000000087a00000, 0x0000000087b00000, 0x0000000087b00000|100%| O|  |TAMS 0x0000000087b00000, 0x0000000087a00000| Untracked 
| 123|0x0000000087b00000, 0x0000000087c00000, 0x0000000087c00000|100%| O|  |TAMS 0x0000000087c00000, 0x0000000087b00000| Untracked 
| 124|0x0000000087c00000, 0x0000000087d00000, 0x0000000087d00000|100%| O|  |TAMS 0x0000000087d00000, 0x0000000087c00000| Untracked 
| 125|0x0000000087d00000, 0x0000000087e00000, 0x0000000087e00000|100%| O|  |TAMS 0x0000000087e00000, 0x0000000087d00000| Untracked 
| 126|0x0000000087e00000, 0x0000000087f00000, 0x0000000087f00000|100%| O|  |TAMS 0x0000000087f00000, 0x0000000087e00000| Untracked 
| 127|0x0000000087f00000, 0x0000000088000000, 0x0000000088000000|100%| O|  |TAMS 0x0000000088000000, 0x0000000087f00000| Untracked 
| 128|0x0000000088000000, 0x0000000088100000, 0x0000000088100000|100%| O|  |TAMS 0x0000000088100000, 0x0000000088000000| Untracked 
| 129|0x0000000088100000, 0x0000000088200000, 0x0000000088200000|100%| O|  |TAMS 0x0000000088100000, 0x0000000088100000| Untracked 
| 130|0x0000000088200000, 0x0000000088300000, 0x0000000088300000|100%|HS|  |TAMS 0x0000000088300000, 0x0000000088200000| Complete 
| 131|0x0000000088300000, 0x0000000088400000, 0x0000000088400000|100%| O|  |TAMS 0x0000000088400000, 0x0000000088300000| Untracked 
| 132|0x0000000088400000, 0x0000000088500000, 0x0000000088500000|100%| O|  |TAMS 0x0000000088500000, 0x0000000088400000| Untracked 
| 133|0x0000000088500000, 0x0000000088600000, 0x0000000088600000|100%| O|  |TAMS 0x0000000088600000, 0x0000000088500000| Untracked 
| 134|0x0000000088600000, 0x0000000088700000, 0x0000000088700000|100%| O|  |TAMS 0x0000000088700000, 0x0000000088600000| Untracked 
| 135|0x0000000088700000, 0x0000000088800000, 0x0000000088800000|100%| O|  |TAMS 0x0000000088800000, 0x0000000088700000| Untracked 
| 136|0x0000000088800000, 0x0000000088900000, 0x0000000088900000|100%| O|  |TAMS 0x0000000088900000, 0x0000000088800000| Untracked 
| 137|0x0000000088900000, 0x0000000088a00000, 0x0000000088a00000|100%| O|  |TAMS 0x0000000088a00000, 0x0000000088900000| Untracked 
| 138|0x0000000088a00000, 0x0000000088b00000, 0x0000000088b00000|100%| O|  |TAMS 0x0000000088b00000, 0x0000000088a00000| Untracked 
| 139|0x0000000088b00000, 0x0000000088c00000, 0x0000000088c00000|100%| O|  |TAMS 0x0000000088c00000, 0x0000000088b00000| Untracked 
| 140|0x0000000088c00000, 0x0000000088d00000, 0x0000000088d00000|100%| O|  |TAMS 0x0000000088cf7800, 0x0000000088c00000| Untracked 
| 141|0x0000000088d00000, 0x0000000088e00000, 0x0000000088e00000|100%| O|  |TAMS 0x0000000088d00000, 0x0000000088d00000| Untracked 
| 142|0x0000000088e00000, 0x0000000088f00000, 0x0000000088f00000|100%| O|  |TAMS 0x0000000088e00000, 0x0000000088e00000| Untracked 
| 143|0x0000000088f00000, 0x0000000089000000, 0x0000000089000000|100%| O|  |TAMS 0x0000000088f00000, 0x0000000088f00000| Untracked 
| 144|0x0000000089000000, 0x0000000089100000, 0x0000000089100000|100%| O|  |TAMS 0x0000000089000000, 0x0000000089000000| Untracked 
| 145|0x0000000089100000, 0x0000000089200000, 0x0000000089200000|100%| O|  |TAMS 0x0000000089100000, 0x0000000089100000| Untracked 
| 146|0x0000000089200000, 0x0000000089300000, 0x0000000089300000|100%| O|  |TAMS 0x0000000089200000, 0x0000000089200000| Untracked 
| 147|0x0000000089300000, 0x0000000089400000, 0x0000000089400000|100%| O|  |TAMS 0x0000000089300000, 0x0000000089300000| Untracked 
| 148|0x0000000089400000, 0x0000000089500000, 0x0000000089500000|100%| O|  |TAMS 0x0000000089400000, 0x0000000089400000| Untracked 
| 149|0x0000000089500000, 0x0000000089600000, 0x0000000089600000|100%| O|  |TAMS 0x0000000089500000, 0x0000000089500000| Untracked 
| 150|0x0000000089600000, 0x0000000089700000, 0x0000000089700000|100%| O|  |TAMS 0x0000000089600000, 0x0000000089600000| Untracked 
| 151|0x0000000089700000, 0x0000000089800000, 0x0000000089800000|100%| O|  |TAMS 0x0000000089700000, 0x0000000089700000| Untracked 
| 152|0x0000000089800000, 0x0000000089900000, 0x0000000089900000|100%| O|  |TAMS 0x0000000089800000, 0x0000000089800000| Untracked 
| 153|0x0000000089900000, 0x0000000089a00000, 0x0000000089a00000|100%| O|  |TAMS 0x0000000089900000, 0x0000000089900000| Untracked 
| 154|0x0000000089a00000, 0x0000000089a22800, 0x0000000089b00000| 13%| O|  |TAMS 0x0000000089a00000, 0x0000000089a00000| Untracked 
| 155|0x0000000089b00000, 0x0000000089b00000, 0x0000000089c00000|  0%| F|  |TAMS 0x0000000089b00000, 0x0000000089b00000| Untracked 
| 156|0x0000000089c00000, 0x0000000089c00000, 0x0000000089d00000|  0%| F|  |TAMS 0x0000000089c00000, 0x0000000089c00000| Untracked 
| 157|0x0000000089d00000, 0x0000000089d00000, 0x0000000089e00000|  0%| F|  |TAMS 0x0000000089d00000, 0x0000000089d00000| Untracked 
| 158|0x0000000089e00000, 0x0000000089e00000, 0x0000000089f00000|  0%| F|  |TAMS 0x0000000089e00000, 0x0000000089e00000| Untracked 
| 159|0x0000000089f00000, 0x0000000089f00000, 0x000000008a000000|  0%| F|  |TAMS 0x0000000089f00000, 0x0000000089f00000| Untracked 
| 160|0x000000008a000000, 0x000000008a000000, 0x000000008a100000|  0%| F|  |TAMS 0x000000008a000000, 0x000000008a000000| Untracked 
| 161|0x000000008a100000, 0x000000008a100000, 0x000000008a200000|  0%| F|  |TAMS 0x000000008a100000, 0x000000008a100000| Untracked 
| 162|0x000000008a200000, 0x000000008a200000, 0x000000008a300000|  0%| F|  |TAMS 0x000000008a200000, 0x000000008a200000| Untracked 
| 163|0x000000008a300000, 0x000000008a300000, 0x000000008a400000|  0%| F|  |TAMS 0x000000008a300000, 0x000000008a300000| Untracked 
| 164|0x000000008a400000, 0x000000008a400000, 0x000000008a500000|  0%| F|  |TAMS 0x000000008a400000, 0x000000008a400000| Untracked 
| 165|0x000000008a500000, 0x000000008a500000, 0x000000008a600000|  0%| F|  |TAMS 0x000000008a500000, 0x000000008a500000| Untracked 
| 166|0x000000008a600000, 0x000000008a600000, 0x000000008a700000|  0%| F|  |TAMS 0x000000008a600000, 0x000000008a600000| Untracked 
| 167|0x000000008a700000, 0x000000008a700000, 0x000000008a800000|  0%| F|  |TAMS 0x000000008a700000, 0x000000008a700000| Untracked 
| 168|0x000000008a800000, 0x000000008a800000, 0x000000008a900000|  0%| F|  |TAMS 0x000000008a800000, 0x000000008a800000| Untracked 
| 169|0x000000008a900000, 0x000000008a900000, 0x000000008aa00000|  0%| F|  |TAMS 0x000000008a900000, 0x000000008a900000| Untracked 
| 170|0x000000008aa00000, 0x000000008aa00000, 0x000000008ab00000|  0%| F|  |TAMS 0x000000008aa00000, 0x000000008aa00000| Untracked 
| 171|0x000000008ab00000, 0x000000008ab00000, 0x000000008ac00000|  0%| F|  |TAMS 0x000000008ab00000, 0x000000008ab00000| Untracked 
| 172|0x000000008ac00000, 0x000000008ac00000, 0x000000008ad00000|  0%| F|  |TAMS 0x000000008ac00000, 0x000000008ac00000| Untracked 
| 173|0x000000008ad00000, 0x000000008ad00000, 0x000000008ae00000|  0%| F|  |TAMS 0x000000008ad00000, 0x000000008ad00000| Untracked 
| 174|0x000000008ae00000, 0x000000008ae00000, 0x000000008af00000|  0%| F|  |TAMS 0x000000008ae00000, 0x000000008ae00000| Untracked 
| 175|0x000000008af00000, 0x000000008af00000, 0x000000008b000000|  0%| F|  |TAMS 0x000000008af00000, 0x000000008af00000| Untracked 
| 176|0x000000008b000000, 0x000000008b000000, 0x000000008b100000|  0%| F|  |TAMS 0x000000008b000000, 0x000000008b000000| Untracked 
| 177|0x000000008b100000, 0x000000008b100000, 0x000000008b200000|  0%| F|  |TAMS 0x000000008b100000, 0x000000008b100000| Untracked 
| 178|0x000000008b200000, 0x000000008b200000, 0x000000008b300000|  0%| F|  |TAMS 0x000000008b200000, 0x000000008b200000| Untracked 
| 179|0x000000008b300000, 0x000000008b300000, 0x000000008b400000|  0%| F|  |TAMS 0x000000008b300000, 0x000000008b300000| Untracked 
| 180|0x000000008b400000, 0x000000008b400000, 0x000000008b500000|  0%| F|  |TAMS 0x000000008b400000, 0x000000008b400000| Untracked 
| 181|0x000000008b500000, 0x000000008b500000, 0x000000008b600000|  0%| F|  |TAMS 0x000000008b500000, 0x000000008b500000| Untracked 
| 182|0x000000008b600000, 0x000000008b600000, 0x000000008b700000|  0%| F|  |TAMS 0x000000008b600000, 0x000000008b600000| Untracked 
| 183|0x000000008b700000, 0x000000008b700000, 0x000000008b800000|  0%| F|  |TAMS 0x000000008b700000, 0x000000008b700000| Untracked 
| 184|0x000000008b800000, 0x000000008b800000, 0x000000008b900000|  0%| F|  |TAMS 0x000000008b800000, 0x000000008b800000| Untracked 
| 185|0x000000008b900000, 0x000000008b900000, 0x000000008ba00000|  0%| F|  |TAMS 0x000000008b900000, 0x000000008b900000| Untracked 
| 186|0x000000008ba00000, 0x000000008ba00000, 0x000000008bb00000|  0%| F|  |TAMS 0x000000008ba00000, 0x000000008ba00000| Untracked 
| 187|0x000000008bb00000, 0x000000008bb00000, 0x000000008bc00000|  0%| F|  |TAMS 0x000000008bb00000, 0x000000008bb00000| Untracked 
| 188|0x000000008bc00000, 0x000000008bc00000, 0x000000008bd00000|  0%| F|  |TAMS 0x000000008bc00000, 0x000000008bc00000| Untracked 
| 189|0x000000008bd00000, 0x000000008bd00000, 0x000000008be00000|  0%| F|  |TAMS 0x000000008bd00000, 0x000000008bd00000| Untracked 
| 190|0x000000008be00000, 0x000000008be00000, 0x000000008bf00000|  0%| F|  |TAMS 0x000000008be00000, 0x000000008be00000| Untracked 
| 191|0x000000008bf00000, 0x000000008bf00000, 0x000000008c000000|  0%| F|  |TAMS 0x000000008bf00000, 0x000000008bf00000| Untracked 
| 192|0x000000008c000000, 0x000000008c000000, 0x000000008c100000|  0%| F|  |TAMS 0x000000008c000000, 0x000000008c000000| Untracked 
| 193|0x000000008c100000, 0x000000008c1d11a0, 0x000000008c200000| 81%| S|CS|TAMS 0x000000008c100000, 0x000000008c100000| Complete 
| 194|0x000000008c200000, 0x000000008c300000, 0x000000008c300000|100%| S|CS|TAMS 0x000000008c200000, 0x000000008c200000| Complete 
| 195|0x000000008c300000, 0x000000008c400000, 0x000000008c400000|100%| S|CS|TAMS 0x000000008c300000, 0x000000008c300000| Complete 
| 196|0x000000008c400000, 0x000000008c400000, 0x000000008c500000|  0%| F|  |TAMS 0x000000008c400000, 0x000000008c400000| Untracked 
| 197|0x000000008c500000, 0x000000008c500000, 0x000000008c600000|  0%| F|  |TAMS 0x000000008c500000, 0x000000008c500000| Untracked 
| 198|0x000000008c600000, 0x000000008c600000, 0x000000008c700000|  0%| F|  |TAMS 0x000000008c600000, 0x000000008c600000| Untracked 
| 199|0x000000008c700000, 0x000000008c700000, 0x000000008c800000|  0%| F|  |TAMS 0x000000008c700000, 0x000000008c700000| Untracked 
| 200|0x000000008c800000, 0x000000008c800000, 0x000000008c900000|  0%| F|  |TAMS 0x000000008c800000, 0x000000008c800000| Untracked 
| 201|0x000000008c900000, 0x000000008ca00000, 0x000000008ca00000|100%| S|CS|TAMS 0x000000008c900000, 0x000000008c900000| Complete 
| 202|0x000000008ca00000, 0x000000008cb00000, 0x000000008cb00000|100%| S|CS|TAMS 0x000000008ca00000, 0x000000008ca00000| Complete 
| 203|0x000000008cb00000, 0x000000008cb00000, 0x000000008cc00000|  0%| F|  |TAMS 0x000000008cb00000, 0x000000008cb00000| Untracked 
| 204|0x000000008cc00000, 0x000000008cc00000, 0x000000008cd00000|  0%| F|  |TAMS 0x000000008cc00000, 0x000000008cc00000| Untracked 
| 205|0x000000008cd00000, 0x000000008cd00000, 0x000000008ce00000|  0%| F|  |TAMS 0x000000008cd00000, 0x000000008cd00000| Untracked 
| 206|0x000000008ce00000, 0x000000008ce00000, 0x000000008cf00000|  0%| F|  |TAMS 0x000000008ce00000, 0x000000008ce00000| Untracked 
| 207|0x000000008cf00000, 0x000000008cf00000, 0x000000008d000000|  0%| F|  |TAMS 0x000000008cf00000, 0x000000008cf00000| Untracked 
| 208|0x000000008d000000, 0x000000008d000000, 0x000000008d100000|  0%| F|  |TAMS 0x000000008d000000, 0x000000008d000000| Untracked 
| 209|0x000000008d100000, 0x000000008d100000, 0x000000008d200000|  0%| F|  |TAMS 0x000000008d100000, 0x000000008d100000| Untracked 
| 210|0x000000008d200000, 0x000000008d200000, 0x000000008d300000|  0%| F|  |TAMS 0x000000008d200000, 0x000000008d200000| Untracked 
| 211|0x000000008d300000, 0x000000008d300000, 0x000000008d400000|  0%| F|  |TAMS 0x000000008d300000, 0x000000008d300000| Untracked 
| 212|0x000000008d400000, 0x000000008d400000, 0x000000008d500000|  0%| F|  |TAMS 0x000000008d400000, 0x000000008d400000| Untracked 
| 213|0x000000008d500000, 0x000000008d500000, 0x000000008d600000|  0%| F|  |TAMS 0x000000008d500000, 0x000000008d500000| Untracked 
| 214|0x000000008d600000, 0x000000008d600000, 0x000000008d700000|  0%| F|  |TAMS 0x000000008d600000, 0x000000008d600000| Untracked 
| 215|0x000000008d700000, 0x000000008d700000, 0x000000008d800000|  0%| F|  |TAMS 0x000000008d700000, 0x000000008d700000| Untracked 
| 216|0x000000008d800000, 0x000000008d800000, 0x000000008d900000|  0%| F|  |TAMS 0x000000008d800000, 0x000000008d800000| Untracked 
| 217|0x000000008d900000, 0x000000008d900000, 0x000000008da00000|  0%| F|  |TAMS 0x000000008d900000, 0x000000008d900000| Untracked 
| 218|0x000000008da00000, 0x000000008da00000, 0x000000008db00000|  0%| F|  |TAMS 0x000000008da00000, 0x000000008da00000| Untracked 
| 219|0x000000008db00000, 0x000000008db00000, 0x000000008dc00000|  0%| F|  |TAMS 0x000000008db00000, 0x000000008db00000| Untracked 
| 220|0x000000008dc00000, 0x000000008dc00000, 0x000000008dd00000|  0%| F|  |TAMS 0x000000008dc00000, 0x000000008dc00000| Untracked 
| 221|0x000000008dd00000, 0x000000008dd00000, 0x000000008de00000|  0%| F|  |TAMS 0x000000008dd00000, 0x000000008dd00000| Untracked 
| 222|0x000000008de00000, 0x000000008de00000, 0x000000008df00000|  0%| F|  |TAMS 0x000000008de00000, 0x000000008de00000| Untracked 
| 223|0x000000008df00000, 0x000000008df00000, 0x000000008e000000|  0%| F|  |TAMS 0x000000008df00000, 0x000000008df00000| Untracked 
| 224|0x000000008e000000, 0x000000008e000000, 0x000000008e100000|  0%| F|  |TAMS 0x000000008e000000, 0x000000008e000000| Untracked 
| 225|0x000000008e100000, 0x000000008e100000, 0x000000008e200000|  0%| F|  |TAMS 0x000000008e100000, 0x000000008e100000| Untracked 
| 226|0x000000008e200000, 0x000000008e200000, 0x000000008e300000|  0%| F|  |TAMS 0x000000008e200000, 0x000000008e200000| Untracked 
| 227|0x000000008e300000, 0x000000008e300000, 0x000000008e400000|  0%| F|  |TAMS 0x000000008e300000, 0x000000008e300000| Untracked 
| 228|0x000000008e400000, 0x000000008e400000, 0x000000008e500000|  0%| F|  |TAMS 0x000000008e400000, 0x000000008e400000| Untracked 
| 229|0x000000008e500000, 0x000000008e5b4518, 0x000000008e600000| 70%| E|  |TAMS 0x000000008e500000, 0x000000008e500000| Complete 
| 230|0x000000008e600000, 0x000000008e700000, 0x000000008e700000|100%| E|CS|TAMS 0x000000008e600000, 0x000000008e600000| Complete 
| 231|0x000000008e700000, 0x000000008e800000, 0x000000008e800000|100%| E|CS|TAMS 0x000000008e700000, 0x000000008e700000| Complete 
| 232|0x000000008e800000, 0x000000008e900000, 0x000000008e900000|100%| E|CS|TAMS 0x000000008e800000, 0x000000008e800000| Complete 
| 233|0x000000008e900000, 0x000000008ea00000, 0x000000008ea00000|100%| E|CS|TAMS 0x000000008e900000, 0x000000008e900000| Complete 
| 234|0x000000008ea00000, 0x000000008eb00000, 0x000000008eb00000|100%| E|CS|TAMS 0x000000008ea00000, 0x000000008ea00000| Complete 
| 235|0x000000008eb00000, 0x000000008ec00000, 0x000000008ec00000|100%| E|CS|TAMS 0x000000008eb00000, 0x000000008eb00000| Complete 
| 236|0x000000008ec00000, 0x000000008ed00000, 0x000000008ed00000|100%| E|CS|TAMS 0x000000008ec00000, 0x000000008ec00000| Complete 
| 237|0x000000008ed00000, 0x000000008ee00000, 0x000000008ee00000|100%| E|CS|TAMS 0x000000008ed00000, 0x000000008ed00000| Complete 
| 238|0x000000008ee00000, 0x000000008ef00000, 0x000000008ef00000|100%| E|CS|TAMS 0x000000008ee00000, 0x000000008ee00000| Complete 
| 239|0x000000008ef00000, 0x000000008f000000, 0x000000008f000000|100%| E|CS|TAMS 0x000000008ef00000, 0x000000008ef00000| Complete 
| 240|0x000000008f000000, 0x000000008f100000, 0x000000008f100000|100%| E|CS|TAMS 0x000000008f000000, 0x000000008f000000| Complete 
| 241|0x000000008f100000, 0x000000008f200000, 0x000000008f200000|100%| E|CS|TAMS 0x000000008f100000, 0x000000008f100000| Complete 
| 242|0x000000008f200000, 0x000000008f300000, 0x000000008f300000|100%| E|CS|TAMS 0x000000008f200000, 0x000000008f200000| Complete 
| 243|0x000000008f300000, 0x000000008f400000, 0x000000008f400000|100%| E|CS|TAMS 0x000000008f300000, 0x000000008f300000| Complete 
| 244|0x000000008f400000, 0x000000008f500000, 0x000000008f500000|100%| E|CS|TAMS 0x000000008f400000, 0x000000008f400000| Complete 
| 245|0x000000008f500000, 0x000000008f600000, 0x000000008f600000|100%| E|CS|TAMS 0x000000008f500000, 0x000000008f500000| Complete 
| 246|0x000000008f600000, 0x000000008f700000, 0x000000008f700000|100%| E|CS|TAMS 0x000000008f600000, 0x000000008f600000| Complete 
| 247|0x000000008f700000, 0x000000008f800000, 0x000000008f800000|100%| E|CS|TAMS 0x000000008f700000, 0x000000008f700000| Complete 
| 248|0x000000008f800000, 0x000000008f900000, 0x000000008f900000|100%| E|CS|TAMS 0x000000008f800000, 0x000000008f800000| Complete 
| 249|0x000000008f900000, 0x000000008fa00000, 0x000000008fa00000|100%| E|CS|TAMS 0x000000008f900000, 0x000000008f900000| Complete 
| 250|0x000000008fa00000, 0x000000008fb00000, 0x000000008fb00000|100%| E|  |TAMS 0x000000008fa00000, 0x000000008fa00000| Complete 
| 251|0x000000008fb00000, 0x000000008fc00000, 0x000000008fc00000|100%| E|CS|TAMS 0x000000008fb00000, 0x000000008fb00000| Complete 
| 252|0x000000008fc00000, 0x000000008fd00000, 0x000000008fd00000|100%| E|CS|TAMS 0x000000008fc00000, 0x000000008fc00000| Complete 
| 253|0x000000008fd00000, 0x000000008fe00000, 0x000000008fe00000|100%| E|CS|TAMS 0x000000008fd00000, 0x000000008fd00000| Complete 

Card table byte_map: [0x0000024716a40000,0x0000024716e40000] _byte_map_base: 0x0000024716640000

Marking Bits (Prev, Next): (CMBitMap*) 0x000002477da9e730, (CMBitMap*) 0x000002477da9e770
 Prev Bits: [0x0000024717240000, 0x0000024719240000)
 Next Bits: [0x0000024719240000, 0x000002471b240000)

Polling page: 0x000002477d870000

Metaspace:

Usage:
  Non-class:     82.48 MB used.
      Class:     13.41 MB used.
       Both:     95.89 MB used.

Virtual space:
  Non-class space:      128.00 MB reserved,      82.94 MB ( 65%) committed,  2 nodes.
      Class space:      416.00 MB reserved,      13.88 MB (  3%) committed,  1 nodes.
             Both:      544.00 MB reserved,      96.81 MB ( 18%) committed. 

Chunk freelists:
   Non-Class:  12.94 MB
       Class:  2.00 MB
        Both:  14.94 MB

MaxMetaspaceSize: 512.00 MB
CompressedClassSpaceSize: 416.00 MB
Initial GC threshold: 21.00 MB
Current GC threshold: 157.75 MB
CDS: on
MetaspaceReclaimPolicy: balanced
 - commit_granule_bytes: 65536.
 - commit_granule_words: 8192.
 - virtual_space_node_default_size: 8388608.
 - enlarge_chunks_in_place: 1.
 - new_chunks_are_fully_committed: 0.
 - uncommit_free_chunks: 1.
 - use_allocation_guard: 0.
 - handle_deallocations: 1.


Internal statistics:

num_allocs_failed_limit: 9.
num_arena_births: 1232.
num_arena_deaths: 0.
num_vsnodes_births: 3.
num_vsnodes_deaths: 0.
num_space_committed: 1549.
num_space_uncommitted: 0.
num_chunks_returned_to_freelist: 9.
num_chunks_taken_from_freelist: 5560.
num_chunk_merges: 9.
num_chunk_splits: 3583.
num_chunks_enlarged: 2280.
num_inconsistent_stats: 0.

CodeHeap 'non-profiled nmethods': size=120000Kb used=7838Kb max_used=8021Kb free=112161Kb
 bounds [0x000002470f510000, 0x000002470fcf0000, 0x0000024716a40000]
CodeHeap 'profiled nmethods': size=120000Kb used=24389Kb max_used=26630Kb free=95610Kb
 bounds [0x0000024707a40000, 0x0000024709450000, 0x000002470ef70000]
CodeHeap 'non-nmethods': size=5760Kb used=2439Kb max_used=2455Kb free=3320Kb
 bounds [0x000002470ef70000, 0x000002470f1e0000, 0x000002470f510000]
 total_blobs=13364 nmethods=12433 adapters=840
 compilation: enabled
              stopped_count=0, restarted_count=0
 full_count=0

Compilation events (20 events):
Event: 83.364 Thread 0x000002471d5dee90 nmethod 14868 0x000002470fbbff90 code [0x000002470fbc01c0, 0x000002470fbc11d8]
Event: 83.365 Thread 0x000002471d5dee90 14869       4       com.google.common.cache.LocalCache$EntryFactory$2::newEntry (12 bytes)
Event: 83.379 Thread 0x000002471d5dee90 nmethod 14869 0x000002470f743d10 code [0x000002470f743ea0, 0x000002470f744418]
Event: 83.379 Thread 0x000002471d5dee90 14864       4       org.gradle.internal.time.DefaultCountdownTimer::hasExpired (15 bytes)
Event: 83.383 Thread 0x000002471d5dee90 nmethod 14864 0x000002470fad3390 code [0x000002470fad3520, 0x000002470fad36f8]
Event: 83.383 Thread 0x000002471d5dee90 14870   !   4       com.google.common.cache.LocalCache::processPendingNotifications (47 bytes)
Event: 83.479 Thread 0x000002471d5dee90 nmethod 14870 0x000002470fb01010 code [0x000002470fb01220, 0x000002470fb023b0]
Event: 83.479 Thread 0x000002471d5dee90 14871       4       java.util.ArrayDeque::removeLast (19 bytes)
Event: 83.482 Thread 0x000002471d5dee90 nmethod 14871 0x000002470f743990 code [0x000002470f743b00, 0x000002470f743c18]
Event: 83.483 Thread 0x000002471d5dee90 14872       4       com.google.common.cache.LocalCache$Segment::newEntry (18 bytes)
Event: 83.498 Thread 0x000002471d5dee90 nmethod 14872 0x000002470fb00710 code [0x000002470fb008c0, 0x000002470fb00e98]
Event: 83.499 Thread 0x000002471d5dee90 14874       4       sun.nio.fs.WindowsFileAttributes::lastModifiedTime (8 bytes)
Event: 83.502 Thread 0x000002471d5dee90 nmethod 14874 0x000002470f677490 code [0x000002470f677620, 0x000002470f6777a8]
Event: 83.502 Thread 0x000002471d5dee90 14875   !   4       sun.nio.fs.WindowsFileAttributes::toFileTime (47 bytes)
Event: 83.505 Thread 0x000002471d5dee90 nmethod 14875 0x000002470f677010 code [0x000002470f6771a0, 0x000002470f677308]
Event: 83.505 Thread 0x000002471d5dee90 14873       4       org.gradle.internal.io.StreamByteBuffer$StreamByteBufferInputStream::read (8 bytes)
Event: 83.506 Thread 0x000002471d5dee90 nmethod 14873 0x000002470f743690 code [0x000002470f743820, 0x000002470f7438c8]
Event: 83.506 Thread 0x000002471d5dee90 14867       4       java.nio.file.attribute.FileTime::toMillis (98 bytes)
Event: 83.509 Thread 0x000002471d5dee90 nmethod 14867 0x000002470f676c10 code [0x000002470f676d80, 0x000002470f676eb8]
Event: 83.509 Thread 0x000002471d5dee90 14876       4       org.gradle.cache.internal.AsyncCacheAccessDecoratedCache$$Lambda$512/0x000002471f47e828::create (12 bytes)

GC Heap History (20 events):
Event: 71.333 GC heap before
{Heap before GC invocations=51 (full 0):
 garbage-first heap   total 211968K, used 162658K [0x0000000080000000, 0x0000000100000000)
  region size 1024K, 42 young (43008K), 1 survivors (1024K)
 Metaspace       used 88746K, committed 89600K, reserved 557056K
  class space    used 12496K, committed 12864K, reserved 425984K
}
Event: 71.349 GC heap after
{Heap after GC invocations=52 (full 0):
 garbage-first heap   total 211968K, used 132486K [0x0000000080000000, 0x0000000100000000)
  region size 1024K, 6 young (6144K), 6 survivors (6144K)
 Metaspace       used 88746K, committed 89600K, reserved 557056K
  class space    used 12496K, committed 12864K, reserved 425984K
}
Event: 71.536 GC heap before
{Heap before GC invocations=52 (full 0):
 garbage-first heap   total 211968K, used 136582K [0x0000000080000000, 0x0000000100000000)
  region size 1024K, 10 young (10240K), 6 survivors (6144K)
 Metaspace       used 88780K, committed 89600K, reserved 557056K
  class space    used 12497K, committed 12864K, reserved 425984K
}
Event: 71.556 GC heap after
{Heap after GC invocations=53 (full 0):
 garbage-first heap   total 211968K, used 133348K [0x0000000080000000, 0x0000000100000000)
  region size 1024K, 2 young (2048K), 2 survivors (2048K)
 Metaspace       used 88780K, committed 89600K, reserved 557056K
  class space    used 12497K, committed 12864K, reserved 425984K
}
Event: 72.439 GC heap before
{Heap before GC invocations=53 (full 0):
 garbage-first heap   total 211968K, used 150756K [0x0000000080000000, 0x0000000100000000)
  region size 1024K, 21 young (21504K), 2 survivors (2048K)
 Metaspace       used 88888K, committed 89792K, reserved 557056K
  class space    used 12509K, committed 12928K, reserved 425984K
}
Event: 72.452 GC heap after
{Heap after GC invocations=54 (full 0):
 garbage-first heap   total 254976K, used 135654K [0x0000000080000000, 0x0000000100000000)
  region size 1024K, 4 young (4096K), 4 survivors (4096K)
 Metaspace       used 88888K, committed 89792K, reserved 557056K
  class space    used 12509K, committed 12928K, reserved 425984K
}
Event: 74.255 GC heap before
{Heap before GC invocations=55 (full 0):
 garbage-first heap   total 254976K, used 191974K [0x0000000080000000, 0x0000000100000000)
  region size 1024K, 57 young (58368K), 4 survivors (4096K)
 Metaspace       used 91674K, committed 92608K, reserved 557056K
  class space    used 12891K, committed 13312K, reserved 425984K
}
Event: 74.278 GC heap after
{Heap after GC invocations=56 (full 0):
 garbage-first heap   total 254976K, used 144060K [0x0000000080000000, 0x0000000100000000)
  region size 1024K, 8 young (8192K), 8 survivors (8192K)
 Metaspace       used 91674K, committed 92608K, reserved 557056K
  class space    used 12891K, committed 13312K, reserved 425984K
}
Event: 74.367 GC heap before
{Heap before GC invocations=56 (full 0):
 garbage-first heap   total 254976K, used 147132K [0x0000000080000000, 0x0000000100000000)
  region size 1024K, 12 young (12288K), 8 survivors (8192K)
 Metaspace       used 91999K, committed 92864K, reserved 557056K
  class space    used 12965K, committed 13376K, reserved 425984K
}
Event: 74.380 GC heap after
{Heap after GC invocations=57 (full 0):
 garbage-first heap   total 254976K, used 144350K [0x0000000080000000, 0x0000000100000000)
  region size 1024K, 1 young (1024K), 1 survivors (1024K)
 Metaspace       used 91999K, committed 92864K, reserved 557056K
  class space    used 12965K, committed 13376K, reserved 425984K
}
Event: 76.563 GC heap before
{Heap before GC invocations=57 (full 0):
 garbage-first heap   total 254976K, used 197598K [0x0000000080000000, 0x0000000100000000)
  region size 1024K, 53 young (54272K), 1 survivors (1024K)
 Metaspace       used 95751K, committed 96640K, reserved 557056K
  class space    used 13449K, committed 13888K, reserved 425984K
}
Event: 76.577 GC heap after
{Heap after GC invocations=58 (full 0):
 garbage-first heap   total 254976K, used 148010K [0x0000000080000000, 0x0000000100000000)
  region size 1024K, 5 young (5120K), 5 survivors (5120K)
 Metaspace       used 95751K, committed 96640K, reserved 557056K
  class space    used 13449K, committed 13888K, reserved 425984K
}
Event: 78.617 GC heap before
{Heap before GC invocations=59 (full 0):
 garbage-first heap   total 260096K, used 200234K [0x0000000080000000, 0x0000000100000000)
  region size 1024K, 56 young (57344K), 5 survivors (5120K)
 Metaspace       used 96664K, committed 97664K, reserved 557056K
  class space    used 13541K, committed 14016K, reserved 425984K
}
Event: 78.648 GC heap after
{Heap after GC invocations=60 (full 0):
 garbage-first heap   total 260096K, used 153422K [0x0000000080000000, 0x0000000100000000)
  region size 1024K, 6 young (6144K), 6 survivors (6144K)
 Metaspace       used 96664K, committed 97664K, reserved 557056K
  class space    used 13541K, committed 14016K, reserved 425984K
}
Event: 78.829 GC heap before
{Heap before GC invocations=60 (full 0):
 garbage-first heap   total 260096K, used 159566K [0x0000000080000000, 0x0000000100000000)
  region size 1024K, 12 young (12288K), 6 survivors (6144K)
 Metaspace       used 96757K, committed 97728K, reserved 557056K
  class space    used 13551K, committed 14016K, reserved 425984K
}
Event: 78.852 GC heap after
{Heap after GC invocations=61 (full 0):
 garbage-first heap   total 260096K, used 154180K [0x0000000080000000, 0x0000000100000000)
  region size 1024K, 2 young (2048K), 2 survivors (2048K)
 Metaspace       used 96757K, committed 97728K, reserved 557056K
  class space    used 13551K, committed 14016K, reserved 425984K
}
Event: 80.840 GC heap before
{Heap before GC invocations=61 (full 0):
 garbage-first heap   total 260096K, used 205380K [0x0000000080000000, 0x0000000100000000)
  region size 1024K, 53 young (54272K), 2 survivors (2048K)
 Metaspace       used 97804K, committed 98752K, reserved 557056K
  class space    used 13683K, committed 14144K, reserved 425984K
}
Event: 80.860 GC heap after
{Heap after GC invocations=62 (full 0):
 garbage-first heap   total 260096K, used 158014K [0x0000000080000000, 0x0000000100000000)
  region size 1024K, 5 young (5120K), 5 survivors (5120K)
 Metaspace       used 97804K, committed 98752K, reserved 557056K
  class space    used 13683K, committed 14144K, reserved 425984K
}
Event: 82.887 GC heap before
{Heap before GC invocations=62 (full 0):
 garbage-first heap   total 260096K, used 209214K [0x0000000080000000, 0x0000000100000000)
  region size 1024K, 56 young (57344K), 5 survivors (5120K)
 Metaspace       used 98191K, committed 99136K, reserved 557056K
  class space    used 13732K, committed 14208K, reserved 425984K
}
Event: 82.907 GC heap after
{Heap after GC invocations=63 (full 0):
 garbage-first heap   total 260096K, used 162766K [0x0000000080000000, 0x0000000100000000)
  region size 1024K, 5 young (5120K), 5 survivors (5120K)
 Metaspace       used 98191K, committed 99136K, reserved 557056K
  class space    used 13732K, committed 14208K, reserved 425984K
}

Dll operation events (14 events):
Event: 0.024 Loaded shared library C:\Program Files\Microsoft\jdk-17.0.8.7-hotspot\bin\java.dll
Event: 0.068 Loaded shared library C:\Program Files\Microsoft\jdk-17.0.8.7-hotspot\bin\jsvml.dll
Event: 0.209 Loaded shared library C:\Program Files\Microsoft\jdk-17.0.8.7-hotspot\bin\zip.dll
Event: 0.215 Loaded shared library C:\Program Files\Microsoft\jdk-17.0.8.7-hotspot\bin\instrument.dll
Event: 0.226 Loaded shared library C:\Program Files\Microsoft\jdk-17.0.8.7-hotspot\bin\net.dll
Event: 0.229 Loaded shared library C:\Program Files\Microsoft\jdk-17.0.8.7-hotspot\bin\nio.dll
Event: 0.237 Loaded shared library C:\Program Files\Microsoft\jdk-17.0.8.7-hotspot\bin\zip.dll
Event: 0.723 Loaded shared library C:\Program Files\Microsoft\jdk-17.0.8.7-hotspot\bin\jimage.dll
Event: 0.907 Loaded shared library C:\Program Files\Microsoft\jdk-17.0.8.7-hotspot\bin\verify.dll
Event: 1.315 Loaded shared library C:\Users\vishvjeet\.gradle\native\68d5fa5c4cc2d200863cafc0d521ce42e7d3e7ee720ec0a83991735586a16f82\windows-amd64\native-platform.dll
Event: 1.340 Loaded shared library C:\Users\vishvjeet\.gradle\native\e376f236ea51e6404a007f0833ffe2c6e607c4080706a723a18a27aeea778392\windows-amd64\native-platform-file-events.dll
Event: 3.919 Loaded shared library C:\Program Files\Microsoft\jdk-17.0.8.7-hotspot\bin\management.dll
Event: 3.926 Loaded shared library C:\Program Files\Microsoft\jdk-17.0.8.7-hotspot\bin\management_ext.dll
Event: 5.945 Loaded shared library C:\Program Files\Microsoft\jdk-17.0.8.7-hotspot\bin\sunmscapi.dll

Deoptimization events (20 events):
Event: 81.872 Thread 0x000002473f30d0f0 Uncommon trap: trap_request=0xffffffc6 fr.pc=0x000002470fc7e240 relative=0x00000000000000a0
Event: 81.872 Thread 0x000002473f30d0f0 Uncommon trap: reason=bimorphic_or_optimized_type_check action=maybe_recompile pc=0x000002470fc7e240 method=org.gradle.execution.plan.ActionNode.hasPendingPreExecutionNodes()Z @ 11 c2
Event: 81.872 Thread 0x000002473f30d0f0 DEOPT PACKING pc=0x000002470fc7e240 sp=0x000000953a6fe750
Event: 81.872 Thread 0x000002473f30d0f0 DEOPT UNPACKING pc=0x000002470efc69a3 sp=0x000000953a6fe6d8 mode 2
Event: 81.909 Thread 0x000002473f30d0f0 Uncommon trap: trap_request=0xffffffc6 fr.pc=0x000002470fc7e240 relative=0x00000000000000a0
Event: 81.909 Thread 0x000002473f30d0f0 Uncommon trap: reason=bimorphic_or_optimized_type_check action=maybe_recompile pc=0x000002470fc7e240 method=org.gradle.execution.plan.ActionNode.hasPendingPreExecutionNodes()Z @ 11 c2
Event: 81.909 Thread 0x000002473f30d0f0 DEOPT PACKING pc=0x000002470fc7e240 sp=0x000000953a6fe750
Event: 81.909 Thread 0x000002473f30d0f0 DEOPT UNPACKING pc=0x000002470efc69a3 sp=0x000000953a6fe6d8 mode 2
Event: 81.993 Thread 0x000002473f30d0f0 Uncommon trap: trap_request=0xffffffc6 fr.pc=0x000002470fc7e240 relative=0x00000000000000a0
Event: 81.993 Thread 0x000002473f30d0f0 Uncommon trap: reason=bimorphic_or_optimized_type_check action=maybe_recompile pc=0x000002470fc7e240 method=org.gradle.execution.plan.ActionNode.hasPendingPreExecutionNodes()Z @ 11 c2
Event: 81.993 Thread 0x000002473f30d0f0 DEOPT PACKING pc=0x000002470fc7e240 sp=0x000000953a6fe750
Event: 81.993 Thread 0x000002473f30d0f0 DEOPT UNPACKING pc=0x000002470efc69a3 sp=0x000000953a6fe6d8 mode 2
Event: 81.995 Thread 0x000002473f30d0f0 Uncommon trap: trap_request=0xffffffc6 fr.pc=0x000002470fa44d3c relative=0x000000000000029c
Event: 81.996 Thread 0x000002473f30d0f0 Uncommon trap: reason=bimorphic_or_optimized_type_check action=maybe_recompile pc=0x000002470fa44d3c method=org.gradle.execution.plan.DefaultFinalizedExecutionPlan.tryLockProjectFor(Lorg/gradle/execution/plan/Node;Ljava/util/List;)Z @ 1 c2
Event: 81.996 Thread 0x000002473f30d0f0 DEOPT PACKING pc=0x000002470fa44d3c sp=0x000000953a6fe680
Event: 81.996 Thread 0x000002473f30d0f0 DEOPT UNPACKING pc=0x000002470efc69a3 sp=0x000000953a6fe5c8 mode 2
Event: 83.093 Thread 0x000002473d143060 Uncommon trap: trap_request=0xffffff45 fr.pc=0x000002470f9111c8 relative=0x0000000000000688
Event: 83.093 Thread 0x000002473d143060 Uncommon trap: reason=unstable_if action=reinterpret pc=0x000002470f9111c8 method=java.util.concurrent.ArrayBlockingQueue.dequeue()Ljava/lang/Object; @ 32 c2
Event: 83.093 Thread 0x000002473d143060 DEOPT PACKING pc=0x000002470f9111c8 sp=0x00000095388fee50
Event: 83.093 Thread 0x000002473d143060 DEOPT UNPACKING pc=0x000002470efc69a3 sp=0x00000095388fee30 mode 2

Classes unloaded (0 events):
No events

Classes redefined (0 events):
No events

Internal exceptions (20 events):
Event: 76.338 Thread 0x000002473f9c6bb0 Implicit null exception at 0x000002470fbc2f8a to 0x000002470fbc306a
Event: 76.399 Thread 0x000002473f9c6bb0 Implicit null exception at 0x000002470fbc4ac3 to 0x000002470fbc4b77
Event: 76.583 Thread 0x000002471d5c1320 Implicit null exception at 0x000002470fad357d to 0x000002470fad3cac
Event: 76.975 Thread 0x000002473f9c6bb0 Implicit null exception at 0x000002470fbdc5ce to 0x000002470fbdce68
Event: 77.488 Thread 0x000002473f9c6bb0 Exception <a 'java/lang/IncompatibleClassChangeError'{0x000000008ebe8320}: Found class java.lang.Object, but interface was expected> (0x000000008ebe8320) 
thrown [s\src\hotspot\share\interpreter\linkResolver.cpp, line 826]
Event: 77.753 Thread 0x000002473f9c6bb0 Exception <a 'sun/nio/fs/WindowsException'{0x000000008e20bab0}> (0x000000008e20bab0) 
thrown [s\src\hotspot\share\prims\jni.cpp, line 516]
Event: 77.754 Thread 0x000002473f9c6bb0 Exception <a 'sun/nio/fs/WindowsException'{0x000000008e20d100}> (0x000000008e20d100) 
thrown [s\src\hotspot\share\prims\jni.cpp, line 516]
Event: 77.754 Thread 0x000002473f9c6bb0 Exception <a 'sun/nio/fs/WindowsException'{0x000000008e20e7a0}> (0x000000008e20e7a0) 
thrown [s\src\hotspot\share\prims\jni.cpp, line 516]
Event: 77.755 Thread 0x000002473f9c6bb0 Exception <a 'sun/nio/fs/WindowsException'{0x000000008e20fe40}> (0x000000008e20fe40) 
thrown [s\src\hotspot\share\prims\jni.cpp, line 516]
Event: 79.503 Thread 0x000002473f308f20 Exception <a 'java/lang/NoSuchMethodError'{0x000000008e6a2c08}: 'void java.lang.invoke.DirectMethodHandle$Holder.invokeStatic(java.lang.Object, java.lang.Object, java.lang.Object, java.lang.Object, int, java.lang.Object, java.lang.Object)'> (0x000000008e6a2c08) 
thrown [s\src\hotspot\share\interpreter\linkResolver.cpp, line 759]
Event: 79.564 Thread 0x0000024743b79570 Exception <a 'java/lang/NoSuchMethodError'{0x000000008e420038}: 'java.lang.Object java.lang.invoke.DirectMethodHandle$Holder.invokeSpecialIFC(java.lang.Object, java.lang.Object, java.lang.Object)'> (0x000000008e420038) 
thrown [s\src\hotspot\share\interpreter\linkResolver.cpp, line 759]
Event: 79.569 Thread 0x0000024743b79060 Exception <a 'java/lang/NoSuchMethodError'{0x000000008e57fa68}: 'java.lang.Object java.lang.invoke.DirectMethodHandle$Holder.invokeSpecialIFC(java.lang.Object, java.lang.Object, java.lang.Object)'> (0x000000008e57fa68) 
thrown [s\src\hotspot\share\interpreter\linkResolver.cpp, line 759]
Event: 79.874 Thread 0x0000024743b7b3d0 Exception <a 'java/lang/NoSuchMethodError'{0x000000008de95ae8}: 'void java.lang.invoke.DirectMethodHandle$Holder.invokeVirtual(java.lang.Object, java.lang.Object)'> (0x000000008de95ae8) 
thrown [s\src\hotspot\share\interpreter\linkResolver.cpp, line 759]
Event: 81.675 Thread 0x000002473f309e50 Exception <a 'java/lang/ClassNotFoundException'{0x000000008e80f820}: groovy/util/FileTreeBuilderBeanInfo> (0x000000008e80f820) 
thrown [s\src\hotspot\share\classfile\systemDictionary.cpp, line 256]
Event: 81.678 Thread 0x000002473f309e50 Exception <a 'java/lang/ClassNotFoundException'{0x000000008e871a20}: groovy/util/FileTreeBuilderCustomizer> (0x000000008e871a20) 
thrown [s\src\hotspot\share\classfile\systemDictionary.cpp, line 256]
Event: 81.698 Thread 0x000002473f309e50 Exception <a 'java/lang/ClassNotFoundException'{0x000000008e8a92f8}: java/io/BufferedWriterBeanInfo> (0x000000008e8a92f8) 
thrown [s\src\hotspot\share\classfile\systemDictionary.cpp, line 256]
Event: 81.698 Thread 0x000002473f309e50 Exception <a 'java/lang/ClassNotFoundException'{0x000000008e8ae948}: java/io/WriterBeanInfo> (0x000000008e8ae948) 
thrown [s\src\hotspot\share\classfile\systemDictionary.cpp, line 256]
Event: 81.701 Thread 0x000002473f309e50 Exception <a 'java/lang/ClassNotFoundException'{0x000000008e8b4010}: java/io/WriterCustomizer> (0x000000008e8b4010) 
thrown [s\src\hotspot\share\classfile\systemDictionary.cpp, line 256]
Event: 81.702 Thread 0x000002473f309e50 Exception <a 'java/lang/ClassNotFoundException'{0x000000008e8c2540}: java/io/BufferedWriterCustomizer> (0x000000008e8c2540) 
thrown [s\src\hotspot\share\classfile\systemDictionary.cpp, line 256]
Event: 81.800 Thread 0x000002473f309e50 Exception <a 'java/lang/NoSuchMethodError'{0x000000008e7523b0}: static Lcom/android/build/api/variant/BuildConfigField;.<clinit>()V> (0x000000008e7523b0) 
thrown [s\src\hotspot\share\prims\jni.cpp, line 1107]

VM Operations (20 events):
Event: 79.591 Executing VM operation: HandshakeAllThreads
Event: 79.591 Executing VM operation: HandshakeAllThreads done
Event: 79.597 Executing VM operation: HandshakeAllThreads
Event: 79.597 Executing VM operation: HandshakeAllThreads done
Event: 80.289 Executing VM operation: ICBufferFull
Event: 80.289 Executing VM operation: ICBufferFull done
Event: 80.840 Executing VM operation: G1CollectForAllocation
Event: 80.864 Executing VM operation: G1CollectForAllocation done
Event: 81.573 Executing VM operation: HandshakeAllThreads
Event: 81.585 Executing VM operation: HandshakeAllThreads done
Event: 81.608 Executing VM operation: ICBufferFull
Event: 81.609 Executing VM operation: ICBufferFull done
Event: 81.659 Executing VM operation: HandshakeAllThreads
Event: 81.659 Executing VM operation: HandshakeAllThreads done
Event: 81.783 Executing VM operation: HandshakeAllThreads
Event: 81.783 Executing VM operation: HandshakeAllThreads done
Event: 81.887 Executing VM operation: ICBufferFull
Event: 81.889 Executing VM operation: ICBufferFull done
Event: 82.887 Executing VM operation: G1CollectForAllocation
Event: 82.907 Executing VM operation: G1CollectForAllocation done

Events (20 events):
Event: 81.832 Thread 0x000002471d5fb8a0 flushing nmethod 0x00000247092a6510
Event: 81.832 Thread 0x000002471d5fb8a0 flushing nmethod 0x00000247092a6890
Event: 81.832 Thread 0x000002471d5fb8a0 flushing nmethod 0x00000247092a7090
Event: 81.832 Thread 0x000002471d5fb8a0 flushing nmethod 0x00000247092a7d10
Event: 81.832 Thread 0x000002471d5fb8a0 flushing nmethod 0x00000247092a8310
Event: 81.832 Thread 0x000002471d5fb8a0 flushing nmethod 0x00000247092a8690
Event: 81.832 Thread 0x000002471d5fb8a0 flushing nmethod 0x00000247092a8b90
Event: 81.832 Thread 0x000002471d5fb8a0 flushing nmethod 0x00000247092a9b90
Event: 81.832 Thread 0x000002471d5fb8a0 flushing nmethod 0x00000247092aa790
Event: 81.832 Thread 0x000002471d5fb8a0 flushing nmethod 0x00000247092bf490
Event: 81.832 Thread 0x000002471d5fb8a0 flushing nmethod 0x00000247092c1b90
Event: 81.832 Thread 0x000002471d5fb8a0 flushing nmethod 0x00000247092c2310
Event: 81.832 Thread 0x000002471d5fb8a0 flushing nmethod 0x00000247092c2690
Event: 81.832 Thread 0x000002471d5fb8a0 flushing nmethod 0x00000247092ca490
Event: 81.832 Thread 0x000002471d5fb8a0 flushing nmethod 0x00000247092cbb90
Event: 81.832 Thread 0x000002471d5fb8a0 flushing nmethod 0x00000247092ccd10
Event: 81.832 Thread 0x000002471d5fb8a0 flushing nmethod 0x000002470930a110
Event: 81.833 Thread 0x000002471d5fb8a0 flushing nmethod 0x0000024709383890
Event: 81.833 Thread 0x000002471d5fb8a0 flushing nmethod 0x000002470939c510
Event: 81.833 Thread 0x000002471d5fb8a0 flushing nmethod 0x000002470939f190


Dynamic libraries:
0x00007ff74d540000 - 0x00007ff74d54e000 	C:\Program Files\Microsoft\jdk-17.0.8.7-hotspot\bin\java.exe
0x00007ffe1f2d0000 - 0x00007ffe1f4c8000 	C:\Windows\SYSTEM32\ntdll.dll
0x00007ffe1df20000 - 0x00007ffe1dfdd000 	C:\Windows\System32\KERNEL32.DLL
0x00007ffe1c9b0000 - 0x00007ffe1cca6000 	C:\Windows\System32\KERNELBASE.dll
0x00007ffe1cfe0000 - 0x00007ffe1d0e0000 	C:\Windows\System32\ucrtbase.dll
0x00007ffdf56f0000 - 0x00007ffdf5707000 	C:\Program Files\Microsoft\jdk-17.0.8.7-hotspot\bin\jli.dll
0x00007ffe1e3a0000 - 0x00007ffe1e53e000 	C:\Windows\System32\USER32.dll
0x00007ffe1cd30000 - 0x00007ffe1cd52000 	C:\Windows\System32\win32u.dll
0x00007ffe1d620000 - 0x00007ffe1d64c000 	C:\Windows\System32\GDI32.dll
0x00007ffe1cd60000 - 0x00007ffe1ce7a000 	C:\Windows\System32\gdi32full.dll
0x00007ffdf5300000 - 0x00007ffdf531b000 	C:\Program Files\Microsoft\jdk-17.0.8.7-hotspot\bin\VCRUNTIME140.dll
0x00007ffe0efb0000 - 0x00007ffe0f24a000 	C:\Windows\WinSxS\amd64_microsoft.windows.common-controls_6595b64144ccf1df_6.0.19041.3636_none_60b6a03d71f818d5\COMCTL32.dll
0x00007ffe1d0e0000 - 0x00007ffe1d17d000 	C:\Windows\System32\msvcp_win.dll
0x00007ffe1eb30000 - 0x00007ffe1ebce000 	C:\Windows\System32\msvcrt.dll
0x00007ffe1f200000 - 0x00007ffe1f230000 	C:\Windows\System32\IMM32.DLL
0x00007ffe00d40000 - 0x00007ffe00d4c000 	C:\Program Files\Microsoft\jdk-17.0.8.7-hotspot\bin\vcruntime140_1.dll
0x00007ffded470000 - 0x00007ffded4fd000 	C:\Program Files\Microsoft\jdk-17.0.8.7-hotspot\bin\msvcp140.dll
0x00007ffddc260000 - 0x00007ffddcec5000 	C:\Program Files\Microsoft\jdk-17.0.8.7-hotspot\bin\server\jvm.dll
0x00007ffe1ea80000 - 0x00007ffe1eb2f000 	C:\Windows\System32\ADVAPI32.dll
0x00007ffe1d330000 - 0x00007ffe1d3cc000 	C:\Windows\System32\sechost.dll
0x00007ffe1d4f0000 - 0x00007ffe1d616000 	C:\Windows\System32\RPCRT4.dll
0x00007ffe1c530000 - 0x00007ffe1c57b000 	C:\Windows\SYSTEM32\POWRPROF.dll
0x00007ffdff7b0000 - 0x00007ffdff7b9000 	C:\Windows\SYSTEM32\WSOCK32.dll
0x00007ffe14960000 - 0x00007ffe14987000 	C:\Windows\SYSTEM32\WINMM.dll
0x00007ffe1e330000 - 0x00007ffe1e39b000 	C:\Windows\System32\WS2_32.dll
0x00007ffe14950000 - 0x00007ffe1495a000 	C:\Windows\SYSTEM32\VERSION.dll
0x00007ffe1c510000 - 0x00007ffe1c522000 	C:\Windows\SYSTEM32\UMPDC.dll
0x00007ffe1b200000 - 0x00007ffe1b212000 	C:\Windows\SYSTEM32\kernel.appcore.dll
0x00007ffdfec80000 - 0x00007ffdfec8a000 	C:\Program Files\Microsoft\jdk-17.0.8.7-hotspot\bin\jimage.dll
0x00007ffe1aff0000 - 0x00007ffe1b1d4000 	C:\Windows\SYSTEM32\DBGHELP.DLL
0x00007ffe04af0000 - 0x00007ffe04b24000 	C:\Windows\SYSTEM32\dbgcore.DLL
0x00007ffe1d2a0000 - 0x00007ffe1d322000 	C:\Windows\System32\bcryptPrimitives.dll
0x00007ffdfe040000 - 0x00007ffdfe04e000 	C:\Program Files\Microsoft\jdk-17.0.8.7-hotspot\bin\instrument.dll
0x00007ffdf1c10000 - 0x00007ffdf1c35000 	C:\Program Files\Microsoft\jdk-17.0.8.7-hotspot\bin\java.dll
0x00007ffdecec0000 - 0x00007ffdecf97000 	C:\Program Files\Microsoft\jdk-17.0.8.7-hotspot\bin\jsvml.dll
0x00007ffe1d730000 - 0x00007ffe1de75000 	C:\Windows\System32\SHELL32.dll
0x00007ffe1a710000 - 0x00007ffe1aeab000 	C:\Windows\SYSTEM32\windows.storage.dll
0x00007ffe1e670000 - 0x00007ffe1e9c4000 	C:\Windows\System32\combase.dll
0x00007ffe1c380000 - 0x00007ffe1c3ad000 	C:\Windows\SYSTEM32\Wldp.dll
0x00007ffe1e9d0000 - 0x00007ffe1ea7d000 	C:\Windows\System32\SHCORE.dll
0x00007ffe1deb0000 - 0x00007ffe1df05000 	C:\Windows\System32\shlwapi.dll
0x00007ffe1c8e0000 - 0x00007ffe1c905000 	C:\Windows\SYSTEM32\profapi.dll
0x00007ffdf2580000 - 0x00007ffdf2598000 	C:\Program Files\Microsoft\jdk-17.0.8.7-hotspot\bin\zip.dll
0x00007ffdf5270000 - 0x00007ffdf5289000 	C:\Program Files\Microsoft\jdk-17.0.8.7-hotspot\bin\net.dll
0x00007ffe12100000 - 0x00007ffe1220a000 	C:\Windows\SYSTEM32\WINHTTP.dll
0x00007ffe1c080000 - 0x00007ffe1c0ea000 	C:\Windows\system32\mswsock.dll
0x00007ffdf32a0000 - 0x00007ffdf32b6000 	C:\Program Files\Microsoft\jdk-17.0.8.7-hotspot\bin\nio.dll
0x00007ffe16410000 - 0x00007ffe16420000 	C:\Program Files\Microsoft\jdk-17.0.8.7-hotspot\bin\verify.dll
0x00007ffdf9630000 - 0x00007ffdf9657000 	C:\Users\vishvjeet\.gradle\native\68d5fa5c4cc2d200863cafc0d521ce42e7d3e7ee720ec0a83991735586a16f82\windows-amd64\native-platform.dll
0x00007ffdedf90000 - 0x00007ffdee0d4000 	C:\Users\vishvjeet\.gradle\native\e376f236ea51e6404a007f0833ffe2c6e607c4080706a723a18a27aeea778392\windows-amd64\native-platform-file-events.dll
0x00007ffdfeb70000 - 0x00007ffdfeb79000 	C:\Program Files\Microsoft\jdk-17.0.8.7-hotspot\bin\management.dll
0x00007ffdfe840000 - 0x00007ffdfe84b000 	C:\Program Files\Microsoft\jdk-17.0.8.7-hotspot\bin\management_ext.dll
0x00007ffe1df10000 - 0x00007ffe1df18000 	C:\Windows\System32\PSAPI.DLL
0x00007ffe1c2e0000 - 0x00007ffe1c2f8000 	C:\Windows\SYSTEM32\CRYPTSP.dll
0x00007ffe1b9b0000 - 0x00007ffe1b9e4000 	C:\Windows\system32\rsaenh.dll
0x00007ffe1ccb0000 - 0x00007ffe1ccd7000 	C:\Windows\System32\bcrypt.dll
0x00007ffe1c860000 - 0x00007ffe1c88e000 	C:\Windows\SYSTEM32\USERENV.dll
0x00007ffe1c2d0000 - 0x00007ffe1c2dc000 	C:\Windows\SYSTEM32\CRYPTBASE.dll
0x00007ffe1bd70000 - 0x00007ffe1bdab000 	C:\Windows\SYSTEM32\IPHLPAPI.DLL
0x00007ffe1de80000 - 0x00007ffe1de88000 	C:\Windows\System32\NSI.dll
0x00007ffe12480000 - 0x00007ffe12497000 	C:\Windows\SYSTEM32\dhcpcsvc6.DLL
0x00007ffe124e0000 - 0x00007ffe124fd000 	C:\Windows\SYSTEM32\dhcpcsvc.DLL
0x00007ffe1bdb0000 - 0x00007ffe1be7a000 	C:\Windows\SYSTEM32\DNSAPI.dll
0x00007ffdfe610000 - 0x00007ffdfe61e000 	C:\Program Files\Microsoft\jdk-17.0.8.7-hotspot\bin\sunmscapi.dll
0x00007ffe1ce80000 - 0x00007ffe1cfdd000 	C:\Windows\System32\CRYPT32.dll
0x00007ffe1c3f0000 - 0x00007ffe1c417000 	C:\Windows\SYSTEM32\ncrypt.dll
0x00007ffe1c3b0000 - 0x00007ffe1c3eb000 	C:\Windows\SYSTEM32\NTASN1.dll
0x00007ffdfe4b0000 - 0x00007ffdfe4b7000 	C:\Windows\system32\wshunix.dll
0x00007ffdfe890000 - 0x00007ffdfe8a7000 	C:\Windows\system32\napinsp.dll
0x00007ffdfc320000 - 0x00007ffdfc33b000 	C:\Windows\system32\pnrpnsp.dll
0x00007ffe178d0000 - 0x00007ffe178e5000 	C:\Windows\system32\wshbth.dll
0x00007ffe17fb0000 - 0x00007ffe17fcd000 	C:\Windows\system32\NLAapi.dll
0x00007ffdfc040000 - 0x00007ffdfc052000 	C:\Windows\System32\winrnr.dll
0x00007ffe14930000 - 0x00007ffe1493a000 	C:\Windows\System32\rasadhlp.dll
0x00007ffe10810000 - 0x00007ffe10890000 	C:\Windows\System32\fwpuclnt.dll

dbghelp: loaded successfully - version: 4.0.5 - missing functions: none
symbol engine: initialized successfully - sym options: 0x614 - pdb path: .;C:\Program Files\Microsoft\jdk-17.0.8.7-hotspot\bin;C:\Windows\SYSTEM32;C:\Windows\WinSxS\amd64_microsoft.windows.common-controls_6595b64144ccf1df_6.0.19041.3636_none_60b6a03d71f818d5;C:\Program Files\Microsoft\jdk-17.0.8.7-hotspot\bin\server;C:\Users\vishvjeet\.gradle\native\68d5fa5c4cc2d200863cafc0d521ce42e7d3e7ee720ec0a83991735586a16f82\windows-amd64;C:\Users\vishvjeet\.gradle\native\e376f236ea51e6404a007f0833ffe2c6e607c4080706a723a18a27aeea778392\windows-amd64

VM Arguments:
jvm_args: -XX:MaxMetaspaceSize=512m --add-opens=java.base/java.util=ALL-UNNAMED --add-opens=java.base/java.lang=ALL-UNNAMED --add-opens=java.base/java.lang.invoke=ALL-UNNAMED --add-opens=java.prefs/java.util.prefs=ALL-UNNAMED --add-opens=java.base/java.nio.charset=ALL-UNNAMED --add-opens=java.base/java.net=ALL-UNNAMED --add-opens=java.base/java.util.concurrent.atomic=ALL-UNNAMED -Xmx2048m -Dfile.encoding=windows-1252 -Duser.country=IN -Duser.language=en -Duser.variant -javaagent:C:\Users\vishvjeet\.gradle\wrapper\dists\gradle-8.3-all\6en3ugtfdg5xnpx44z4qbwgas\gradle-8.3\lib\agents\gradle-instrumentation-agent-8.3.jar 
java_command: org.gradle.launcher.daemon.bootstrap.GradleDaemon 8.3
java_class_path (initial): C:\Users\vishvjeet\.gradle\wrapper\dists\gradle-8.3-all\6en3ugtfdg5xnpx44z4qbwgas\gradle-8.3\lib\gradle-launcher-8.3.jar
Launcher Type: SUN_STANDARD

[Global flags]
     intx CICompilerCount                          = 3                                         {product} {ergonomic}
   size_t CompressedClassSpaceSize                 = 436207616                                 {product} {ergonomic}
     uint ConcGCThreads                            = 1                                         {product} {ergonomic}
     uint G1ConcRefinementThreads                  = 4                                         {product} {ergonomic}
   size_t G1HeapRegionSize                         = 1048576                                   {product} {ergonomic}
    uintx GCDrainStackTargetSize                   = 64                                        {product} {ergonomic}
   size_t InitialHeapSize                          = 117440512                                 {product} {ergonomic}
   size_t MarkStackSize                            = 4194304                                   {product} {ergonomic}
   size_t MaxHeapSize                              = 2147483648                                {product} {command line}
   size_t MaxMetaspaceSize                         = 536870912                                 {product} {command line}
   size_t MaxNewSize                               = 1287651328                                {product} {ergonomic}
   size_t MinHeapDeltaBytes                        = 1048576                                   {product} {ergonomic}
   size_t MinHeapSize                              = 8388608                                   {product} {ergonomic}
    uintx NonNMethodCodeHeapSize                   = 5832780                                {pd product} {ergonomic}
    uintx NonProfiledCodeHeapSize                  = 122912730                              {pd product} {ergonomic}
    uintx ProfiledCodeHeapSize                     = 122912730                              {pd product} {ergonomic}
    uintx ReservedCodeCacheSize                    = 251658240                              {pd product} {ergonomic}
     bool SegmentedCodeCache                       = true                                      {product} {ergonomic}
   size_t SoftMaxHeapSize                          = 2147483648                             {manageable} {ergonomic}
     bool UseCompressedClassPointers               = true                           {product lp64_product} {ergonomic}
     bool UseCompressedOops                        = true                           {product lp64_product} {ergonomic}
     bool UseG1GC                                  = true                                      {product} {ergonomic}
     bool UseLargePagesIndividualAllocation        = false                                  {pd product} {ergonomic}

Logging:
Log output configuration:
 #0: stdout all=warning uptime,level,tags
 #1: stderr all=off uptime,level,tags

Environment Variables:
JAVA_HOME=C:\Program Files\Microsoft\jdk-17.0.8.7-hotspot\
CLASSPATH=C:\Users\vishvjeet\Desktop\ReactNative\SecondProject\Milan\android\\gradle\wrapper\gradle-wrapper.jar
PATH=C:\Users\vishvjeet\Desktop\ReactNative\SecondProject\Milan\node_modules\.bin;C:\Users\vishvjeet\Desktop\ReactNative\SecondProject\Milan\node_modules\.bin;C:\Users\vishvjeet\Desktop\ReactNative\SecondProject\node_modules\.bin;C:\Users\vishvjeet\Desktop\ReactNative\node_modules\.bin;C:\Users\vishvjeet\Desktop\node_modules\.bin;C:\Users\vishvjeet\node_modules\.bin;C:\Users\node_modules\.bin;C:\node_modules\.bin;C:\Users\vishvjeet\AppData\Roaming\npm\node_modules\npm\node_modules\@npmcli\run-script\lib\node-gyp-bin;C:\Users\vishvjeet\Desktop\ReactNative\SecondProject\Milan\node_modules\.bin;C:\Users\vishvjeet\Desktop\ReactNative\SecondProject\node_modules\.bin;C:\Users\vishvjeet\Desktop\ReactNative\node_modules\.bin;C:\Users\vishvjeet\Desktop\node_modules\.bin;C:\Users\vishvjeet\node_modules\.bin;C:\Users\node_modules\.bin;C:\node_modules\.bin;C:\Users\vishvjeet\AppData\Roaming\npm\node_modules\npm\node_modules\@npmcli\run-script\lib\node-gyp-bin;C:\Program Files\Microsoft\jdk-17.0.8.7-hotspot\bin;C:\Program Files\Microsoft\jdk-11.0.20.8-hotspot\bin;C:\Program Files\OpenLogic\jdk-11.0.21.9-hotspot\bin;C:\Python311\Scripts\;C:\Python311\;C:\Windows\system32;C:\Windows;C:\Windows\System32\Wbem;C:\Windows\System32\WindowsPowerShell\v1.0\;C:\Windows\System32\OpenSSH\;C:\Program Files\Microsoft SQL Server\150\Tools\Binn\;C:\Program Files\Microsoft SQL Server\Client SDK\ODBC\170\Tools\Binn\;C:\Program Files (x86)\Microsoft SQL Server\160\DTS\Binn\;C:\Program Files\Azure Data Studio\bin;C:\Program Files (x86)\Microsoft SQL Server\160\Tools\Binn\;C:\Program Files\Microsoft SQL Server\160\Tools\Binn\;C:\Program Files\Microsoft SQL Server\160\DTS\Binn\;C:\ProgramData\chocolatey\bin;C:\Program Files\dotnet\;C:\Program Files\nodejs\;C:\Users\vishvjeet\AppData\Local\Android\Sdk;C:\Users\vishvjeet\AppData\Local\Android\Sdk\platform-tools;C:\Users\vishvjeet\AppData\Local\Microsoft\WindowsApps;C:\Program Files\Azure Data Studio\bin;C:\Users\vishvjeet\AppData\Local\GitHubD
USERNAME=vishvjeet
LANG=en_US.UTF-8
OS=Windows_NT
PROCESSOR_IDENTIFIER=AMD64 Family 22 Model 48 Stepping 1, AuthenticAMD
TMP=C:\Users\VISHVJ~1\AppData\Local\Temp
TEMP=C:\Users\VISHVJ~1\AppData\Local\Temp



---------------  S Y S T E M  ---------------

OS:
 Windows 10 , 64 bit Build 19041 (10.0.19041.3636)
OS uptime: 5 days 18:01 hours

CPU: total 4 (initial active 4) (4 cores per cpu, 1 threads per core) family 22 model 48 stepping 1 microcode 0x0, cx8, cmov, fxsr, mmx, 3dnowpref, sse, sse2, sse3, ssse3, sse4a, sse4.1, sse4.2, popcnt, lzcnt, tsc, tscinvbit, avx, aes, clmul, bmi1, vzeroupper, clflush
Processor Information for all 4 processors :
  Max Mhz: 2000, Current Mhz: 2000, Mhz Limit: 2000

Memory: 4k page, system-wide physical 7128M (2496M free)
TotalPageFile size 17368M (AvailPageFile size 10445M)
current process WorkingSet (physical memory assigned to process): 549M, peak: 553M
current process commit charge ("private bytes"): 587M, peak: 592M

vm_info: OpenJDK 64-Bit Server VM (17.0.8+7-LTS) for windows-amd64 JRE (17.0.8+7-LTS), built on Jul  7 2023 17:21:55 by "MicrosoftCorporation" with MS VC++ 16.10 / 16.11 (VS2019)

END.
